<?xml version="1.0" encoding="UTF-8" ?>
<testsuite failures="1" time="0.279" errors="0" skipped="0" tests="1" name="com.ascend.tmn.scouter.AppTests">
  <properties>
    <property name="java.runtime.name" value="Java(TM) SE Runtime Environment"/>
    <property name="sun.boot.library.path" value="/Library/Java/JavaVirtualMachines/jdk1.7.0_72.jdk/Contents/Home/jre/lib"/>
    <property name="java.vm.version" value="24.72-b04"/>
    <property name="user.country.format" value="TH"/>
    <property name="gopherProxySet" value="false"/>
    <property name="java.vm.vendor" value="Oracle Corporation"/>
    <property name="java.vendor.url" value="http://java.oracle.com/"/>
    <property name="path.separator" value=":"/>
    <property name="guice.disable.misplaced.annotation.check" value="true"/>
    <property name="java.vm.name" value="Java HotSpot(TM) 64-Bit Server VM"/>
    <property name="file.encoding.pkg" value="sun.io"/>
    <property name="user.country" value="US"/>
    <property name="sun.java.launcher" value="SUN_STANDARD"/>
    <property name="sun.os.patch.level" value="unknown"/>
    <property name="java.vm.specification.name" value="Java Virtual Machine Specification"/>
    <property name="user.dir" value="/Users/keerati/Documents/untitled1"/>
    <property name="java.runtime.version" value="1.7.0_72-b14"/>
    <property name="java.awt.graphicsenv" value="sun.awt.CGraphicsEnvironment"/>
    <property name="java.endorsed.dirs" value="/Library/Java/JavaVirtualMachines/jdk1.7.0_72.jdk/Contents/Home/jre/lib/endorsed"/>
    <property name="os.arch" value="x86_64"/>
    <property name="java.io.tmpdir" value="/var/folders/yc/y3nx_9rs1mbf61dzft4bz2680000gn/T/"/>
    <property name="line.separator" value="
"/>
    <property name="java.vm.specification.vendor" value="Oracle Corporation"/>
    <property name="os.name" value="Mac OS X"/>
    <property name="classworlds.conf" value="/usr/local/apache-maven-3.2.5/bin/m2.conf"/>
    <property name="sun.jnu.encoding" value="UTF-8"/>
    <property name="java.library.path" value="/Users/keerati/Library/Java/Extensions:/Library/Java/Extensions:/Network/Library/Java/Extensions:/System/Library/Java/Extensions:/usr/lib/java:."/>
    <property name="java.specification.name" value="Java Platform API Specification"/>
    <property name="java.class.version" value="51.0"/>
    <property name="sun.management.compiler" value="HotSpot 64-Bit Tiered Compilers"/>
    <property name="os.version" value="10.10.3"/>
    <property name="user.home" value="/Users/keerati"/>
    <property name="user.timezone" value="Asia/Bangkok"/>
    <property name="java.awt.printerjob" value="sun.lwawt.macosx.CPrinterJob"/>
    <property name="java.specification.version" value="1.7"/>
    <property name="file.encoding" value="UTF-8"/>
    <property name="user.name" value="keerati"/>
    <property name="java.class.path" value="/usr/local/apache-maven-3.2.5/boot/plexus-classworlds-2.5.2.jar"/>
    <property name="java.vm.specification.version" value="1.7"/>
    <property name="sun.arch.data.model" value="64"/>
    <property name="java.home" value="/Library/Java/JavaVirtualMachines/jdk1.7.0_72.jdk/Contents/Home/jre"/>
    <property name="sun.java.command" value="org.codehaus.plexus.classworlds.launcher.Launcher clean install"/>
    <property name="java.specification.vendor" value="Oracle Corporation"/>
    <property name="user.language" value="en"/>
    <property name="awt.toolkit" value="sun.lwawt.macosx.LWCToolkit"/>
    <property name="java.vm.info" value="mixed mode"/>
    <property name="java.version" value="1.7.0_72"/>
    <property name="java.ext.dirs" value="/Users/keerati/Library/Java/Extensions:/Library/Java/JavaVirtualMachines/jdk1.7.0_72.jdk/Contents/Home/jre/lib/ext:/Library/Java/Extensions:/Network/Library/Java/Extensions:/System/Library/Java/Extensions:/usr/lib/java"/>
    <property name="sun.boot.class.path" value="/Library/Java/JavaVirtualMachines/jdk1.7.0_72.jdk/Contents/Home/jre/lib/resources.jar:/Library/Java/JavaVirtualMachines/jdk1.7.0_72.jdk/Contents/Home/jre/lib/rt.jar:/Library/Java/JavaVirtualMachines/jdk1.7.0_72.jdk/Contents/Home/jre/lib/sunrsasign.jar:/Library/Java/JavaVirtualMachines/jdk1.7.0_72.jdk/Contents/Home/jre/lib/jsse.jar:/Library/Java/JavaVirtualMachines/jdk1.7.0_72.jdk/Contents/Home/jre/lib/jce.jar:/Library/Java/JavaVirtualMachines/jdk1.7.0_72.jdk/Contents/Home/jre/lib/charsets.jar:/Library/Java/JavaVirtualMachines/jdk1.7.0_72.jdk/Contents/Home/jre/lib/jfr.jar:/Library/Java/JavaVirtualMachines/jdk1.7.0_72.jdk/Contents/Home/jre/classes"/>
    <property name="java.vendor" value="Oracle Corporation"/>
    <property name="maven.home" value="/usr/local/apache-maven-3.2.5"/>
    <property name="file.separator" value="/"/>
    <property name="java.vendor.url.bug" value="http://bugreport.sun.com/bugreport/"/>
    <property name="sun.cpu.endian" value="little"/>
    <property name="sun.io.unicode.encoding" value="UnicodeBig"/>
    <property name="sun.cpu.isalist" value=""/>
  </properties>
  <testcase time="0.279" classname="com.ascend.tmn.scouter.AppTests" name="simple">
    <failure message="View name expected:&lt;hello&gt; but was:&lt;index&gt;" type="java.lang.AssertionError">java.lang.AssertionError: View name expected:&lt;hello&gt; but was:&lt;index&gt;
	at org.springframework.test.util.AssertionErrors.fail(AssertionErrors.java:60)
	at org.springframework.test.util.AssertionErrors.assertEquals(AssertionErrors.java:89)
	at org.springframework.test.web.servlet.result.ViewResultMatchers$2.match(ViewResultMatchers.java:65)
	at org.springframework.test.web.servlet.MockMvc$1.andExpect(MockMvc.java:153)
	at com.ascend.tmn.scouter.AppTests.simple(AppTests.java:35)
	at sun.reflect.NativeMethodAccessorImpl.invoke0(Native Method)
	at sun.reflect.NativeMethodAccessorImpl.invoke(NativeMethodAccessorImpl.java:57)
	at sun.reflect.DelegatingMethodAccessorImpl.invoke(DelegatingMethodAccessorImpl.java:43)
	at java.lang.reflect.Method.invoke(Method.java:606)
	at org.junit.runners.model.FrameworkMethod$1.runReflectiveCall(FrameworkMethod.java:47)
	at org.junit.internal.runners.model.ReflectiveCallable.run(ReflectiveCallable.java:12)
	at org.junit.runners.model.FrameworkMethod.invokeExplosively(FrameworkMethod.java:44)
	at org.junit.internal.runners.statements.InvokeMethod.evaluate(InvokeMethod.java:17)
	at org.junit.internal.runners.statements.RunBefores.evaluate(RunBefores.java:26)
	at org.springframework.test.context.junit4.statements.RunBeforeTestMethodCallbacks.evaluate(RunBeforeTestMethodCallbacks.java:72)
	at org.springframework.test.context.junit4.statements.RunAfterTestMethodCallbacks.evaluate(RunAfterTestMethodCallbacks.java:81)
	at org.springframework.test.context.junit4.statements.SpringRepeat.evaluate(SpringRepeat.java:72)
	at org.junit.runners.ParentRunner.runLeaf(ParentRunner.java:271)
	at org.springframework.test.context.junit4.SpringJUnit4ClassRunner.runChild(SpringJUnit4ClassRunner.java:216)
	at org.springframework.test.context.junit4.SpringJUnit4ClassRunner.runChild(SpringJUnit4ClassRunner.java:82)
	at org.junit.runners.ParentRunner$3.run(ParentRunner.java:238)
	at org.junit.runners.ParentRunner$1.schedule(ParentRunner.java:63)
	at org.junit.runners.ParentRunner.runChildren(ParentRunner.java:236)
	at org.junit.runners.ParentRunner.access$000(ParentRunner.java:53)
	at org.junit.runners.ParentRunner$2.evaluate(ParentRunner.java:229)
	at org.springframework.test.context.junit4.statements.RunBeforeTestClassCallbacks.evaluate(RunBeforeTestClassCallbacks.java:60)
	at org.springframework.test.context.junit4.statements.RunAfterTestClassCallbacks.evaluate(RunAfterTestClassCallbacks.java:67)
	at org.junit.runners.ParentRunner.run(ParentRunner.java:309)
	at org.springframework.test.context.junit4.SpringJUnit4ClassRunner.run(SpringJUnit4ClassRunner.java:162)
	at org.apache.maven.surefire.junit4.JUnit4Provider.execute(JUnit4Provider.java:252)
	at org.apache.maven.surefire.junit4.JUnit4Provider.executeTestSet(JUnit4Provider.java:141)
	at org.apache.maven.surefire.junit4.JUnit4Provider.invoke(JUnit4Provider.java:112)
	at sun.reflect.NativeMethodAccessorImpl.invoke0(Native Method)
	at sun.reflect.NativeMethodAccessorImpl.invoke(NativeMethodAccessorImpl.java:57)
	at sun.reflect.DelegatingMethodAccessorImpl.invoke(DelegatingMethodAccessorImpl.java:43)
	at java.lang.reflect.Method.invoke(Method.java:606)
	at org.apache.maven.surefire.util.ReflectionUtils.invokeMethodWithArray(ReflectionUtils.java:189)
	at org.apache.maven.surefire.booter.ProviderFactory$ProviderProxy.invoke(ProviderFactory.java:165)
	at org.apache.maven.surefire.booter.ProviderFactory.invokeProvider(ProviderFactory.java:85)
	at org.apache.maven.surefire.booter.ForkedBooter.runSuitesInProcess(ForkedBooter.java:115)
	at org.apache.maven.surefire.booter.ForkedBooter.main(ForkedBooter.java:75)
</failure>
    <system-out>2015-07-03 10:33:51 DEBUG SpringJUnit4ClassRunner:112 - SpringJUnit4ClassRunner constructor called with [class com.ascend.tmn.scouter.AppTests].
2015-07-03 10:33:51 DEBUG BootstrapUtils:77 - Instantiating TestContextBootstrapper from class [org.springframework.test.context.web.WebTestContextBootstrapper]
2015-07-03 10:33:51 DEBUG AbstractDelegatingSmartContextLoader:96 - Delegating to GenericXmlWebContextLoader to process context configuration [ContextConfigurationAttributes@2c26cbf4 declaringClass = &apos;com.ascend.tmn.scouter.AppTests&apos;, classes = &apos;{}&apos;, locations = &apos;{file:src/main/webapp/WEB-INF/mvc-dispatcher-servlet.xml}&apos;, inheritLocations = true, initializers = &apos;{}&apos;, inheritInitializers = true, name = [null], contextLoaderClass = &apos;org.springframework.test.context.ContextLoader&apos;].
2015-07-03 10:33:51 DEBUG ActiveProfilesUtils:82 - Could not find an &apos;annotation declaring class&apos; for annotation type [org.springframework.test.context.ActiveProfiles] and class [com.ascend.tmn.scouter.AppTests]
2015-07-03 10:33:51 DEBUG WebTestContextBootstrapper:112 - @TestExecutionListeners is not present for class [com.ascend.tmn.scouter.AppTests]: using defaults.
2015-07-03 10:33:51 INFO  WebTestContextBootstrapper:255 - Loaded default TestExecutionListener class names from location [META-INF/spring.factories]: [org.springframework.test.context.web.ServletTestExecutionListener, org.springframework.test.context.support.DependencyInjectionTestExecutionListener, org.springframework.test.context.support.DirtiesContextTestExecutionListener, org.springframework.test.context.transaction.TransactionalTestExecutionListener, org.springframework.test.context.jdbc.SqlScriptsTestExecutionListener]
2015-07-03 10:33:51 INFO  WebTestContextBootstrapper:181 - Using TestExecutionListeners: [org.springframework.test.context.web.ServletTestExecutionListener@2cc2c69f, org.springframework.test.context.support.DependencyInjectionTestExecutionListener@277e07ae, org.springframework.test.context.support.DirtiesContextTestExecutionListener@432a44c3, org.springframework.test.context.transaction.TransactionalTestExecutionListener@c0880a8, org.springframework.test.context.jdbc.SqlScriptsTestExecutionListener@2369bc4]
2015-07-03 10:33:51 DEBUG ProfileValueUtils:70 - Retrieved @ProfileValueSourceConfiguration [null] for test class [com.ascend.tmn.scouter.AppTests]
2015-07-03 10:33:51 DEBUG ProfileValueUtils:82 - Retrieved ProfileValueSource type [class org.springframework.test.annotation.SystemProfileValueSource] for class [com.ascend.tmn.scouter.AppTests]
2015-07-03 10:33:51 DEBUG ProfileValueUtils:70 - Retrieved @ProfileValueSourceConfiguration [null] for test class [com.ascend.tmn.scouter.AppTests]
2015-07-03 10:33:51 DEBUG ProfileValueUtils:82 - Retrieved ProfileValueSource type [class org.springframework.test.annotation.SystemProfileValueSource] for class [com.ascend.tmn.scouter.AppTests]
2015-07-03 10:33:51 DEBUG ProfileValueUtils:70 - Retrieved @ProfileValueSourceConfiguration [null] for test class [com.ascend.tmn.scouter.AppTests]
2015-07-03 10:33:51 DEBUG ProfileValueUtils:82 - Retrieved ProfileValueSource type [class org.springframework.test.annotation.SystemProfileValueSource] for class [com.ascend.tmn.scouter.AppTests]
2015-07-03 10:33:51 DEBUG AbstractDelegatingSmartContextLoader:106 - Delegating to GenericXmlWebContextLoader to load context from [WebMergedContextConfiguration@56911387 testClass = AppTests, locations = &apos;{file:src/main/webapp/WEB-INF/mvc-dispatcher-servlet.xml}&apos;, classes = &apos;{}&apos;, contextInitializerClasses = &apos;[]&apos;, activeProfiles = &apos;{}&apos;, propertySourceLocations = &apos;{}&apos;, propertySourceProperties = &apos;{}&apos;, resourceBasePath = &apos;src/main/webapp&apos;, contextLoader = &apos;org.springframework.test.context.web.WebDelegatingSmartContextLoader&apos;, parent = [null]].
2015-07-03 10:33:51 DEBUG AbstractGenericWebContextLoader:114 - Loading WebApplicationContext for merged context configuration [WebMergedContextConfiguration@56911387 testClass = AppTests, locations = &apos;{file:src/main/webapp/WEB-INF/mvc-dispatcher-servlet.xml}&apos;, classes = &apos;{}&apos;, contextInitializerClasses = &apos;[]&apos;, activeProfiles = &apos;{}&apos;, propertySourceLocations = &apos;{}&apos;, propertySourceProperties = &apos;{}&apos;, resourceBasePath = &apos;src/main/webapp&apos;, contextLoader = &apos;org.springframework.test.context.web.WebDelegatingSmartContextLoader&apos;, parent = [null]].
2015-07-03 10:33:52 DEBUG StandardServletEnvironment:111 - Adding [servletConfigInitParams] PropertySource with lowest search precedence
2015-07-03 10:33:52 DEBUG StandardServletEnvironment:111 - Adding [servletContextInitParams] PropertySource with lowest search precedence
2015-07-03 10:33:52 DEBUG StandardServletEnvironment:111 - Adding [systemProperties] PropertySource with lowest search precedence
2015-07-03 10:33:52 DEBUG StandardServletEnvironment:111 - Adding [systemEnvironment] PropertySource with lowest search precedence
2015-07-03 10:33:52 DEBUG StandardServletEnvironment:126 - Initialized StandardServletEnvironment with PropertySources [servletConfigInitParams,servletContextInitParams,systemProperties,systemEnvironment]
2015-07-03 10:33:52 INFO  XmlBeanDefinitionReader:317 - Loading XML bean definitions from URL [file:src/main/webapp/WEB-INF/mvc-dispatcher-servlet.xml]
2015-07-03 10:33:52 DEBUG DefaultDocumentLoader:73 - Using JAXP provider [com.sun.org.apache.xerces.internal.jaxp.DocumentBuilderFactoryImpl]
2015-07-03 10:33:52 DEBUG PluggableSchemaResolver:141 - Loading schema mappings from [META-INF/spring.schemas]
2015-07-03 10:33:52 DEBUG PluggableSchemaResolver:147 - Loaded schema mappings: {http://www.springframework.org/schema/tx/spring-tx-2.5.xsd=org/springframework/transaction/config/spring-tx-2.5.xsd, http://www.springframework.org/schema/aop/spring-aop-4.1.xsd=org/springframework/aop/config/spring-aop-4.1.xsd, http://www.springframework.org/schema/context/spring-context-3.1.xsd=org/springframework/context/config/spring-context-3.1.xsd, http://www.springframework.org/schema/jdbc/spring-jdbc-4.1.xsd=org/springframework/jdbc/config/spring-jdbc-4.1.xsd, http://www.springframework.org/schema/util/spring-util-3.0.xsd=org/springframework/beans/factory/xml/spring-util-3.0.xsd, http://www.springframework.org/schema/mvc/spring-mvc-4.1.xsd=org/springframework/web/servlet/config/spring-mvc-4.1.xsd, http://www.springframework.org/schema/tool/spring-tool.xsd=org/springframework/beans/factory/xml/spring-tool-4.1.xsd, http://www.springframework.org/schema/aop/spring-aop-3.2.xsd=org/springframework/aop/config/spring-aop-3.2.xsd, http://www.springframework.org/schema/lang/spring-lang-4.1.xsd=org/springframework/scripting/config/spring-lang-4.1.xsd, http://www.springframework.org/schema/context/spring-context-4.0.xsd=org/springframework/context/config/spring-context-4.0.xsd, http://www.springframework.org/schema/mvc/spring-mvc-3.2.xsd=org/springframework/web/servlet/config/spring-mvc-3.2.xsd, http://www.springframework.org/schema/tool/spring-tool-4.1.xsd=org/springframework/beans/factory/xml/spring-tool-4.1.xsd, http://www.springframework.org/schema/lang/spring-lang-3.2.xsd=org/springframework/scripting/config/spring-lang-3.2.xsd, http://www.springframework.org/schema/cache/spring-cache-3.2.xsd=org/springframework/cache/config/spring-cache-3.2.xsd, http://www.springframework.org/schema/jee/spring-jee-4.1.xsd=org/springframework/ejb/config/spring-jee-4.1.xsd, http://www.springframework.org/schema/jdbc/spring-jdbc-3.1.xsd=org/springframework/jdbc/config/spring-jdbc-3.1.xsd, http://www.springframework.org/schema/util/spring-util-2.0.xsd=org/springframework/beans/factory/xml/spring-util-2.0.xsd, http://www.springframework.org/schema/tool/spring-tool-3.2.xsd=org/springframework/beans/factory/xml/spring-tool-3.2.xsd, http://www.springframework.org/schema/context/spring-context.xsd=org/springframework/context/config/spring-context-4.1.xsd, http://www.springframework.org/schema/cache/spring-cache-4.1.xsd=org/springframework/cache/config/spring-cache-4.1.xsd, http://www.springframework.org/schema/aop/spring-aop-4.0.xsd=org/springframework/aop/config/spring-aop-4.0.xsd, http://www.springframework.org/schema/jee/spring-jee-3.2.xsd=org/springframework/ejb/config/spring-jee-3.2.xsd, http://www.springframework.org/schema/context/spring-context-3.0.xsd=org/springframework/context/config/spring-context-3.0.xsd, http://www.springframework.org/schema/jdbc/spring-jdbc-4.0.xsd=org/springframework/jdbc/config/spring-jdbc-4.0.xsd, http://www.springframework.org/schema/util/spring-util-2.5.xsd=org/springframework/beans/factory/xml/spring-util-2.5.xsd, http://www.springframework.org/schema/mvc/spring-mvc-4.0.xsd=org/springframework/web/servlet/config/spring-mvc-4.0.xsd, http://www.springframework.org/schema/beans/spring-beans-3.2.xsd=org/springframework/beans/factory/xml/spring-beans-3.2.xsd, http://www.springframework.org/schema/aop/spring-aop-3.1.xsd=org/springframework/aop/config/spring-aop-3.1.xsd, http://www.springframework.org/schema/lang/spring-lang-4.0.xsd=org/springframework/scripting/config/spring-lang-4.0.xsd, http://www.springframework.org/schema/mvc/spring-mvc.xsd=org/springframework/web/servlet/config/spring-mvc-4.1.xsd, http://www.springframework.org/schema/mvc/spring-mvc-3.1.xsd=org/springframework/web/servlet/config/spring-mvc-3.1.xsd, http://www.springframework.org/schema/beans/spring-beans-4.1.xsd=org/springframework/beans/factory/xml/spring-beans-4.1.xsd, http://www.springframework.org/schema/tool/spring-tool-4.0.xsd=org/springframework/beans/factory/xml/spring-tool-4.0.xsd, http://www.springframework.org/schema/tx/spring-tx-3.2.xsd=org/springframework/transaction/config/spring-tx-3.2.xsd, http://www.springframework.org/schema/lang/spring-lang-3.1.xsd=org/springframework/scripting/config/spring-lang-3.1.xsd, http://www.springframework.org/schema/cache/spring-cache-3.1.xsd=org/springframework/cache/config/spring-cache-3.1.xsd, http://www.springframework.org/schema/jee/spring-jee-4.0.xsd=org/springframework/ejb/config/spring-jee-4.0.xsd, http://www.springframework.org/schema/jdbc/spring-jdbc-3.0.xsd=org/springframework/jdbc/config/spring-jdbc-3.0.xsd, http://www.springframework.org/schema/task/spring-task-4.1.xsd=org/springframework/scheduling/config/spring-task-4.1.xsd, http://www.springframework.org/schema/jdbc/spring-jdbc.xsd=org/springframework/jdbc/config/spring-jdbc-4.1.xsd, http://www.springframework.org/schema/tool/spring-tool-3.1.xsd=org/springframework/beans/factory/xml/spring-tool-3.1.xsd, http://www.springframework.org/schema/tx/spring-tx-4.1.xsd=org/springframework/transaction/config/spring-tx-4.1.xsd, http://www.springframework.org/schema/cache/spring-cache-4.0.xsd=org/springframework/cache/config/spring-cache-4.0.xsd, http://www.springframework.org/schema/jee/spring-jee-3.1.xsd=org/springframework/ejb/config/spring-jee-3.1.xsd, http://www.springframework.org/schema/task/spring-task-3.2.xsd=org/springframework/scheduling/config/spring-task-3.2.xsd, http://www.springframework.org/schema/beans/spring-beans-3.1.xsd=org/springframework/beans/factory/xml/spring-beans-3.1.xsd, http://www.springframework.org/schema/util/spring-util.xsd=org/springframework/beans/factory/xml/spring-util-4.1.xsd, http://www.springframework.org/schema/aop/spring-aop-3.0.xsd=org/springframework/aop/config/spring-aop-3.0.xsd, http://www.springframework.org/schema/mvc/spring-mvc-3.0.xsd=org/springframework/web/servlet/config/spring-mvc-3.0.xsd, http://www.springframework.org/schema/beans/spring-beans-4.0.xsd=org/springframework/beans/factory/xml/spring-beans-4.0.xsd, http://www.springframework.org/schema/beans/spring-beans.xsd=org/springframework/beans/factory/xml/spring-beans-4.1.xsd, http://www.springframework.org/schema/tx/spring-tx-3.1.xsd=org/springframework/transaction/config/spring-tx-3.1.xsd, http://www.springframework.org/schema/lang/spring-lang-3.0.xsd=org/springframework/scripting/config/spring-lang-3.0.xsd, http://www.springframework.org/schema/context/spring-context-2.5.xsd=org/springframework/context/config/spring-context-2.5.xsd, http://www.springframework.org/schema/task/spring-task-4.0.xsd=org/springframework/scheduling/config/spring-task-4.0.xsd, http://www.springframework.org/schema/tool/spring-tool-3.0.xsd=org/springframework/beans/factory/xml/spring-tool-3.0.xsd, http://www.springframework.org/schema/tx/spring-tx-4.0.xsd=org/springframework/transaction/config/spring-tx-4.0.xsd, http://www.springframework.org/schema/aop/spring-aop-2.0.xsd=org/springframework/aop/config/spring-aop-2.0.xsd, http://www.springframework.org/schema/jee/spring-jee-3.0.xsd=org/springframework/ejb/config/spring-jee-3.0.xsd, http://www.springframework.org/schema/util/spring-util-4.1.xsd=org/springframework/beans/factory/xml/spring-util-4.1.xsd, http://www.springframework.org/schema/task/spring-task-3.1.xsd=org/springframework/scheduling/config/spring-task-3.1.xsd, http://www.springframework.org/schema/beans/spring-beans-3.0.xsd=org/springframework/beans/factory/xml/spring-beans-3.0.xsd, http://www.springframework.org/schema/jee/spring-jee.xsd=org/springframework/ejb/config/spring-jee-4.1.xsd, http://www.springframework.org/schema/aop/spring-aop-2.5.xsd=org/springframework/aop/config/spring-aop-2.5.xsd, http://www.springframework.org/schema/lang/spring-lang-2.0.xsd=org/springframework/scripting/config/spring-lang-2.0.xsd, http://www.springframework.org/schema/util/spring-util-3.2.xsd=org/springframework/beans/factory/xml/spring-util-3.2.xsd, http://www.springframework.org/schema/task/spring-task.xsd=org/springframework/scheduling/config/spring-task-4.1.xsd, http://www.springframework.org/schema/tool/spring-tool-2.0.xsd=org/springframework/beans/factory/xml/spring-tool-2.0.xsd, http://www.springframework.org/schema/tx/spring-tx-3.0.xsd=org/springframework/transaction/config/spring-tx-3.0.xsd, http://www.springframework.org/schema/lang/spring-lang-2.5.xsd=org/springframework/scripting/config/spring-lang-2.5.xsd, http://www.springframework.org/schema/jee/spring-jee-2.0.xsd=org/springframework/ejb/config/spring-jee-2.0.xsd, http://www.springframework.org/schema/tool/spring-tool-2.5.xsd=org/springframework/beans/factory/xml/spring-tool-2.5.xsd, http://www.springframework.org/schema/jee/spring-jee-2.5.xsd=org/springframework/ejb/config/spring-jee-2.5.xsd, http://www.springframework.org/schema/util/spring-util-4.0.xsd=org/springframework/beans/factory/xml/spring-util-4.0.xsd, http://www.springframework.org/schema/task/spring-task-3.0.xsd=org/springframework/scheduling/config/spring-task-3.0.xsd, http://www.springframework.org/schema/lang/spring-lang.xsd=org/springframework/scripting/config/spring-lang-4.1.xsd, http://www.springframework.org/schema/context/spring-context-3.2.xsd=org/springframework/context/config/spring-context-3.2.xsd, http://www.springframework.org/schema/util/spring-util-3.1.xsd=org/springframework/beans/factory/xml/spring-util-3.1.xsd, http://www.springframework.org/schema/beans/spring-beans-2.0.xsd=org/springframework/beans/factory/xml/spring-beans-2.0.xsd, http://www.springframework.org/schema/cache/spring-cache.xsd=org/springframework/cache/config/spring-cache-4.1.xsd, http://www.springframework.org/schema/tx/spring-tx.xsd=org/springframework/transaction/config/spring-tx-4.1.xsd, http://www.springframework.org/schema/context/spring-context-4.1.xsd=org/springframework/context/config/spring-context-4.1.xsd, http://www.springframework.org/schema/beans/spring-beans-2.5.xsd=org/springframework/beans/factory/xml/spring-beans-2.5.xsd, http://www.springframework.org/schema/tx/spring-tx-2.0.xsd=org/springframework/transaction/config/spring-tx-2.0.xsd, http://www.springframework.org/schema/jdbc/spring-jdbc-3.2.xsd=org/springframework/jdbc/config/spring-jdbc-3.2.xsd, http://www.springframework.org/schema/aop/spring-aop.xsd=org/springframework/aop/config/spring-aop-4.1.xsd}
2015-07-03 10:33:52 DEBUG PluggableSchemaResolver:119 - Found XML schema [http://www.springframework.org/schema/beans/spring-beans.xsd] in classpath: org/springframework/beans/factory/xml/spring-beans-4.1.xsd
2015-07-03 10:33:52 DEBUG PluggableSchemaResolver:119 - Found XML schema [http://www.springframework.org/schema/context/spring-context.xsd] in classpath: org/springframework/context/config/spring-context-4.1.xsd
2015-07-03 10:33:52 DEBUG PluggableSchemaResolver:119 - Found XML schema [http://www.springframework.org/schema/tool/spring-tool-4.1.xsd] in classpath: org/springframework/beans/factory/xml/spring-tool-4.1.xsd
2015-07-03 10:33:52 DEBUG DefaultBeanDefinitionDocumentReader:98 - Loading bean definitions
2015-07-03 10:33:52 DEBUG DefaultNamespaceHandlerResolver:157 - Loaded NamespaceHandler mappings: {http://www.springframework.org/schema/p=org.springframework.beans.factory.xml.SimplePropertyNamespaceHandler, http://www.springframework.org/schema/mvc=org.springframework.web.servlet.config.MvcNamespaceHandler, http://www.springframework.org/schema/util=org.springframework.beans.factory.xml.UtilNamespaceHandler, http://www.springframework.org/schema/jee=org.springframework.ejb.config.JeeNamespaceHandler, http://www.springframework.org/schema/aop=org.springframework.aop.config.AopNamespaceHandler, http://www.springframework.org/schema/jdbc=org.springframework.jdbc.config.JdbcNamespaceHandler, http://www.springframework.org/schema/cache=org.springframework.cache.config.CacheNamespaceHandler, http://www.springframework.org/schema/c=org.springframework.beans.factory.xml.SimpleConstructorNamespaceHandler, http://www.springframework.org/schema/tx=org.springframework.transaction.config.TxNamespaceHandler, http://www.springframework.org/schema/task=org.springframework.scheduling.config.TaskNamespaceHandler, http://www.springframework.org/schema/lang=org.springframework.scripting.config.LangNamespaceHandler, http://www.springframework.org/schema/context=org.springframework.context.config.ContextNamespaceHandler}
2015-07-03 10:33:52 DEBUG PathMatchingResourcePatternResolver:622 - Looking for matching resources in directory tree [/Users/keerati/Documents/untitled1/target/test-classes/com/ascend/tmn/scouter]
2015-07-03 10:33:52 DEBUG PathMatchingResourcePatternResolver:684 - Searching directory [/Users/keerati/Documents/untitled1/target/test-classes/com/ascend/tmn/scouter] for files matching pattern [/Users/keerati/Documents/untitled1/target/test-classes/com/ascend/tmn/scouter/**/*.class]
2015-07-03 10:33:52 DEBUG PathMatchingResourcePatternResolver:684 - Searching directory [/Users/keerati/Documents/untitled1/target/test-classes/com/ascend/tmn/scouter/controller] for files matching pattern [/Users/keerati/Documents/untitled1/target/test-classes/com/ascend/tmn/scouter/**/*.class]
2015-07-03 10:33:52 DEBUG PathMatchingResourcePatternResolver:622 - Looking for matching resources in directory tree [/Users/keerati/Documents/untitled1/target/classes/com/ascend/tmn/scouter]
2015-07-03 10:33:52 DEBUG PathMatchingResourcePatternResolver:684 - Searching directory [/Users/keerati/Documents/untitled1/target/classes/com/ascend/tmn/scouter] for files matching pattern [/Users/keerati/Documents/untitled1/target/classes/com/ascend/tmn/scouter/**/*.class]
2015-07-03 10:33:52 DEBUG PathMatchingResourcePatternResolver:684 - Searching directory [/Users/keerati/Documents/untitled1/target/classes/com/ascend/tmn/scouter/config] for files matching pattern [/Users/keerati/Documents/untitled1/target/classes/com/ascend/tmn/scouter/**/*.class]
2015-07-03 10:33:52 DEBUG PathMatchingResourcePatternResolver:684 - Searching directory [/Users/keerati/Documents/untitled1/target/classes/com/ascend/tmn/scouter/controller] for files matching pattern [/Users/keerati/Documents/untitled1/target/classes/com/ascend/tmn/scouter/**/*.class]
2015-07-03 10:33:52 DEBUG PathMatchingResourcePatternResolver:684 - Searching directory [/Users/keerati/Documents/untitled1/target/classes/com/ascend/tmn/scouter/model] for files matching pattern [/Users/keerati/Documents/untitled1/target/classes/com/ascend/tmn/scouter/**/*.class]
2015-07-03 10:33:52 DEBUG PathMatchingResourcePatternResolver:684 - Searching directory [/Users/keerati/Documents/untitled1/target/classes/com/ascend/tmn/scouter/repository] for files matching pattern [/Users/keerati/Documents/untitled1/target/classes/com/ascend/tmn/scouter/**/*.class]
2015-07-03 10:33:52 DEBUG PathMatchingResourcePatternResolver:684 - Searching directory [/Users/keerati/Documents/untitled1/target/classes/com/ascend/tmn/scouter/service] for files matching pattern [/Users/keerati/Documents/untitled1/target/classes/com/ascend/tmn/scouter/**/*.class]
2015-07-03 10:33:52 DEBUG PathMatchingResourcePatternResolver:423 - Resolved location pattern [classpath*:com/ascend/tmn/scouter/**/*.class] to resources [file [/Users/keerati/Documents/untitled1/target/test-classes/com/ascend/tmn/scouter/AppTests.class], file [/Users/keerati/Documents/untitled1/target/test-classes/com/ascend/tmn/scouter/controller/LogSimulatorControllerTest.class], file [/Users/keerati/Documents/untitled1/target/classes/com/ascend/tmn/scouter/config/Configuration.class], file [/Users/keerati/Documents/untitled1/target/classes/com/ascend/tmn/scouter/controller/LogSimulatorController.class], file [/Users/keerati/Documents/untitled1/target/classes/com/ascend/tmn/scouter/model/KiosHibernateLog.class], file [/Users/keerati/Documents/untitled1/target/classes/com/ascend/tmn/scouter/model/KiosLog.class], file [/Users/keerati/Documents/untitled1/target/classes/com/ascend/tmn/scouter/model/PrepaidLog.class], file [/Users/keerati/Documents/untitled1/target/classes/com/ascend/tmn/scouter/repository/LogDAO.class], file [/Users/keerati/Documents/untitled1/target/classes/com/ascend/tmn/scouter/repository/LogDAOHibernateImpl.class], file [/Users/keerati/Documents/untitled1/target/classes/com/ascend/tmn/scouter/service/LogService.class], file [/Users/keerati/Documents/untitled1/target/classes/com/ascend/tmn/scouter/service/LogServiceImpl.class], file [/Users/keerati/Documents/untitled1/target/classes/com/ascend/tmn/scouter/service/LogSimulatorService.class], file [/Users/keerati/Documents/untitled1/target/classes/com/ascend/tmn/scouter/service/LogSimulatorServiceImpl.class], file [/Users/keerati/Documents/untitled1/target/classes/com/ascend/tmn/scouter/service/RobotCustomer.class]]
2015-07-03 10:33:52 DEBUG ClassPathBeanDefinitionScanner:286 - Identified candidate component class: file [/Users/keerati/Documents/untitled1/target/classes/com/ascend/tmn/scouter/config/Configuration.class]
2015-07-03 10:33:52 DEBUG ClassPathBeanDefinitionScanner:286 - Identified candidate component class: file [/Users/keerati/Documents/untitled1/target/classes/com/ascend/tmn/scouter/controller/LogSimulatorController.class]
2015-07-03 10:33:52 DEBUG ClassPathBeanDefinitionScanner:286 - Identified candidate component class: file [/Users/keerati/Documents/untitled1/target/classes/com/ascend/tmn/scouter/repository/LogDAOHibernateImpl.class]
2015-07-03 10:33:52 DEBUG ClassPathBeanDefinitionScanner:286 - Identified candidate component class: file [/Users/keerati/Documents/untitled1/target/classes/com/ascend/tmn/scouter/service/LogServiceImpl.class]
2015-07-03 10:33:52 DEBUG ClassPathBeanDefinitionScanner:286 - Identified candidate component class: file [/Users/keerati/Documents/untitled1/target/classes/com/ascend/tmn/scouter/service/LogSimulatorServiceImpl.class]
2015-07-03 10:33:52 DEBUG BeanDefinitionParserDelegate:495 - Neither XML &apos;id&apos; nor &apos;name&apos; specified - using generated bean name [org.springframework.web.servlet.view.InternalResourceViewResolver#0]
2015-07-03 10:33:52 DEBUG XmlBeanDefinitionReader:223 - Loaded 17 bean definitions from location pattern [file:src/main/webapp/WEB-INF/mvc-dispatcher-servlet.xml]
2015-07-03 10:33:52 INFO  GenericWebApplicationContext:510 - Refreshing org.springframework.web.context.support.GenericWebApplicationContext@76bfd849: startup date [Fri Jul 03 10:33:52 ICT 2015]; root of context hierarchy
2015-07-03 10:33:52 DEBUG StandardServletEnvironment:176 - Replacing [servletContextInitParams] PropertySource with [servletContextInitParams]
2015-07-03 10:33:52 DEBUG GenericWebApplicationContext:540 - Bean factory for org.springframework.web.context.support.GenericWebApplicationContext@76bfd849: org.springframework.beans.factory.support.DefaultListableBeanFactory@322d1ea9: defining beans [configuration,logSimulatorController,logDAOHibernateImpl,logServiceImpl,logSimulatorServiceImpl,org.springframework.context.annotation.internalConfigurationAnnotationProcessor,org.springframework.context.annotation.internalAutowiredAnnotationProcessor,org.springframework.context.annotation.internalRequiredAnnotationProcessor,org.springframework.context.annotation.internalCommonAnnotationProcessor,org.springframework.context.annotation.internalPersistenceAnnotationProcessor,org.springframework.context.support.PropertySourcesPlaceholderConfigurer#0,robotCustomer1,robotCustomer2,org.springframework.web.servlet.view.InternalResourceViewResolver#0,dataSource,hibernate4AnnotatedSessionFactory,transactionManager]; root of factory hierarchy
2015-07-03 10:33:52 DEBUG DefaultListableBeanFactory:220 - Creating shared instance of singleton bean &apos;org.springframework.context.annotation.internalConfigurationAnnotationProcessor&apos;
2015-07-03 10:33:52 DEBUG DefaultListableBeanFactory:450 - Creating instance of bean &apos;org.springframework.context.annotation.internalConfigurationAnnotationProcessor&apos;
2015-07-03 10:33:52 DEBUG DefaultListableBeanFactory:524 - Eagerly caching bean &apos;org.springframework.context.annotation.internalConfigurationAnnotationProcessor&apos; to allow for resolving potential circular references
2015-07-03 10:33:52 DEBUG DefaultListableBeanFactory:478 - Finished creating instance of bean &apos;org.springframework.context.annotation.internalConfigurationAnnotationProcessor&apos;
2015-07-03 10:33:52 DEBUG StandardServletEnvironment:111 - Adding [class path resource [database.properties]] PropertySource with lowest search precedence
2015-07-03 10:33:52 DEBUG AnnotationAttributesReadingVisitor:185 - Failed to class-load type while reading annotation metadata. This is a non-fatal error, but certain annotation metadata may be unavailable.
java.lang.ClassNotFoundException: java.lang.annotation.Repeatable
	at java.net.URLClassLoader$1.run(URLClassLoader.java:366)
	at java.net.URLClassLoader$1.run(URLClassLoader.java:355)
	at java.security.AccessController.doPrivileged(Native Method)
	at java.net.URLClassLoader.findClass(URLClassLoader.java:354)
	at java.lang.ClassLoader.loadClass(ClassLoader.java:425)
	at sun.misc.Launcher$AppClassLoader.loadClass(Launcher.java:308)
	at java.lang.ClassLoader.loadClass(ClassLoader.java:358)
	at org.springframework.core.type.classreading.RecursiveAnnotationAttributesVisitor.visitEnd(AnnotationAttributesReadingVisitor.java:181)
	at org.springframework.asm.ClassReader.readAnnotationValues(ClassReader.java:1788)
	at org.springframework.asm.ClassReader.accept(ClassReader.java:642)
	at org.springframework.asm.ClassReader.accept(ClassReader.java:508)
	at org.springframework.core.type.classreading.SimpleMetadataReader.&lt;init&gt;(SimpleMetadataReader.java:64)
	at org.springframework.core.type.classreading.SimpleMetadataReaderFactory.getMetadataReader(SimpleMetadataReaderFactory.java:82)
	at org.springframework.core.type.classreading.CachingMetadataReaderFactory.getMetadataReader(CachingMetadataReaderFactory.java:102)
	at org.springframework.core.type.classreading.SimpleMetadataReaderFactory.getMetadataReader(SimpleMetadataReaderFactory.java:77)
	at org.springframework.context.annotation.ConfigurationClassParser.asSourceClass(ConfigurationClassParser.java:588)
	at org.springframework.context.annotation.ConfigurationClassParser$SourceClass.getRelated(ConfigurationClassParser.java:803)
	at org.springframework.context.annotation.ConfigurationClassParser$SourceClass.getAnnotations(ConfigurationClassParser.java:766)
	at org.springframework.context.annotation.ConfigurationClassParser.collectImports(ConfigurationClassParser.java:410)
	at org.springframework.context.annotation.ConfigurationClassParser.getImports(ConfigurationClassParser.java:391)
	at org.springframework.context.annotation.ConfigurationClassParser.doProcessConfigurationClass(ConfigurationClassParser.java:274)
	at org.springframework.context.annotation.ConfigurationClassParser.processConfigurationClass(ConfigurationClassParser.java:228)
	at org.springframework.context.annotation.ConfigurationClassParser.parse(ConfigurationClassParser.java:186)
	at org.springframework.context.annotation.ConfigurationClassParser.parse(ConfigurationClassParser.java:165)
	at org.springframework.context.annotation.ConfigurationClassPostProcessor.processConfigBeanDefinitions(ConfigurationClassPostProcessor.java:306)
	at org.springframework.context.annotation.ConfigurationClassPostProcessor.postProcessBeanDefinitionRegistry(ConfigurationClassPostProcessor.java:239)
	at org.springframework.context.support.PostProcessorRegistrationDelegate.invokeBeanDefinitionRegistryPostProcessors(PostProcessorRegistrationDelegate.java:254)
	at org.springframework.context.support.PostProcessorRegistrationDelegate.invokeBeanFactoryPostProcessors(PostProcessorRegistrationDelegate.java:94)
	at org.springframework.context.support.AbstractApplicationContext.invokeBeanFactoryPostProcessors(AbstractApplicationContext.java:606)
	at org.springframework.context.support.AbstractApplicationContext.refresh(AbstractApplicationContext.java:462)
	at org.springframework.test.context.web.AbstractGenericWebContextLoader.loadContext(AbstractGenericWebContextLoader.java:132)
	at org.springframework.test.context.web.AbstractGenericWebContextLoader.loadContext(AbstractGenericWebContextLoader.java:59)
	at org.springframework.test.context.support.AbstractDelegatingSmartContextLoader.delegateLoading(AbstractDelegatingSmartContextLoader.java:108)
	at org.springframework.test.context.support.AbstractDelegatingSmartContextLoader.loadContext(AbstractDelegatingSmartContextLoader.java:260)
	at org.springframework.test.context.DefaultCacheAwareContextLoaderDelegate.loadContextInternal(DefaultCacheAwareContextLoaderDelegate.java:63)
	at org.springframework.test.context.DefaultCacheAwareContextLoaderDelegate.loadContext(DefaultCacheAwareContextLoaderDelegate.java:83)
	at org.springframework.test.context.DefaultTestContext.getApplicationContext(DefaultTestContext.java:74)
	at org.springframework.test.context.web.ServletTestExecutionListener.setUpRequestContextIfNecessary(ServletTestExecutionListener.java:169)
	at org.springframework.test.context.web.ServletTestExecutionListener.prepareTestInstance(ServletTestExecutionListener.java:109)
	at org.springframework.test.context.TestContextManager.prepareTestInstance(TestContextManager.java:212)
	at org.springframework.test.context.junit4.SpringJUnit4ClassRunner.createTest(SpringJUnit4ClassRunner.java:199)
	at org.springframework.test.context.junit4.SpringJUnit4ClassRunner$1.runReflectiveCall(SpringJUnit4ClassRunner.java:251)
	at org.junit.internal.runners.model.ReflectiveCallable.run(ReflectiveCallable.java:12)
	at org.springframework.test.context.junit4.SpringJUnit4ClassRunner.methodBlock(SpringJUnit4ClassRunner.java:253)
	at org.springframework.test.context.junit4.SpringJUnit4ClassRunner.runChild(SpringJUnit4ClassRunner.java:216)
	at org.springframework.test.context.junit4.SpringJUnit4ClassRunner.runChild(SpringJUnit4ClassRunner.java:82)
	at org.junit.runners.ParentRunner$3.run(ParentRunner.java:238)
	at org.junit.runners.ParentRunner$1.schedule(ParentRunner.java:63)
	at org.junit.runners.ParentRunner.runChildren(ParentRunner.java:236)
	at org.junit.runners.ParentRunner.access$000(ParentRunner.java:53)
	at org.junit.runners.ParentRunner$2.evaluate(ParentRunner.java:229)
	at org.springframework.test.context.junit4.statements.RunBeforeTestClassCallbacks.evaluate(RunBeforeTestClassCallbacks.java:60)
	at org.springframework.test.context.junit4.statements.RunAfterTestClassCallbacks.evaluate(RunAfterTestClassCallbacks.java:67)
	at org.junit.runners.ParentRunner.run(ParentRunner.java:309)
	at org.springframework.test.context.junit4.SpringJUnit4ClassRunner.run(SpringJUnit4ClassRunner.java:162)
	at org.apache.maven.surefire.junit4.JUnit4Provider.execute(JUnit4Provider.java:252)
	at org.apache.maven.surefire.junit4.JUnit4Provider.executeTestSet(JUnit4Provider.java:141)
	at org.apache.maven.surefire.junit4.JUnit4Provider.invoke(JUnit4Provider.java:112)
	at sun.reflect.NativeMethodAccessorImpl.invoke0(Native Method)
	at sun.reflect.NativeMethodAccessorImpl.invoke(NativeMethodAccessorImpl.java:57)
	at sun.reflect.DelegatingMethodAccessorImpl.invoke(DelegatingMethodAccessorImpl.java:43)
	at java.lang.reflect.Method.invoke(Method.java:606)
	at org.apache.maven.surefire.util.ReflectionUtils.invokeMethodWithArray(ReflectionUtils.java:189)
	at org.apache.maven.surefire.booter.ProviderFactory$ProviderProxy.invoke(ProviderFactory.java:165)
	at org.apache.maven.surefire.booter.ProviderFactory.invokeProvider(ProviderFactory.java:85)
	at org.apache.maven.surefire.booter.ForkedBooter.runSuitesInProcess(ForkedBooter.java:115)
	at org.apache.maven.surefire.booter.ForkedBooter.main(ForkedBooter.java:75)
2015-07-03 10:33:52 DEBUG StandardServletEnvironment:176 - Replacing [class path resource [database.properties]] PropertySource with [class path resource [database.properties]]
2015-07-03 10:33:52 DEBUG ConfigurationClassBeanDefinitionReader:163 - Registered bean definition for imported @Configuration class org.springframework.transaction.annotation.ProxyTransactionManagementConfiguration
2015-07-03 10:33:52 DEBUG ConfigurationClassBeanDefinitionReader:251 - Registering bean definition for @Bean method org.springframework.transaction.annotation.ProxyTransactionManagementConfiguration.org.springframework.transaction.config.internalTransactionAdvisor()
2015-07-03 10:33:52 DEBUG ConfigurationClassBeanDefinitionReader:251 - Registering bean definition for @Bean method org.springframework.transaction.annotation.ProxyTransactionManagementConfiguration.transactionAttributeSource()
2015-07-03 10:33:52 DEBUG ConfigurationClassBeanDefinitionReader:251 - Registering bean definition for @Bean method org.springframework.transaction.annotation.ProxyTransactionManagementConfiguration.transactionInterceptor()
2015-07-03 10:33:52 DEBUG ConfigurationClassEnhancer:102 - Successfully enhanced org.springframework.transaction.annotation.ProxyTransactionManagementConfiguration; enhanced class name is: org.springframework.transaction.annotation.ProxyTransactionManagementConfiguration$$EnhancerBySpringCGLIB$$f7a2fc77
2015-07-03 10:33:52 DEBUG ConfigurationClassPostProcessor:388 - Replacing bean definition &apos;org.springframework.transaction.annotation.ProxyTransactionManagementConfiguration&apos; existing class name &apos;org.springframework.transaction.annotation.ProxyTransactionManagementConfiguration&apos; with enhanced class name &apos;org.springframework.transaction.annotation.ProxyTransactionManagementConfiguration$$EnhancerBySpringCGLIB$$f7a2fc77&apos;
2015-07-03 10:33:52 DEBUG DefaultListableBeanFactory:220 - Creating shared instance of singleton bean &apos;org.springframework.context.support.PropertySourcesPlaceholderConfigurer#0&apos;
2015-07-03 10:33:52 DEBUG DefaultListableBeanFactory:450 - Creating instance of bean &apos;org.springframework.context.support.PropertySourcesPlaceholderConfigurer#0&apos;
2015-07-03 10:33:52 DEBUG DefaultListableBeanFactory:524 - Eagerly caching bean &apos;org.springframework.context.support.PropertySourcesPlaceholderConfigurer#0&apos; to allow for resolving potential circular references
2015-07-03 10:33:52 DEBUG DefaultListableBeanFactory:478 - Finished creating instance of bean &apos;org.springframework.context.support.PropertySourcesPlaceholderConfigurer#0&apos;
2015-07-03 10:33:52 DEBUG MutablePropertySources:111 - Adding [environmentProperties] PropertySource with lowest search precedence
2015-07-03 10:33:52 INFO  PropertySourcesPlaceholderConfigurer:172 - Loading properties file from URL [file:/Users/keerati/Documents/untitled1/target/classes/database.properties]
2015-07-03 10:33:52 DEBUG MutablePropertySources:111 - Adding [localProperties] PropertySource with lowest search precedence
2015-07-03 10:33:52 DEBUG PropertySourcesPropertyResolver:81 - Searching for key &apos;mysql.driver&apos; in [environmentProperties]
2015-07-03 10:33:52 DEBUG PropertySourcesPropertyResolver:81 - Searching for key &apos;mysql.driver&apos; in [servletConfigInitParams]
2015-07-03 10:33:52 DEBUG PropertySourcesPropertyResolver:81 - Searching for key &apos;mysql.driver&apos; in [servletContextInitParams]
2015-07-03 10:33:52 DEBUG PropertySourcesPropertyResolver:81 - Searching for key &apos;mysql.driver&apos; in [systemProperties]
2015-07-03 10:33:52 DEBUG PropertySourcesPropertyResolver:81 - Searching for key &apos;mysql.driver&apos; in [systemEnvironment]
2015-07-03 10:33:52 DEBUG PropertySourcesPropertyResolver:81 - Searching for key &apos;mysql.driver&apos; in [class path resource [database.properties]]
2015-07-03 10:33:52 DEBUG PropertySourcesPropertyResolver:90 - Found key &apos;mysql.driver&apos; in [class path resource [database.properties]] with type [String] and value &apos;com.mysql.jdbc.Driver&apos;
2015-07-03 10:33:52 DEBUG PropertySourcesPropertyResolver:90 - Found key &apos;mysql.driver&apos; in [environmentProperties] with type [String] and value &apos;com.mysql.jdbc.Driver&apos;
2015-07-03 10:33:52 DEBUG PropertySourcesPropertyResolver:81 - Searching for key &apos;mysql.url&apos; in [environmentProperties]
2015-07-03 10:33:52 DEBUG PropertySourcesPropertyResolver:81 - Searching for key &apos;mysql.url&apos; in [servletConfigInitParams]
2015-07-03 10:33:52 DEBUG PropertySourcesPropertyResolver:81 - Searching for key &apos;mysql.url&apos; in [servletContextInitParams]
2015-07-03 10:33:52 DEBUG PropertySourcesPropertyResolver:81 - Searching for key &apos;mysql.url&apos; in [systemProperties]
2015-07-03 10:33:52 DEBUG PropertySourcesPropertyResolver:81 - Searching for key &apos;mysql.url&apos; in [systemEnvironment]
2015-07-03 10:33:52 DEBUG PropertySourcesPropertyResolver:81 - Searching for key &apos;mysql.url&apos; in [class path resource [database.properties]]
2015-07-03 10:33:52 DEBUG PropertySourcesPropertyResolver:90 - Found key &apos;mysql.url&apos; in [class path resource [database.properties]] with type [String] and value &apos;jdbc:mysql://54.169.152.43:3306/log&apos;
2015-07-03 10:33:52 DEBUG PropertySourcesPropertyResolver:90 - Found key &apos;mysql.url&apos; in [environmentProperties] with type [String] and value &apos;jdbc:mysql://54.169.152.43:3306/log&apos;
2015-07-03 10:33:52 DEBUG PropertySourcesPropertyResolver:81 - Searching for key &apos;mysql.username&apos; in [environmentProperties]
2015-07-03 10:33:52 DEBUG PropertySourcesPropertyResolver:81 - Searching for key &apos;mysql.username&apos; in [servletConfigInitParams]
2015-07-03 10:33:52 DEBUG PropertySourcesPropertyResolver:81 - Searching for key &apos;mysql.username&apos; in [servletContextInitParams]
2015-07-03 10:33:52 DEBUG PropertySourcesPropertyResolver:81 - Searching for key &apos;mysql.username&apos; in [systemProperties]
2015-07-03 10:33:52 DEBUG PropertySourcesPropertyResolver:81 - Searching for key &apos;mysql.username&apos; in [systemEnvironment]
2015-07-03 10:33:52 DEBUG PropertySourcesPropertyResolver:81 - Searching for key &apos;mysql.username&apos; in [class path resource [database.properties]]
2015-07-03 10:33:52 DEBUG PropertySourcesPropertyResolver:90 - Found key &apos;mysql.username&apos; in [class path resource [database.properties]] with type [String] and value &apos;r&apos;
2015-07-03 10:33:52 DEBUG PropertySourcesPropertyResolver:90 - Found key &apos;mysql.username&apos; in [environmentProperties] with type [String] and value &apos;r&apos;
2015-07-03 10:33:52 DEBUG PropertySourcesPropertyResolver:81 - Searching for key &apos;mysql.password&apos; in [environmentProperties]
2015-07-03 10:33:52 DEBUG PropertySourcesPropertyResolver:81 - Searching for key &apos;mysql.password&apos; in [servletConfigInitParams]
2015-07-03 10:33:52 DEBUG PropertySourcesPropertyResolver:81 - Searching for key &apos;mysql.password&apos; in [servletContextInitParams]
2015-07-03 10:33:52 DEBUG PropertySourcesPropertyResolver:81 - Searching for key &apos;mysql.password&apos; in [systemProperties]
2015-07-03 10:33:52 DEBUG PropertySourcesPropertyResolver:81 - Searching for key &apos;mysql.password&apos; in [systemEnvironment]
2015-07-03 10:33:52 DEBUG PropertySourcesPropertyResolver:81 - Searching for key &apos;mysql.password&apos; in [class path resource [database.properties]]
2015-07-03 10:33:52 DEBUG PropertySourcesPropertyResolver:90 - Found key &apos;mysql.password&apos; in [class path resource [database.properties]] with type [String] and value &apos;root&apos;
2015-07-03 10:33:52 DEBUG PropertySourcesPropertyResolver:90 - Found key &apos;mysql.password&apos; in [environmentProperties] with type [String] and value &apos;root&apos;
2015-07-03 10:33:52 DEBUG DefaultListableBeanFactory:220 - Creating shared instance of singleton bean &apos;org.springframework.context.annotation.internalAutowiredAnnotationProcessor&apos;
2015-07-03 10:33:52 DEBUG DefaultListableBeanFactory:450 - Creating instance of bean &apos;org.springframework.context.annotation.internalAutowiredAnnotationProcessor&apos;
2015-07-03 10:33:52 DEBUG DefaultListableBeanFactory:524 - Eagerly caching bean &apos;org.springframework.context.annotation.internalAutowiredAnnotationProcessor&apos; to allow for resolving potential circular references
2015-07-03 10:33:52 DEBUG DefaultListableBeanFactory:478 - Finished creating instance of bean &apos;org.springframework.context.annotation.internalAutowiredAnnotationProcessor&apos;
2015-07-03 10:33:52 DEBUG DefaultListableBeanFactory:220 - Creating shared instance of singleton bean &apos;org.springframework.context.annotation.internalRequiredAnnotationProcessor&apos;
2015-07-03 10:33:52 DEBUG DefaultListableBeanFactory:450 - Creating instance of bean &apos;org.springframework.context.annotation.internalRequiredAnnotationProcessor&apos;
2015-07-03 10:33:52 DEBUG DefaultListableBeanFactory:524 - Eagerly caching bean &apos;org.springframework.context.annotation.internalRequiredAnnotationProcessor&apos; to allow for resolving potential circular references
2015-07-03 10:33:52 DEBUG DefaultListableBeanFactory:478 - Finished creating instance of bean &apos;org.springframework.context.annotation.internalRequiredAnnotationProcessor&apos;
2015-07-03 10:33:52 DEBUG DefaultListableBeanFactory:220 - Creating shared instance of singleton bean &apos;org.springframework.context.annotation.internalCommonAnnotationProcessor&apos;
2015-07-03 10:33:52 DEBUG DefaultListableBeanFactory:450 - Creating instance of bean &apos;org.springframework.context.annotation.internalCommonAnnotationProcessor&apos;
2015-07-03 10:33:52 DEBUG DefaultListableBeanFactory:524 - Eagerly caching bean &apos;org.springframework.context.annotation.internalCommonAnnotationProcessor&apos; to allow for resolving potential circular references
2015-07-03 10:33:52 DEBUG DefaultListableBeanFactory:478 - Finished creating instance of bean &apos;org.springframework.context.annotation.internalCommonAnnotationProcessor&apos;
2015-07-03 10:33:52 DEBUG DefaultListableBeanFactory:220 - Creating shared instance of singleton bean &apos;org.springframework.context.annotation.internalPersistenceAnnotationProcessor&apos;
2015-07-03 10:33:52 DEBUG DefaultListableBeanFactory:450 - Creating instance of bean &apos;org.springframework.context.annotation.internalPersistenceAnnotationProcessor&apos;
2015-07-03 10:33:52 DEBUG DefaultListableBeanFactory:524 - Eagerly caching bean &apos;org.springframework.context.annotation.internalPersistenceAnnotationProcessor&apos; to allow for resolving potential circular references
2015-07-03 10:33:52 DEBUG DefaultListableBeanFactory:478 - Finished creating instance of bean &apos;org.springframework.context.annotation.internalPersistenceAnnotationProcessor&apos;
2015-07-03 10:33:52 DEBUG DefaultListableBeanFactory:220 - Creating shared instance of singleton bean &apos;org.springframework.context.annotation.ConfigurationClassPostProcessor.importAwareProcessor&apos;
2015-07-03 10:33:52 DEBUG DefaultListableBeanFactory:450 - Creating instance of bean &apos;org.springframework.context.annotation.ConfigurationClassPostProcessor.importAwareProcessor&apos;
2015-07-03 10:33:52 DEBUG DefaultListableBeanFactory:524 - Eagerly caching bean &apos;org.springframework.context.annotation.ConfigurationClassPostProcessor.importAwareProcessor&apos; to allow for resolving potential circular references
2015-07-03 10:33:52 DEBUG DefaultListableBeanFactory:478 - Finished creating instance of bean &apos;org.springframework.context.annotation.ConfigurationClassPostProcessor.importAwareProcessor&apos;
2015-07-03 10:33:52 DEBUG DefaultListableBeanFactory:220 - Creating shared instance of singleton bean &apos;org.springframework.context.annotation.ConfigurationClassPostProcessor.enhancedConfigurationProcessor&apos;
2015-07-03 10:33:52 DEBUG DefaultListableBeanFactory:450 - Creating instance of bean &apos;org.springframework.context.annotation.ConfigurationClassPostProcessor.enhancedConfigurationProcessor&apos;
2015-07-03 10:33:52 DEBUG DefaultListableBeanFactory:524 - Eagerly caching bean &apos;org.springframework.context.annotation.ConfigurationClassPostProcessor.enhancedConfigurationProcessor&apos; to allow for resolving potential circular references
2015-07-03 10:33:52 DEBUG DefaultListableBeanFactory:478 - Finished creating instance of bean &apos;org.springframework.context.annotation.ConfigurationClassPostProcessor.enhancedConfigurationProcessor&apos;
2015-07-03 10:33:52 DEBUG DefaultListableBeanFactory:220 - Creating shared instance of singleton bean &apos;org.springframework.aop.config.internalAutoProxyCreator&apos;
2015-07-03 10:33:52 DEBUG DefaultListableBeanFactory:450 - Creating instance of bean &apos;org.springframework.aop.config.internalAutoProxyCreator&apos;
2015-07-03 10:33:52 DEBUG DefaultListableBeanFactory:524 - Eagerly caching bean &apos;org.springframework.aop.config.internalAutoProxyCreator&apos; to allow for resolving potential circular references
2015-07-03 10:33:52 DEBUG DefaultListableBeanFactory:478 - Finished creating instance of bean &apos;org.springframework.aop.config.internalAutoProxyCreator&apos;
2015-07-03 10:33:52 DEBUG GenericWebApplicationContext:646 - Unable to locate MessageSource with name &apos;messageSource&apos;: using default [org.springframework.context.support.DelegatingMessageSource@76e992d]
2015-07-03 10:33:52 DEBUG GenericWebApplicationContext:670 - Unable to locate ApplicationEventMulticaster with name &apos;applicationEventMulticaster&apos;: using default [org.springframework.context.event.SimpleApplicationEventMulticaster@285d8d24]
2015-07-03 10:33:52 DEBUG UiApplicationContextUtils:85 - Unable to locate ThemeSource with name &apos;themeSource&apos;: using default [org.springframework.ui.context.support.ResourceBundleThemeSource@62bc454f]
2015-07-03 10:33:52 DEBUG DefaultListableBeanFactory:691 - Pre-instantiating singletons in org.springframework.beans.factory.support.DefaultListableBeanFactory@322d1ea9: defining beans [configuration,logSimulatorController,logDAOHibernateImpl,logServiceImpl,logSimulatorServiceImpl,org.springframework.context.annotation.internalConfigurationAnnotationProcessor,org.springframework.context.annotation.internalAutowiredAnnotationProcessor,org.springframework.context.annotation.internalRequiredAnnotationProcessor,org.springframework.context.annotation.internalCommonAnnotationProcessor,org.springframework.context.annotation.internalPersistenceAnnotationProcessor,org.springframework.context.support.PropertySourcesPlaceholderConfigurer#0,robotCustomer1,robotCustomer2,org.springframework.web.servlet.view.InternalResourceViewResolver#0,dataSource,hibernate4AnnotatedSessionFactory,transactionManager,org.springframework.context.annotation.ConfigurationClassPostProcessor.importAwareProcessor,org.springframework.context.annotation.ConfigurationClassPostProcessor.enhancedConfigurationProcessor,org.springframework.transaction.annotation.ProxyTransactionManagementConfiguration,org.springframework.transaction.config.internalTransactionAdvisor,transactionAttributeSource,transactionInterceptor,org.springframework.aop.config.internalAutoProxyCreator]; root of factory hierarchy
2015-07-03 10:33:52 DEBUG DefaultListableBeanFactory:220 - Creating shared instance of singleton bean &apos;configuration&apos;
2015-07-03 10:33:52 DEBUG DefaultListableBeanFactory:450 - Creating instance of bean &apos;configuration&apos;
2015-07-03 10:33:52 DEBUG InjectionMetadata:71 - Registered injected element on class [com.ascend.tmn.scouter.config.Configuration]: AutowiredFieldElement for private java.lang.String com.ascend.tmn.scouter.config.Configuration.tableName
2015-07-03 10:33:52 DEBUG DefaultListableBeanFactory:524 - Eagerly caching bean &apos;configuration&apos; to allow for resolving potential circular references
2015-07-03 10:33:52 DEBUG InjectionMetadata:85 - Processing injected method of bean &apos;configuration&apos;: AutowiredFieldElement for private java.lang.String com.ascend.tmn.scouter.config.Configuration.tableName
2015-07-03 10:33:52 DEBUG PropertySourcesPropertyResolver:81 - Searching for key &apos;mysql.table&apos; in [environmentProperties]
2015-07-03 10:33:52 DEBUG PropertySourcesPropertyResolver:81 - Searching for key &apos;mysql.table&apos; in [servletConfigInitParams]
2015-07-03 10:33:52 DEBUG PropertySourcesPropertyResolver:81 - Searching for key &apos;mysql.table&apos; in [servletContextInitParams]
2015-07-03 10:33:52 DEBUG PropertySourcesPropertyResolver:81 - Searching for key &apos;mysql.table&apos; in [systemProperties]
2015-07-03 10:33:52 DEBUG PropertySourcesPropertyResolver:81 - Searching for key &apos;mysql.table&apos; in [systemEnvironment]
2015-07-03 10:33:52 DEBUG PropertySourcesPropertyResolver:81 - Searching for key &apos;mysql.table&apos; in [class path resource [database.properties]]
2015-07-03 10:33:52 DEBUG PropertySourcesPropertyResolver:90 - Found key &apos;mysql.table&apos; in [class path resource [database.properties]] with type [String] and value &apos;kios&apos;
2015-07-03 10:33:52 DEBUG PropertySourcesPropertyResolver:90 - Found key &apos;mysql.table&apos; in [environmentProperties] with type [String] and value &apos;kios&apos;
2015-07-03 10:33:52 DEBUG DefaultListableBeanFactory:220 - Creating shared instance of singleton bean &apos;org.springframework.transaction.config.internalTransactionAdvisor&apos;
2015-07-03 10:33:52 DEBUG DefaultListableBeanFactory:450 - Creating instance of bean &apos;org.springframework.transaction.config.internalTransactionAdvisor&apos;
2015-07-03 10:33:52 DEBUG DefaultListableBeanFactory:220 - Creating shared instance of singleton bean &apos;org.springframework.transaction.annotation.ProxyTransactionManagementConfiguration&apos;
2015-07-03 10:33:52 DEBUG DefaultListableBeanFactory:450 - Creating instance of bean &apos;org.springframework.transaction.annotation.ProxyTransactionManagementConfiguration&apos;
2015-07-03 10:33:52 DEBUG InjectionMetadata:71 - Registered injected element on class [org.springframework.transaction.annotation.ProxyTransactionManagementConfiguration$$EnhancerBySpringCGLIB$$f7a2fc77]: AutowiredMethodElement for void org.springframework.transaction.annotation.AbstractTransactionManagementConfiguration.setConfigurers(java.util.Collection)
2015-07-03 10:33:52 DEBUG DefaultListableBeanFactory:524 - Eagerly caching bean &apos;org.springframework.transaction.annotation.ProxyTransactionManagementConfiguration&apos; to allow for resolving potential circular references
2015-07-03 10:33:52 DEBUG InjectionMetadata:85 - Processing injected method of bean &apos;org.springframework.transaction.annotation.ProxyTransactionManagementConfiguration&apos;: AutowiredMethodElement for void org.springframework.transaction.annotation.AbstractTransactionManagementConfiguration.setConfigurers(java.util.Collection)
2015-07-03 10:33:52 DEBUG DefaultListableBeanFactory:247 - Returning cached instance of singleton bean &apos;org.springframework.context.annotation.ConfigurationClassPostProcessor.importRegistry&apos;
2015-07-03 10:33:52 DEBUG BeanFactoryAdvisorRetrievalHelper:87 - Skipping currently created advisor &apos;org.springframework.transaction.config.internalTransactionAdvisor&apos;
2015-07-03 10:33:52 DEBUG DefaultListableBeanFactory:478 - Finished creating instance of bean &apos;org.springframework.transaction.annotation.ProxyTransactionManagementConfiguration&apos;
2015-07-03 10:33:52 DEBUG DefaultListableBeanFactory:220 - Creating shared instance of singleton bean &apos;transactionAttributeSource&apos;
2015-07-03 10:33:52 DEBUG DefaultListableBeanFactory:450 - Creating instance of bean &apos;transactionAttributeSource&apos;
2015-07-03 10:33:52 DEBUG DefaultListableBeanFactory:247 - Returning cached instance of singleton bean &apos;org.springframework.transaction.annotation.ProxyTransactionManagementConfiguration&apos;
2015-07-03 10:33:52 DEBUG DefaultListableBeanFactory:524 - Eagerly caching bean &apos;transactionAttributeSource&apos; to allow for resolving potential circular references
2015-07-03 10:33:52 DEBUG BeanFactoryAdvisorRetrievalHelper:87 - Skipping currently created advisor &apos;org.springframework.transaction.config.internalTransactionAdvisor&apos;
2015-07-03 10:33:52 DEBUG DefaultListableBeanFactory:478 - Finished creating instance of bean &apos;transactionAttributeSource&apos;
2015-07-03 10:33:52 DEBUG DefaultListableBeanFactory:220 - Creating shared instance of singleton bean &apos;transactionInterceptor&apos;
2015-07-03 10:33:52 DEBUG DefaultListableBeanFactory:450 - Creating instance of bean &apos;transactionInterceptor&apos;
2015-07-03 10:33:52 DEBUG DefaultListableBeanFactory:247 - Returning cached instance of singleton bean &apos;org.springframework.transaction.annotation.ProxyTransactionManagementConfiguration&apos;
2015-07-03 10:33:52 DEBUG DefaultListableBeanFactory:247 - Returning cached instance of singleton bean &apos;transactionAttributeSource&apos;
2015-07-03 10:33:52 DEBUG DefaultListableBeanFactory:524 - Eagerly caching bean &apos;transactionInterceptor&apos; to allow for resolving potential circular references
2015-07-03 10:33:52 DEBUG DefaultListableBeanFactory:1610 - Invoking afterPropertiesSet() on bean with name &apos;transactionInterceptor&apos;
2015-07-03 10:33:52 DEBUG DefaultListableBeanFactory:478 - Finished creating instance of bean &apos;transactionInterceptor&apos;
2015-07-03 10:33:52 DEBUG DefaultListableBeanFactory:524 - Eagerly caching bean &apos;org.springframework.transaction.config.internalTransactionAdvisor&apos; to allow for resolving potential circular references
2015-07-03 10:33:52 DEBUG DefaultListableBeanFactory:478 - Finished creating instance of bean &apos;org.springframework.transaction.config.internalTransactionAdvisor&apos;
2015-07-03 10:33:52 DEBUG DefaultListableBeanFactory:478 - Finished creating instance of bean &apos;configuration&apos;
2015-07-03 10:33:52 DEBUG DefaultListableBeanFactory:220 - Creating shared instance of singleton bean &apos;logSimulatorController&apos;
2015-07-03 10:33:52 DEBUG DefaultListableBeanFactory:450 - Creating instance of bean &apos;logSimulatorController&apos;
2015-07-03 10:33:52 DEBUG InjectionMetadata:71 - Registered injected element on class [com.ascend.tmn.scouter.controller.LogSimulatorController]: AutowiredFieldElement for private com.ascend.tmn.scouter.service.LogService com.ascend.tmn.scouter.controller.LogSimulatorController.logService
2015-07-03 10:33:52 DEBUG InjectionMetadata:71 - Registered injected element on class [com.ascend.tmn.scouter.controller.LogSimulatorController]: AutowiredFieldElement for private com.ascend.tmn.scouter.service.RobotCustomer com.ascend.tmn.scouter.controller.LogSimulatorController.robotCustomer1
2015-07-03 10:33:52 DEBUG InjectionMetadata:71 - Registered injected element on class [com.ascend.tmn.scouter.controller.LogSimulatorController]: AutowiredFieldElement for private com.ascend.tmn.scouter.service.RobotCustomer com.ascend.tmn.scouter.controller.LogSimulatorController.robotCustomer2
2015-07-03 10:33:52 DEBUG DefaultListableBeanFactory:524 - Eagerly caching bean &apos;logSimulatorController&apos; to allow for resolving potential circular references
2015-07-03 10:33:52 DEBUG InjectionMetadata:85 - Processing injected method of bean &apos;logSimulatorController&apos;: AutowiredFieldElement for private com.ascend.tmn.scouter.service.LogService com.ascend.tmn.scouter.controller.LogSimulatorController.logService
2015-07-03 10:33:52 DEBUG DefaultListableBeanFactory:220 - Creating shared instance of singleton bean &apos;logServiceImpl&apos;
2015-07-03 10:33:52 DEBUG DefaultListableBeanFactory:450 - Creating instance of bean &apos;logServiceImpl&apos;
2015-07-03 10:33:52 DEBUG InjectionMetadata:71 - Registered injected element on class [com.ascend.tmn.scouter.service.LogServiceImpl]: AutowiredFieldElement for private com.ascend.tmn.scouter.repository.LogDAO com.ascend.tmn.scouter.service.LogServiceImpl.logDao
2015-07-03 10:33:52 DEBUG InjectionMetadata:71 - Registered injected element on class [com.ascend.tmn.scouter.service.LogServiceImpl]: AutowiredFieldElement for private com.ascend.tmn.scouter.config.Configuration com.ascend.tmn.scouter.service.LogServiceImpl.config
2015-07-03 10:33:52 DEBUG DefaultListableBeanFactory:524 - Eagerly caching bean &apos;logServiceImpl&apos; to allow for resolving potential circular references
2015-07-03 10:33:52 DEBUG InjectionMetadata:85 - Processing injected method of bean &apos;logServiceImpl&apos;: AutowiredFieldElement for private com.ascend.tmn.scouter.repository.LogDAO com.ascend.tmn.scouter.service.LogServiceImpl.logDao
2015-07-03 10:33:52 DEBUG DefaultListableBeanFactory:220 - Creating shared instance of singleton bean &apos;logDAOHibernateImpl&apos;
2015-07-03 10:33:52 DEBUG DefaultListableBeanFactory:450 - Creating instance of bean &apos;logDAOHibernateImpl&apos;
2015-07-03 10:33:52 DEBUG InjectionMetadata:71 - Registered injected element on class [com.ascend.tmn.scouter.repository.LogDAOHibernateImpl]: AutowiredFieldElement for private org.hibernate.SessionFactory com.ascend.tmn.scouter.repository.LogDAOHibernateImpl.sessionFactory
2015-07-03 10:33:52 DEBUG DefaultListableBeanFactory:524 - Eagerly caching bean &apos;logDAOHibernateImpl&apos; to allow for resolving potential circular references
2015-07-03 10:33:52 DEBUG InjectionMetadata:85 - Processing injected method of bean &apos;logDAOHibernateImpl&apos;: AutowiredFieldElement for private org.hibernate.SessionFactory com.ascend.tmn.scouter.repository.LogDAOHibernateImpl.sessionFactory
2015-07-03 10:33:52 DEBUG DefaultListableBeanFactory:220 - Creating shared instance of singleton bean &apos;hibernate4AnnotatedSessionFactory&apos;
2015-07-03 10:33:52 DEBUG DefaultListableBeanFactory:450 - Creating instance of bean &apos;hibernate4AnnotatedSessionFactory&apos;
2015-07-03 10:33:52 DEBUG DefaultListableBeanFactory:524 - Eagerly caching bean &apos;hibernate4AnnotatedSessionFactory&apos; to allow for resolving potential circular references
2015-07-03 10:33:52 DEBUG DefaultListableBeanFactory:220 - Creating shared instance of singleton bean &apos;dataSource&apos;
2015-07-03 10:33:52 DEBUG DefaultListableBeanFactory:450 - Creating instance of bean &apos;dataSource&apos;
2015-07-03 10:33:52 DEBUG DefaultListableBeanFactory:524 - Eagerly caching bean &apos;dataSource&apos; to allow for resolving potential circular references
2015-07-03 10:33:52 INFO  DriverManagerDataSource:133 - Loaded JDBC driver: com.mysql.jdbc.Driver
2015-07-03 10:33:52 DEBUG DefaultListableBeanFactory:247 - Returning cached instance of singleton bean &apos;org.springframework.transaction.config.internalTransactionAdvisor&apos;
2015-07-03 10:33:52 DEBUG DefaultListableBeanFactory:478 - Finished creating instance of bean &apos;dataSource&apos;
2015-07-03 10:33:52 DEBUG DefaultListableBeanFactory:1610 - Invoking afterPropertiesSet() on bean with name &apos;hibernate4AnnotatedSessionFactory&apos;
2015-07-03 10:33:53 DEBUG logging:192 - Logging Provider: org.jboss.logging.Log4jLoggerProvider
2015-07-03 10:33:53 DEBUG BasicTypeRegistry:146 - Adding type registration boolean -&gt; org.hibernate.type.BooleanType@7aab767d
2015-07-03 10:33:53 DEBUG BasicTypeRegistry:146 - Adding type registration boolean -&gt; org.hibernate.type.BooleanType@7aab767d
2015-07-03 10:33:53 DEBUG BasicTypeRegistry:146 - Adding type registration java.lang.Boolean -&gt; org.hibernate.type.BooleanType@7aab767d
2015-07-03 10:33:53 DEBUG BasicTypeRegistry:146 - Adding type registration numeric_boolean -&gt; org.hibernate.type.NumericBooleanType@5771c6d6
2015-07-03 10:33:53 DEBUG BasicTypeRegistry:146 - Adding type registration true_false -&gt; org.hibernate.type.TrueFalseType@6d5edea8
2015-07-03 10:33:53 DEBUG BasicTypeRegistry:146 - Adding type registration yes_no -&gt; org.hibernate.type.YesNoType@6b9b9f57
2015-07-03 10:33:53 DEBUG BasicTypeRegistry:146 - Adding type registration byte -&gt; org.hibernate.type.ByteType@67eae247
2015-07-03 10:33:53 DEBUG BasicTypeRegistry:146 - Adding type registration byte -&gt; org.hibernate.type.ByteType@67eae247
2015-07-03 10:33:53 DEBUG BasicTypeRegistry:146 - Adding type registration java.lang.Byte -&gt; org.hibernate.type.ByteType@67eae247
2015-07-03 10:33:53 DEBUG BasicTypeRegistry:146 - Adding type registration character -&gt; org.hibernate.type.CharacterType@263aa1bf
2015-07-03 10:33:53 DEBUG BasicTypeRegistry:146 - Adding type registration char -&gt; org.hibernate.type.CharacterType@263aa1bf
2015-07-03 10:33:53 DEBUG BasicTypeRegistry:146 - Adding type registration java.lang.Character -&gt; org.hibernate.type.CharacterType@263aa1bf
2015-07-03 10:33:53 DEBUG BasicTypeRegistry:146 - Adding type registration short -&gt; org.hibernate.type.ShortType@793df1ff
2015-07-03 10:33:53 DEBUG BasicTypeRegistry:146 - Adding type registration short -&gt; org.hibernate.type.ShortType@793df1ff
2015-07-03 10:33:53 DEBUG BasicTypeRegistry:146 - Adding type registration java.lang.Short -&gt; org.hibernate.type.ShortType@793df1ff
2015-07-03 10:33:53 DEBUG BasicTypeRegistry:146 - Adding type registration integer -&gt; org.hibernate.type.IntegerType@1f865b82
2015-07-03 10:33:53 DEBUG BasicTypeRegistry:146 - Adding type registration int -&gt; org.hibernate.type.IntegerType@1f865b82
2015-07-03 10:33:53 DEBUG BasicTypeRegistry:146 - Adding type registration java.lang.Integer -&gt; org.hibernate.type.IntegerType@1f865b82
2015-07-03 10:33:53 DEBUG BasicTypeRegistry:146 - Adding type registration long -&gt; org.hibernate.type.LongType@76f294c5
2015-07-03 10:33:53 DEBUG BasicTypeRegistry:146 - Adding type registration long -&gt; org.hibernate.type.LongType@76f294c5
2015-07-03 10:33:53 DEBUG BasicTypeRegistry:146 - Adding type registration java.lang.Long -&gt; org.hibernate.type.LongType@76f294c5
2015-07-03 10:33:53 DEBUG BasicTypeRegistry:146 - Adding type registration float -&gt; org.hibernate.type.FloatType@53b8aa1a
2015-07-03 10:33:53 DEBUG BasicTypeRegistry:146 - Adding type registration float -&gt; org.hibernate.type.FloatType@53b8aa1a
2015-07-03 10:33:53 DEBUG BasicTypeRegistry:146 - Adding type registration java.lang.Float -&gt; org.hibernate.type.FloatType@53b8aa1a
2015-07-03 10:33:53 DEBUG BasicTypeRegistry:146 - Adding type registration double -&gt; org.hibernate.type.DoubleType@1591295d
2015-07-03 10:33:53 DEBUG BasicTypeRegistry:146 - Adding type registration double -&gt; org.hibernate.type.DoubleType@1591295d
2015-07-03 10:33:53 DEBUG BasicTypeRegistry:146 - Adding type registration java.lang.Double -&gt; org.hibernate.type.DoubleType@1591295d
2015-07-03 10:33:53 DEBUG BasicTypeRegistry:146 - Adding type registration big_decimal -&gt; org.hibernate.type.BigDecimalType@123fd032
2015-07-03 10:33:53 DEBUG BasicTypeRegistry:146 - Adding type registration java.math.BigDecimal -&gt; org.hibernate.type.BigDecimalType@123fd032
2015-07-03 10:33:53 DEBUG BasicTypeRegistry:146 - Adding type registration big_integer -&gt; org.hibernate.type.BigIntegerType@a8b228a
2015-07-03 10:33:53 DEBUG BasicTypeRegistry:146 - Adding type registration java.math.BigInteger -&gt; org.hibernate.type.BigIntegerType@a8b228a
2015-07-03 10:33:53 DEBUG BasicTypeRegistry:146 - Adding type registration string -&gt; org.hibernate.type.StringType@7b93372
2015-07-03 10:33:53 DEBUG BasicTypeRegistry:146 - Adding type registration java.lang.String -&gt; org.hibernate.type.StringType@7b93372
2015-07-03 10:33:53 DEBUG BasicTypeRegistry:146 - Adding type registration nstring -&gt; org.hibernate.type.StringNVarcharType@29bb22a0
2015-07-03 10:33:53 DEBUG BasicTypeRegistry:146 - Adding type registration ncharacter -&gt; org.hibernate.type.CharacterNCharType@2f555d7c
2015-07-03 10:33:53 DEBUG BasicTypeRegistry:146 - Adding type registration url -&gt; org.hibernate.type.UrlType@57d4f95b
2015-07-03 10:33:53 DEBUG BasicTypeRegistry:146 - Adding type registration java.net.URL -&gt; org.hibernate.type.UrlType@57d4f95b
2015-07-03 10:33:53 DEBUG BasicTypeRegistry:146 - Adding type registration date -&gt; org.hibernate.type.DateType@3e873630
2015-07-03 10:33:53 DEBUG BasicTypeRegistry:146 - Adding type registration java.sql.Date -&gt; org.hibernate.type.DateType@3e873630
2015-07-03 10:33:53 DEBUG BasicTypeRegistry:146 - Adding type registration time -&gt; org.hibernate.type.TimeType@259f6cf5
2015-07-03 10:33:53 DEBUG BasicTypeRegistry:146 - Adding type registration java.sql.Time -&gt; org.hibernate.type.TimeType@259f6cf5
2015-07-03 10:33:53 DEBUG BasicTypeRegistry:146 - Adding type registration timestamp -&gt; org.hibernate.type.TimestampType@3c90cbce
2015-07-03 10:33:53 DEBUG BasicTypeRegistry:146 - Adding type registration java.sql.Timestamp -&gt; org.hibernate.type.TimestampType@3c90cbce
2015-07-03 10:33:53 DEBUG BasicTypeRegistry:146 - Adding type registration java.util.Date -&gt; org.hibernate.type.TimestampType@3c90cbce
2015-07-03 10:33:53 DEBUG BasicTypeRegistry:146 - Adding type registration dbtimestamp -&gt; org.hibernate.type.DbTimestampType@3e1f95a9
2015-07-03 10:33:53 DEBUG BasicTypeRegistry:146 - Adding type registration calendar -&gt; org.hibernate.type.CalendarType@35ce8a4c
2015-07-03 10:33:53 DEBUG BasicTypeRegistry:146 - Adding type registration java.util.Calendar -&gt; org.hibernate.type.CalendarType@35ce8a4c
2015-07-03 10:33:53 DEBUG BasicTypeRegistry:146 - Adding type registration java.util.GregorianCalendar -&gt; org.hibernate.type.CalendarType@35ce8a4c
2015-07-03 10:33:53 DEBUG BasicTypeRegistry:146 - Adding type registration calendar_date -&gt; org.hibernate.type.CalendarDateType@1ac7f24f
2015-07-03 10:33:53 DEBUG BasicTypeRegistry:146 - Adding type registration locale -&gt; org.hibernate.type.LocaleType@40fdf173
2015-07-03 10:33:53 DEBUG BasicTypeRegistry:146 - Adding type registration java.util.Locale -&gt; org.hibernate.type.LocaleType@40fdf173
2015-07-03 10:33:53 DEBUG BasicTypeRegistry:146 - Adding type registration currency -&gt; org.hibernate.type.CurrencyType@78df509f
2015-07-03 10:33:53 DEBUG BasicTypeRegistry:146 - Adding type registration java.util.Currency -&gt; org.hibernate.type.CurrencyType@78df509f
2015-07-03 10:33:53 DEBUG BasicTypeRegistry:146 - Adding type registration timezone -&gt; org.hibernate.type.TimeZoneType@757a15c8
2015-07-03 10:33:53 DEBUG BasicTypeRegistry:146 - Adding type registration java.util.TimeZone -&gt; org.hibernate.type.TimeZoneType@757a15c8
2015-07-03 10:33:53 DEBUG BasicTypeRegistry:146 - Adding type registration class -&gt; org.hibernate.type.ClassType@56ec4221
2015-07-03 10:33:53 DEBUG BasicTypeRegistry:146 - Adding type registration java.lang.Class -&gt; org.hibernate.type.ClassType@56ec4221
2015-07-03 10:33:53 DEBUG BasicTypeRegistry:146 - Adding type registration uuid-binary -&gt; org.hibernate.type.UUIDBinaryType@2fb3260
2015-07-03 10:33:53 DEBUG BasicTypeRegistry:146 - Adding type registration java.util.UUID -&gt; org.hibernate.type.UUIDBinaryType@2fb3260
2015-07-03 10:33:53 DEBUG BasicTypeRegistry:146 - Adding type registration uuid-char -&gt; org.hibernate.type.UUIDCharType@15e7a880
2015-07-03 10:33:53 DEBUG BasicTypeRegistry:146 - Adding type registration pg-uuid -&gt; org.hibernate.type.PostgresUUIDType@d3ceb07
2015-07-03 10:33:53 DEBUG BasicTypeRegistry:146 - Adding type registration binary -&gt; org.hibernate.type.BinaryType@657f6c43
2015-07-03 10:33:53 DEBUG BasicTypeRegistry:146 - Adding type registration byte[] -&gt; org.hibernate.type.BinaryType@657f6c43
2015-07-03 10:33:53 DEBUG BasicTypeRegistry:146 - Adding type registration [B -&gt; org.hibernate.type.BinaryType@657f6c43
2015-07-03 10:33:53 DEBUG BasicTypeRegistry:146 - Adding type registration wrapper-binary -&gt; org.hibernate.type.WrapperBinaryType@54fd6b16
2015-07-03 10:33:53 DEBUG BasicTypeRegistry:146 - Adding type registration Byte[] -&gt; org.hibernate.type.WrapperBinaryType@54fd6b16
2015-07-03 10:33:53 DEBUG BasicTypeRegistry:146 - Adding type registration [Ljava.lang.Byte; -&gt; org.hibernate.type.WrapperBinaryType@54fd6b16
2015-07-03 10:33:53 DEBUG BasicTypeRegistry:146 - Adding type registration image -&gt; org.hibernate.type.ImageType@7888a8ee
2015-07-03 10:33:53 DEBUG BasicTypeRegistry:146 - Adding type registration characters -&gt; org.hibernate.type.CharArrayType@30799905
2015-07-03 10:33:53 DEBUG BasicTypeRegistry:146 - Adding type registration char[] -&gt; org.hibernate.type.CharArrayType@30799905
2015-07-03 10:33:53 DEBUG BasicTypeRegistry:146 - Adding type registration [C -&gt; org.hibernate.type.CharArrayType@30799905
2015-07-03 10:33:53 DEBUG BasicTypeRegistry:146 - Adding type registration wrapper-characters -&gt; org.hibernate.type.CharacterArrayType@641c692b
2015-07-03 10:33:53 DEBUG BasicTypeRegistry:146 - Adding type registration [Ljava.lang.Character; -&gt; org.hibernate.type.CharacterArrayType@641c692b
2015-07-03 10:33:53 DEBUG BasicTypeRegistry:146 - Adding type registration Character[] -&gt; org.hibernate.type.CharacterArrayType@641c692b
2015-07-03 10:33:53 DEBUG BasicTypeRegistry:146 - Adding type registration text -&gt; org.hibernate.type.TextType@484eff79
2015-07-03 10:33:53 DEBUG BasicTypeRegistry:146 - Adding type registration ntext -&gt; org.hibernate.type.NTextType@27dad48d
2015-07-03 10:33:53 DEBUG BasicTypeRegistry:146 - Adding type registration blob -&gt; org.hibernate.type.BlobType@6829d82d
2015-07-03 10:33:53 DEBUG BasicTypeRegistry:146 - Adding type registration java.sql.Blob -&gt; org.hibernate.type.BlobType@6829d82d
2015-07-03 10:33:53 DEBUG BasicTypeRegistry:146 - Adding type registration materialized_blob -&gt; org.hibernate.type.MaterializedBlobType@5ae3a20c
2015-07-03 10:33:53 DEBUG BasicTypeRegistry:146 - Adding type registration clob -&gt; org.hibernate.type.ClobType@69a79533
2015-07-03 10:33:53 DEBUG BasicTypeRegistry:146 - Adding type registration java.sql.Clob -&gt; org.hibernate.type.ClobType@69a79533
2015-07-03 10:33:53 DEBUG BasicTypeRegistry:146 - Adding type registration nclob -&gt; org.hibernate.type.NClobType@10b2d5e4
2015-07-03 10:33:53 DEBUG BasicTypeRegistry:146 - Adding type registration java.sql.NClob -&gt; org.hibernate.type.NClobType@10b2d5e4
2015-07-03 10:33:53 DEBUG BasicTypeRegistry:146 - Adding type registration materialized_clob -&gt; org.hibernate.type.MaterializedClobType@5b4017cf
2015-07-03 10:33:53 DEBUG BasicTypeRegistry:146 - Adding type registration materialized_nclob -&gt; org.hibernate.type.MaterializedNClobType@62cd8e1f
2015-07-03 10:33:53 DEBUG BasicTypeRegistry:146 - Adding type registration serializable -&gt; org.hibernate.type.SerializableType@4ec88c68
2015-07-03 10:33:53 DEBUG BasicTypeRegistry:146 - Adding type registration object -&gt; org.hibernate.type.ObjectType@1084027e
2015-07-03 10:33:53 DEBUG BasicTypeRegistry:146 - Adding type registration java.lang.Object -&gt; org.hibernate.type.ObjectType@1084027e
2015-07-03 10:33:53 DEBUG BasicTypeRegistry:146 - Adding type registration imm_date -&gt; org.hibernate.type.AdaptedImmutableType@41e69be8
2015-07-03 10:33:53 DEBUG BasicTypeRegistry:146 - Adding type registration imm_time -&gt; org.hibernate.type.AdaptedImmutableType@b05be25
2015-07-03 10:33:53 DEBUG BasicTypeRegistry:146 - Adding type registration imm_timestamp -&gt; org.hibernate.type.AdaptedImmutableType@260674ca
2015-07-03 10:33:53 DEBUG BasicTypeRegistry:146 - Adding type registration imm_dbtimestamp -&gt; org.hibernate.type.AdaptedImmutableType@71dd8d46
2015-07-03 10:33:53 DEBUG BasicTypeRegistry:146 - Adding type registration imm_calendar -&gt; org.hibernate.type.AdaptedImmutableType@8662911
2015-07-03 10:33:53 DEBUG BasicTypeRegistry:146 - Adding type registration imm_calendar_date -&gt; org.hibernate.type.AdaptedImmutableType@6b121f65
2015-07-03 10:33:53 DEBUG BasicTypeRegistry:146 - Adding type registration imm_binary -&gt; org.hibernate.type.AdaptedImmutableType@72cb56cd
2015-07-03 10:33:53 DEBUG BasicTypeRegistry:146 - Adding type registration imm_serializable -&gt; org.hibernate.type.AdaptedImmutableType@3afe79c
2015-07-03 10:33:53 INFO  Version:66 - HCANN000001: Hibernate Commons Annotations {4.0.4.Final}
2015-07-03 10:33:53 INFO  Version:54 - HHH000412: Hibernate Core {4.3.5.Final}
2015-07-03 10:33:53 INFO  Environment:239 - HHH000206: hibernate.properties not found
2015-07-03 10:33:53 INFO  Environment:346 - HHH000021: Bytecode provider name : javassist
2015-07-03 10:33:53 DEBUG DefaultIdentifierGeneratorFactory:93 - Registering IdentifierGenerator strategy [uuid2] -&gt; [org.hibernate.id.UUIDGenerator]
2015-07-03 10:33:53 DEBUG DefaultIdentifierGeneratorFactory:93 - Registering IdentifierGenerator strategy [guid] -&gt; [org.hibernate.id.GUIDGenerator]
2015-07-03 10:33:53 DEBUG DefaultIdentifierGeneratorFactory:93 - Registering IdentifierGenerator strategy [uuid] -&gt; [org.hibernate.id.UUIDHexGenerator]
2015-07-03 10:33:53 DEBUG DefaultIdentifierGeneratorFactory:93 - Registering IdentifierGenerator strategy [uuid.hex] -&gt; [org.hibernate.id.UUIDHexGenerator]
2015-07-03 10:33:53 DEBUG DefaultIdentifierGeneratorFactory:93 - Registering IdentifierGenerator strategy [hilo] -&gt; [org.hibernate.id.TableHiLoGenerator]
2015-07-03 10:33:53 DEBUG DefaultIdentifierGeneratorFactory:93 - Registering IdentifierGenerator strategy [assigned] -&gt; [org.hibernate.id.Assigned]
2015-07-03 10:33:53 DEBUG DefaultIdentifierGeneratorFactory:93 - Registering IdentifierGenerator strategy [identity] -&gt; [org.hibernate.id.IdentityGenerator]
2015-07-03 10:33:53 DEBUG DefaultIdentifierGeneratorFactory:93 - Registering IdentifierGenerator strategy [select] -&gt; [org.hibernate.id.SelectGenerator]
2015-07-03 10:33:53 DEBUG DefaultIdentifierGeneratorFactory:93 - Registering IdentifierGenerator strategy [sequence] -&gt; [org.hibernate.id.SequenceGenerator]
2015-07-03 10:33:53 DEBUG DefaultIdentifierGeneratorFactory:93 - Registering IdentifierGenerator strategy [seqhilo] -&gt; [org.hibernate.id.SequenceHiLoGenerator]
2015-07-03 10:33:53 DEBUG DefaultIdentifierGeneratorFactory:93 - Registering IdentifierGenerator strategy [increment] -&gt; [org.hibernate.id.IncrementGenerator]
2015-07-03 10:33:53 DEBUG DefaultIdentifierGeneratorFactory:93 - Registering IdentifierGenerator strategy [foreign] -&gt; [org.hibernate.id.ForeignGenerator]
2015-07-03 10:33:53 DEBUG DefaultIdentifierGeneratorFactory:93 - Registering IdentifierGenerator strategy [sequence-identity] -&gt; [org.hibernate.id.SequenceIdentityGenerator]
2015-07-03 10:33:53 DEBUG DefaultIdentifierGeneratorFactory:93 - Registering IdentifierGenerator strategy [enhanced-sequence] -&gt; [org.hibernate.id.enhanced.SequenceStyleGenerator]
2015-07-03 10:33:53 DEBUG DefaultIdentifierGeneratorFactory:93 - Registering IdentifierGenerator strategy [enhanced-table] -&gt; [org.hibernate.id.enhanced.TableGenerator]
2015-07-03 10:33:53 DEBUG IntegratorServiceImpl:63 - Adding Integrator [org.hibernate.cfg.beanvalidation.BeanValidationIntegrator].
2015-07-03 10:33:53 DEBUG IntegratorServiceImpl:63 - Adding Integrator [org.hibernate.secure.spi.JaccIntegrator].
2015-07-03 10:33:53 DEBUG IntegratorServiceImpl:63 - Adding Integrator [org.hibernate.cache.internal.CollectionCacheInvalidator].
2015-07-03 10:33:53 DEBUG StrategySelectorImpl:79 - Registering named strategy selector [org.hibernate.dialect.Dialect] : [MySQL5] -&gt; [org.hibernate.dialect.MySQL5Dialect] (replacing [org.hibernate.dialect.MySQL5Dialect])
2015-07-03 10:33:53 DEBUG StrategySelectorImpl:79 - Registering named strategy selector [org.hibernate.dialect.Dialect] : [MySQL5InnoDB] -&gt; [org.hibernate.dialect.MySQL5InnoDBDialect] (replacing [org.hibernate.dialect.MySQL5InnoDBDialect])
2015-07-03 10:33:53 DEBUG ServiceBinding:85 - Overriding existing service binding [org.hibernate.secure.spi.JaccService]
2015-07-03 10:33:53 DEBUG Configuration:1841 - Preparing to build session factory with filters : {}
2015-07-03 10:33:53 DEBUG DriverManagerDataSource:142 - Creating new JDBC DriverManager Connection to [jdbc:mysql://54.169.152.43:3306/log]
2015-07-03 10:35:08 WARN  JdbcServicesImpl:204 - HHH000342: Could not obtain connection to query metadata : Communications link failure

The last packet sent successfully to the server was 0 milliseconds ago. The driver has not received any packets from the server.
2015-07-03 10:35:08 INFO  Dialect:145 - HHH000400: Using dialect: org.hibernate.dialect.MySQLDialect
2015-07-03 10:35:08 INFO  LobCreatorBuilder:88 - HHH000422: Disabling contextual LOB creation as connection was null
2015-07-03 10:35:08 DEBUG Configuration:3748 - Processing hbm.xml files
2015-07-03 10:35:08 DEBUG Configuration:3778 - Process annotated classes
2015-07-03 10:35:08 DEBUG AnnotationBinder:601 - Binding entity from annotated class: com.ascend.tmn.scouter.model.KiosLog
2015-07-03 10:35:08 DEBUG Ejb3Column:239 - Binding column: Ejb3DiscriminatorColumn{logicalColumnName&apos;DTYPE&apos;, discriminatorTypeName=&apos;string&apos;}
2015-07-03 10:35:08 DEBUG AnnotationBinder:1185 - No value specified for &apos;javax.persistence.sharedCache.mode&apos;; using UNSPECIFIED
2015-07-03 10:35:08 DEBUG EntityBinder:397 - Import with entity name KiosLog
2015-07-03 10:35:08 DEBUG EntityBinder:586 - Bind entity com.ascend.tmn.scouter.model.KiosLog on table kios
2015-07-03 10:35:08 DEBUG Ejb3Column:239 - Binding column: Ejb3Column{table=org.hibernate.mapping.Table(kios), mappingColumn=id, insertable=true, updatable=true, unique=false}
2015-07-03 10:35:08 DEBUG PropertyBinder:185 - MetadataSourceProcessor property id with lazy=false
2015-07-03 10:35:08 DEBUG AbstractPropertyHolder:106 - Attempting to locate auto-apply AttributeConverter for property [com.ascend.tmn.scouter.model.KiosLog:id]
2015-07-03 10:35:08 DEBUG SimpleValueBinder:385 - building SimpleValue for id
2015-07-03 10:35:08 DEBUG PropertyBinder:271 - Building property id
2015-07-03 10:35:08 DEBUG Ejb3Column:239 - Binding column: Ejb3Column{table=org.hibernate.mapping.Table(kios), mappingColumn=message, insertable=true, updatable=true, unique=false}
2015-07-03 10:35:08 DEBUG PropertyBinder:185 - MetadataSourceProcessor property message with lazy=false
2015-07-03 10:35:08 DEBUG AbstractPropertyHolder:106 - Attempting to locate auto-apply AttributeConverter for property [com.ascend.tmn.scouter.model.KiosLog:message]
2015-07-03 10:35:08 DEBUG SimpleValueBinder:385 - building SimpleValue for message
2015-07-03 10:35:08 DEBUG PropertyBinder:271 - Building property message
2015-07-03 10:35:08 DEBUG AnnotationBinder:601 - Binding entity from annotated class: com.ascend.tmn.scouter.model.KiosHibernateLog
2015-07-03 10:35:08 DEBUG Ejb3Column:239 - Binding column: Ejb3DiscriminatorColumn{logicalColumnName&apos;DTYPE&apos;, discriminatorTypeName=&apos;string&apos;}
2015-07-03 10:35:08 DEBUG AnnotationBinder:1185 - No value specified for &apos;javax.persistence.sharedCache.mode&apos;; using UNSPECIFIED
2015-07-03 10:35:08 DEBUG EntityBinder:397 - Import with entity name KiosHibernateLog
2015-07-03 10:35:08 DEBUG EntityBinder:586 - Bind entity com.ascend.tmn.scouter.model.KiosHibernateLog on table kioshib
2015-07-03 10:35:08 DEBUG Ejb3Column:239 - Binding column: Ejb3Column{table=org.hibernate.mapping.Table(kioshib), mappingColumn=id, insertable=true, updatable=true, unique=false}
2015-07-03 10:35:08 DEBUG PropertyBinder:185 - MetadataSourceProcessor property id with lazy=false
2015-07-03 10:35:08 DEBUG AbstractPropertyHolder:106 - Attempting to locate auto-apply AttributeConverter for property [com.ascend.tmn.scouter.model.KiosHibernateLog:id]
2015-07-03 10:35:08 DEBUG SimpleValueBinder:385 - building SimpleValue for id
2015-07-03 10:35:08 DEBUG PropertyBinder:271 - Building property id
2015-07-03 10:35:08 DEBUG Ejb3Column:239 - Binding column: Ejb3Column{table=org.hibernate.mapping.Table(kioshib), mappingColumn=message, insertable=true, updatable=true, unique=false}
2015-07-03 10:35:08 DEBUG PropertyBinder:185 - MetadataSourceProcessor property message with lazy=false
2015-07-03 10:35:08 DEBUG AbstractPropertyHolder:106 - Attempting to locate auto-apply AttributeConverter for property [com.ascend.tmn.scouter.model.KiosHibernateLog:message]
2015-07-03 10:35:08 DEBUG SimpleValueBinder:385 - building SimpleValue for message
2015-07-03 10:35:08 DEBUG PropertyBinder:271 - Building property message
2015-07-03 10:35:08 DEBUG AnnotationBinder:601 - Binding entity from annotated class: com.ascend.tmn.scouter.model.PrepaidLog
2015-07-03 10:35:08 DEBUG Ejb3Column:239 - Binding column: Ejb3DiscriminatorColumn{logicalColumnName&apos;DTYPE&apos;, discriminatorTypeName=&apos;string&apos;}
2015-07-03 10:35:08 DEBUG AnnotationBinder:1185 - No value specified for &apos;javax.persistence.sharedCache.mode&apos;; using UNSPECIFIED
2015-07-03 10:35:08 DEBUG EntityBinder:397 - Import with entity name PrepaidLog
2015-07-03 10:35:08 DEBUG EntityBinder:586 - Bind entity com.ascend.tmn.scouter.model.PrepaidLog on table prepaid
2015-07-03 10:35:08 DEBUG Ejb3Column:239 - Binding column: Ejb3Column{table=org.hibernate.mapping.Table(prepaid), mappingColumn=id, insertable=true, updatable=true, unique=false}
2015-07-03 10:35:08 DEBUG PropertyBinder:185 - MetadataSourceProcessor property id with lazy=false
2015-07-03 10:35:08 DEBUG AbstractPropertyHolder:106 - Attempting to locate auto-apply AttributeConverter for property [com.ascend.tmn.scouter.model.PrepaidLog:id]
2015-07-03 10:35:08 DEBUG SimpleValueBinder:385 - building SimpleValue for id
2015-07-03 10:35:08 DEBUG PropertyBinder:271 - Building property id
2015-07-03 10:35:08 DEBUG Ejb3Column:239 - Binding column: Ejb3Column{table=org.hibernate.mapping.Table(prepaid), mappingColumn=message, insertable=true, updatable=true, unique=false}
2015-07-03 10:35:08 DEBUG PropertyBinder:185 - MetadataSourceProcessor property message with lazy=false
2015-07-03 10:35:08 DEBUG AbstractPropertyHolder:106 - Attempting to locate auto-apply AttributeConverter for property [com.ascend.tmn.scouter.model.PrepaidLog:message]
2015-07-03 10:35:08 DEBUG SimpleValueBinder:385 - building SimpleValue for message
2015-07-03 10:35:08 DEBUG PropertyBinder:271 - Building property message
2015-07-03 10:35:08 DEBUG SimpleValueBinder:422 - Starting fillSimpleValue for id
2015-07-03 10:35:08 DEBUG SimpleValueBinder:422 - Starting fillSimpleValue for message
2015-07-03 10:35:08 DEBUG SimpleValueBinder:422 - Starting fillSimpleValue for id
2015-07-03 10:35:08 DEBUG SimpleValueBinder:422 - Starting fillSimpleValue for message
2015-07-03 10:35:08 DEBUG SimpleValueBinder:422 - Starting fillSimpleValue for id
2015-07-03 10:35:08 DEBUG SimpleValueBinder:422 - Starting fillSimpleValue for message
2015-07-03 10:35:08 DEBUG Configuration:1482 - Processing fk mappings (*ToOne and JoinedSubclass)
2015-07-03 10:35:08 DEBUG Configuration:1687 - Processing extends queue
2015-07-03 10:35:08 DEBUG Configuration:1745 - Processing extends queue
2015-07-03 10:35:08 DEBUG Configuration:1690 - Processing collection mappings
2015-07-03 10:35:08 DEBUG Configuration:1700 - Processing native query and ResultSetMapping mappings
2015-07-03 10:35:08 DEBUG Configuration:1708 - Processing association property references
2015-07-03 10:35:08 DEBUG Configuration:1730 - Creating tables&apos; unique integer identifiers
2015-07-03 10:35:08 DEBUG Configuration:1731 - Processing foreign key constraints
2015-07-03 10:35:08 DEBUG JtaPlatformInitiator:59 - No JtaPlatform was specified, checking resolver
2015-07-03 10:35:08 DEBUG JtaPlatformResolverInitiator:50 - No JtaPlatformResolver was specified, using default [org.hibernate.engine.transaction.jta.platform.internal.StandardJtaPlatformResolver]
2015-07-03 10:35:08 DEBUG StandardJtaPlatformResolver:118 - Could not resolve JtaPlatform, using default [org.hibernate.engine.transaction.jta.platform.internal.NoJtaPlatform]
2015-07-03 10:35:08 DEBUG SettingsFactory:122 - Automatic flush during beforeCompletion(): disabled
2015-07-03 10:35:08 DEBUG SettingsFactory:128 - Automatic session close at end of transaction: disabled
2015-07-03 10:35:08 DEBUG SettingsFactory:155 - Scrollable result sets: disabled
2015-07-03 10:35:08 DEBUG SettingsFactory:161 - Wrap result sets: disabled
2015-07-03 10:35:08 DEBUG SettingsFactory:167 - JDBC3 getGeneratedKeys(): disabled
2015-07-03 10:35:08 DEBUG SettingsFactory:179 - multi-tenancy strategy : NONE
2015-07-03 10:35:08 DEBUG SettingsFactory:185 - Connection release mode: auto
2015-07-03 10:35:08 INFO  TransactionFactoryInitiator:62 - HHH000399: Using default transaction strategy (direct JDBC transactions)
2015-07-03 10:35:08 DEBUG SettingsFactory:207 - Using BatchFetchStyle : LEGACY
2015-07-03 10:35:08 DEBUG SettingsFactory:226 - Maximum outer join fetch depth: 2
2015-07-03 10:35:08 DEBUG SettingsFactory:232 - Default batch fetch size: 1
2015-07-03 10:35:08 DEBUG SettingsFactory:238 - Generate SQL with comments: disabled
2015-07-03 10:35:08 DEBUG SettingsFactory:244 - Order SQL updates by primary key: disabled
2015-07-03 10:35:08 DEBUG SettingsFactory:250 - Order SQL inserts for batching: disabled
2015-07-03 10:35:08 DEBUG SettingsFactory:258 - Default null ordering: none
2015-07-03 10:35:08 DEBUG SettingsFactory:501 - Query translator: org.hibernate.hql.internal.ast.ASTQueryTranslatorFactory
2015-07-03 10:35:08 INFO  ASTQueryTranslatorFactory:47 - HHH000397: Using ASTQueryTranslatorFactory
2015-07-03 10:35:08 DEBUG SettingsFactory:268 - Query language substitutions: {}
2015-07-03 10:35:08 DEBUG SettingsFactory:274 - JPA-QL strict compliance: disabled
2015-07-03 10:35:08 DEBUG SettingsFactory:282 - Second-level cache: enabled
2015-07-03 10:35:08 DEBUG SettingsFactory:288 - Query cache: disabled
2015-07-03 10:35:08 DEBUG RegionFactoryInitiator:105 - Cache region factory : org.hibernate.cache.internal.NoCachingRegionFactory
2015-07-03 10:35:08 DEBUG SettingsFactory:301 - Optimize cache for minimal puts: disabled
2015-07-03 10:35:08 DEBUG SettingsFactory:316 - Structured second-level cache entries: disabled
2015-07-03 10:35:08 DEBUG SettingsFactory:326 - Second-level cache direct-reference entries: disabled
2015-07-03 10:35:08 DEBUG SettingsFactory:332 - Automatic eviction of collection cache: disabled
2015-07-03 10:35:08 DEBUG SettingsFactory:340 - Statistics: disabled
2015-07-03 10:35:08 DEBUG SettingsFactory:346 - Deleted entity synthetic identifier rollback: disabled
2015-07-03 10:35:08 DEBUG SettingsFactory:373 - Default entity-mode: pojo
2015-07-03 10:35:08 DEBUG SettingsFactory:379 - Named query checking : enabled
2015-07-03 10:35:08 DEBUG SettingsFactory:385 - Check Nullability in Core (should be disabled when Bean Validation is on): enabled
2015-07-03 10:35:08 DEBUG SettingsFactory:403 - Allow initialization of lazy state outside session : : disabled
2015-07-03 10:35:08 DEBUG SettingsFactory:413 - JTA Track by Thread: enabled
2015-07-03 10:35:08 DEBUG SessionFactoryImpl:229 - Building session factory
2015-07-03 10:35:08 DEBUG SessionFactoryImpl:285 - Session factory constructed with filter configurations : {}
2015-07-03 10:35:08 DEBUG SessionFactoryImpl:286 - Instantiating session factory with properties: {java.runtime.name=Java(TM) SE Runtime Environment, sun.boot.library.path=/Library/Java/JavaVirtualMachines/jdk1.7.0_72.jdk/Contents/Home/jre/lib, java.vm.version=24.72-b04, user.country.format=TH, gopherProxySet=false, java.vm.vendor=Oracle Corporation, java.vendor.url=http://java.oracle.com/, path.separator=:, java.vm.name=Java HotSpot(TM) 64-Bit Server VM, file.encoding.pkg=sun.io, user.country=US, sun.java.launcher=SUN_STANDARD, sun.os.patch.level=unknown, java.vm.specification.name=Java Virtual Machine Specification, user.dir=/Users/keerati/Documents/untitled1, java.runtime.version=1.7.0_72-b14, java.awt.graphicsenv=sun.awt.CGraphicsEnvironment, basedir=/Users/keerati/Documents/untitled1, hibernate.current_session_context_class=org.springframework.orm.hibernate4.SpringSessionContext, java.endorsed.dirs=/Library/Java/JavaVirtualMachines/jdk1.7.0_72.jdk/Contents/Home/jre/lib/endorsed, os.arch=x86_64, surefire.real.class.path=/Users/keerati/Documents/untitled1/target/surefire/surefirebooter4272538156988032564.jar, java.io.tmpdir=/var/folders/yc/y3nx_9rs1mbf61dzft4bz2680000gn/T/, line.separator=
, java.vm.specification.vendor=Oracle Corporation, os.name=Mac OS X, sun.jnu.encoding=UTF-8, java.library.path=/Users/keerati/Library/Java/Extensions:/Library/Java/Extensions:/Network/Library/Java/Extensions:/System/Library/Java/Extensions:/usr/lib/java:., hibernate.connection.datasource=org.springframework.jdbc.datasource.DriverManagerDataSource@156f50d7, surefire.test.class.path=/Users/keerati/Documents/untitled1/target/test-classes:/Users/keerati/Documents/untitled1/target/classes:/Users/keerati/.m2/repository/log4j/log4j/1.2.17/log4j-1.2.17.jar:/Users/keerati/.m2/repository/org/springframework/spring-core/4.1.1.RELEASE/spring-core-4.1.1.RELEASE.jar:/Users/keerati/.m2/repository/commons-logging/commons-logging/1.1.3/commons-logging-1.1.3.jar:/Users/keerati/.m2/repository/org/springframework/spring-web/4.1.1.RELEASE/spring-web-4.1.1.RELEASE.jar:/Users/keerati/.m2/repository/org/springframework/spring-aop/4.1.1.RELEASE/spring-aop-4.1.1.RELEASE.jar:/Users/keerati/.m2/repository/aopalliance/aopalliance/1.0/aopalliance-1.0.jar:/Users/keerati/.m2/repository/org/springframework/spring-beans/4.1.1.RELEASE/spring-beans-4.1.1.RELEASE.jar:/Users/keerati/.m2/repository/org/springframework/spring-context/4.1.1.RELEASE/spring-context-4.1.1.RELEASE.jar:/Users/keerati/.m2/repository/javax/servlet/servlet-api/2.5/servlet-api-2.5.jar:/Users/keerati/.m2/repository/javax/servlet/javax.servlet-api/3.1.0/javax.servlet-api-3.1.0.jar:/Users/keerati/.m2/repository/org/springframework/spring-webmvc/4.1.1.RELEASE/spring-webmvc-4.1.1.RELEASE.jar:/Users/keerati/.m2/repository/org/springframework/spring-expression/4.1.1.RELEASE/spring-expression-4.1.1.RELEASE.jar:/Users/keerati/.m2/repository/org/springframework/spring-test/4.1.1.RELEASE/spring-test-4.1.1.RELEASE.jar:/Users/keerati/.m2/repository/junit/junit/4.11/junit-4.11.jar:/Users/keerati/.m2/repository/org/hamcrest/hamcrest-core/1.3/hamcrest-core-1.3.jar:/Users/keerati/.m2/repository/org/springframework/spring-orm/4.1.1.RELEASE/spring-orm-4.1.1.RELEASE.jar:/Users/keerati/.m2/repository/org/springframework/spring-jdbc/4.1.1.RELEASE/spring-jdbc-4.1.1.RELEASE.jar:/Users/keerati/.m2/repository/org/springframework/spring-tx/4.1.1.RELEASE/spring-tx-4.1.1.RELEASE.jar:/Users/keerati/.m2/repository/org/hibernate/hibernate-entitymanager/4.3.5.Final/hibernate-entitymanager-4.3.5.Final.jar:/Users/keerati/.m2/repository/org/jboss/logging/jboss-logging/3.1.3.GA/jboss-logging-3.1.3.GA.jar:/Users/keerati/.m2/repository/org/jboss/logging/jboss-logging-annotations/1.2.0.Beta1/jboss-logging-annotations-1.2.0.Beta1.jar:/Users/keerati/.m2/repository/dom4j/dom4j/1.6.1/dom4j-1.6.1.jar:/Users/keerati/.m2/repository/xml-apis/xml-apis/1.0.b2/xml-apis-1.0.b2.jar:/Users/keerati/.m2/repository/org/hibernate/common/hibernate-commons-annotations/4.0.4.Final/hibernate-commons-annotations-4.0.4.Final.jar:/Users/keerati/.m2/repository/org/hibernate/javax/persistence/hibernate-jpa-2.1-api/1.0.0.Final/hibernate-jpa-2.1-api-1.0.0.Final.jar:/Users/keerati/.m2/repository/org/jboss/spec/javax/transaction/jboss-transaction-api_1.2_spec/1.0.0.Final/jboss-transaction-api_1.2_spec-1.0.0.Final.jar:/Users/keerati/.m2/repository/org/javassist/javassist/3.18.1-GA/javassist-3.18.1-GA.jar:/Users/keerati/.m2/repository/org/hibernate/hibernate-core/4.3.5.Final/hibernate-core-4.3.5.Final.jar:/Users/keerati/.m2/repository/antlr/antlr/2.7.7/antlr-2.7.7.jar:/Users/keerati/.m2/repository/org/jboss/jandex/1.1.0.Final/jandex-1.1.0.Final.jar:/Users/keerati/.m2/repository/mysql/mysql-connector-java/5.1.9/mysql-connector-java-5.1.9.jar:/Users/keerati/.m2/repository/commons-dbcp/commons-dbcp/1.4/commons-dbcp-1.4.jar:/Users/keerati/.m2/repository/commons-pool/commons-pool/1.5.4/commons-pool-1.5.4.jar:/Users/keerati/.m2/repository/javax/servlet/jstl/1.2/jstl-1.2.jar:, java.specification.name=Java Platform API Specification, java.class.version=51.0, sun.management.compiler=HotSpot 64-Bit Tiered Compilers, os.version=10.10.3, user.home=/Users/keerati, user.timezone=Asia/Bangkok, java.awt.printerjob=sun.lwawt.macosx.CPrinterJob, java.specification.version=1.7, file.encoding=UTF-8, user.name=keerati, java.class.path=/Users/keerati/Documents/untitled1/target/test-classes:/Users/keerati/Documents/untitled1/target/classes:/Users/keerati/.m2/repository/log4j/log4j/1.2.17/log4j-1.2.17.jar:/Users/keerati/.m2/repository/org/springframework/spring-core/4.1.1.RELEASE/spring-core-4.1.1.RELEASE.jar:/Users/keerati/.m2/repository/commons-logging/commons-logging/1.1.3/commons-logging-1.1.3.jar:/Users/keerati/.m2/repository/org/springframework/spring-web/4.1.1.RELEASE/spring-web-4.1.1.RELEASE.jar:/Users/keerati/.m2/repository/org/springframework/spring-aop/4.1.1.RELEASE/spring-aop-4.1.1.RELEASE.jar:/Users/keerati/.m2/repository/aopalliance/aopalliance/1.0/aopalliance-1.0.jar:/Users/keerati/.m2/repository/org/springframework/spring-beans/4.1.1.RELEASE/spring-beans-4.1.1.RELEASE.jar:/Users/keerati/.m2/repository/org/springframework/spring-context/4.1.1.RELEASE/spring-context-4.1.1.RELEASE.jar:/Users/keerati/.m2/repository/javax/servlet/servlet-api/2.5/servlet-api-2.5.jar:/Users/keerati/.m2/repository/javax/servlet/javax.servlet-api/3.1.0/javax.servlet-api-3.1.0.jar:/Users/keerati/.m2/repository/org/springframework/spring-webmvc/4.1.1.RELEASE/spring-webmvc-4.1.1.RELEASE.jar:/Users/keerati/.m2/repository/org/springframework/spring-expression/4.1.1.RELEASE/spring-expression-4.1.1.RELEASE.jar:/Users/keerati/.m2/repository/org/springframework/spring-test/4.1.1.RELEASE/spring-test-4.1.1.RELEASE.jar:/Users/keerati/.m2/repository/junit/junit/4.11/junit-4.11.jar:/Users/keerati/.m2/repository/org/hamcrest/hamcrest-core/1.3/hamcrest-core-1.3.jar:/Users/keerati/.m2/repository/org/springframework/spring-orm/4.1.1.RELEASE/spring-orm-4.1.1.RELEASE.jar:/Users/keerati/.m2/repository/org/springframework/spring-jdbc/4.1.1.RELEASE/spring-jdbc-4.1.1.RELEASE.jar:/Users/keerati/.m2/repository/org/springframework/spring-tx/4.1.1.RELEASE/spring-tx-4.1.1.RELEASE.jar:/Users/keerati/.m2/repository/org/hibernate/hibernate-entitymanager/4.3.5.Final/hibernate-entitymanager-4.3.5.Final.jar:/Users/keerati/.m2/repository/org/jboss/logging/jboss-logging/3.1.3.GA/jboss-logging-3.1.3.GA.jar:/Users/keerati/.m2/repository/org/jboss/logging/jboss-logging-annotations/1.2.0.Beta1/jboss-logging-annotations-1.2.0.Beta1.jar:/Users/keerati/.m2/repository/dom4j/dom4j/1.6.1/dom4j-1.6.1.jar:/Users/keerati/.m2/repository/xml-apis/xml-apis/1.0.b2/xml-apis-1.0.b2.jar:/Users/keerati/.m2/repository/org/hibernate/common/hibernate-commons-annotations/4.0.4.Final/hibernate-commons-annotations-4.0.4.Final.jar:/Users/keerati/.m2/repository/org/hibernate/javax/persistence/hibernate-jpa-2.1-api/1.0.0.Final/hibernate-jpa-2.1-api-1.0.0.Final.jar:/Users/keerati/.m2/repository/org/jboss/spec/javax/transaction/jboss-transaction-api_1.2_spec/1.0.0.Final/jboss-transaction-api_1.2_spec-1.0.0.Final.jar:/Users/keerati/.m2/repository/org/javassist/javassist/3.18.1-GA/javassist-3.18.1-GA.jar:/Users/keerati/.m2/repository/org/hibernate/hibernate-core/4.3.5.Final/hibernate-core-4.3.5.Final.jar:/Users/keerati/.m2/repository/antlr/antlr/2.7.7/antlr-2.7.7.jar:/Users/keerati/.m2/repository/org/jboss/jandex/1.1.0.Final/jandex-1.1.0.Final.jar:/Users/keerati/.m2/repository/mysql/mysql-connector-java/5.1.9/mysql-connector-java-5.1.9.jar:/Users/keerati/.m2/repository/commons-dbcp/commons-dbcp/1.4/commons-dbcp-1.4.jar:/Users/keerati/.m2/repository/commons-pool/commons-pool/1.5.4/commons-pool-1.5.4.jar:/Users/keerati/.m2/repository/javax/servlet/jstl/1.2/jstl-1.2.jar:, hibernate.bytecode.use_reflection_optimizer=false, hibernate.show_sql=true, hibernate.classLoader.application=sun.misc.Launcher$AppClassLoader@76f33280, java.vm.specification.version=1.7, sun.arch.data.model=64, java.home=/Library/Java/JavaVirtualMachines/jdk1.7.0_72.jdk/Contents/Home/jre, sun.java.command=/Users/keerati/Documents/untitled1/target/surefire/surefirebooter4272538156988032564.jar /Users/keerati/Documents/untitled1/target/surefire/surefire4502834524592775211tmp /Users/keerati/Documents/untitled1/target/surefire/surefire_01208786900203707467tmp, hibernate.dialect=org.hibernate.dialect.MySQLDialect, java.specification.vendor=Oracle Corporation, user.language=en, awt.toolkit=sun.lwawt.macosx.LWCToolkit, java.vm.info=mixed mode, java.version=1.7.0_72, java.ext.dirs=/Users/keerati/Library/Java/Extensions:/Library/Java/JavaVirtualMachines/jdk1.7.0_72.jdk/Contents/Home/jre/lib/ext:/Library/Java/Extensions:/Network/Library/Java/Extensions:/System/Library/Java/Extensions:/usr/lib/java, sun.boot.class.path=/Library/Java/JavaVirtualMachines/jdk1.7.0_72.jdk/Contents/Home/jre/lib/resources.jar:/Library/Java/JavaVirtualMachines/jdk1.7.0_72.jdk/Contents/Home/jre/lib/rt.jar:/Library/Java/JavaVirtualMachines/jdk1.7.0_72.jdk/Contents/Home/jre/lib/sunrsasign.jar:/Library/Java/JavaVirtualMachines/jdk1.7.0_72.jdk/Contents/Home/jre/lib/jsse.jar:/Library/Java/JavaVirtualMachines/jdk1.7.0_72.jdk/Contents/Home/jre/lib/jce.jar:/Library/Java/JavaVirtualMachines/jdk1.7.0_72.jdk/Contents/Home/jre/lib/charsets.jar:/Library/Java/JavaVirtualMachines/jdk1.7.0_72.jdk/Contents/Home/jre/lib/jfr.jar:/Library/Java/JavaVirtualMachines/jdk1.7.0_72.jdk/Contents/Home/jre/classes, java.vendor=Oracle Corporation, localRepository=/Users/keerati/.m2/repository, file.separator=/, java.vendor.url.bug=http://bugreport.sun.com/bugreport/, sun.cpu.endian=little, sun.io.unicode.encoding=UnicodeBig, sun.cpu.isalist=}
2015-07-03 10:35:08 DEBUG JaccIntegrator:90 - Skipping JACC integration as it was not enabled
2015-07-03 10:35:08 DEBUG DefaultIdentifierGeneratorFactory:107 - Setting dialect [org.hibernate.dialect.MySQLDialect]
2015-07-03 10:35:08 DEBUG DefaultIdentifierGeneratorFactory:107 - Setting dialect [org.hibernate.dialect.MySQLDialect]
2015-07-03 10:35:08 DEBUG DefaultIdentifierGeneratorFactory:107 - Setting dialect [org.hibernate.dialect.MySQLDialect]
2015-07-03 10:35:08 DEBUG AbstractEntityPersister:3676 - Static SQL for entity: com.ascend.tmn.scouter.model.KiosLog
2015-07-03 10:35:08 DEBUG AbstractEntityPersister:3681 -  Version select: select id from kios where id =?
2015-07-03 10:35:08 DEBUG AbstractEntityPersister:3684 -  Snapshot select: select kioslog_.id, kioslog_.message as message2_0_ from kios kioslog_ where kioslog_.id=?
2015-07-03 10:35:08 DEBUG AbstractEntityPersister:3687 -  Insert 0: insert into kios (message, id) values (?, ?)
2015-07-03 10:35:08 DEBUG AbstractEntityPersister:3688 -  Update 0: update kios set message=? where id=?
2015-07-03 10:35:08 DEBUG AbstractEntityPersister:3689 -  Delete 0: delete from kios where id=?
2015-07-03 10:35:08 DEBUG AbstractEntityPersister:3692 -  Identity insert: insert into kios (message) values (?)
2015-07-03 10:35:08 DEBUG QuerySpacesImpl:177 - Adding QuerySpace : uid = &lt;gen:0&gt; -&gt; org.hibernate.loader.plan.build.internal.spaces.EntityQuerySpaceImpl@79b89df3]
2015-07-03 10:35:09 DEBUG MetamodelGraphWalker:154 - Visiting attribute path : message
2015-07-03 10:35:09 DEBUG FetchStyleLoadPlanBuildingAssociationVisitationStrategy:94 - Building LoadPlan...
2015-07-03 10:35:09 DEBUG LoadQueryJoinAndFetchProcessor:111 - processing queryspace &lt;gen:0&gt;
2015-07-03 10:35:09 DEBUG LoadPlanTreePrinter:72 - LoadPlan(entity=com.ascend.tmn.scouter.model.KiosLog)
    - Returns
       - EntityReturnImpl(entity=com.ascend.tmn.scouter.model.KiosLog, querySpaceUid=&lt;gen:0&gt;, path=com.ascend.tmn.scouter.model.KiosLog)
    - QuerySpaces
       - EntityQuerySpaceImpl(uid=&lt;gen:0&gt;, entity=com.ascend.tmn.scouter.model.KiosLog)
          - SQL table alias mapping - kioslog0_
          - alias suffix - 0_
          - suffixed key columns - {id1_0_0_}

2015-07-03 10:35:09 DEBUG EntityLoader:146 - Static select for entity com.ascend.tmn.scouter.model.KiosLog [NONE]: select kioslog0_.id as id1_0_0_, kioslog0_.message as message2_0_0_ from kios kioslog0_ where kioslog0_.id=?
2015-07-03 10:35:09 DEBUG QuerySpacesImpl:177 - Adding QuerySpace : uid = &lt;gen:0&gt; -&gt; org.hibernate.loader.plan.build.internal.spaces.EntityQuerySpaceImpl@538eb326]
2015-07-03 10:35:09 DEBUG MetamodelGraphWalker:154 - Visiting attribute path : message
2015-07-03 10:35:09 DEBUG FetchStyleLoadPlanBuildingAssociationVisitationStrategy:94 - Building LoadPlan...
2015-07-03 10:35:09 DEBUG LoadQueryJoinAndFetchProcessor:111 - processing queryspace &lt;gen:0&gt;
2015-07-03 10:35:09 DEBUG LoadPlanTreePrinter:72 - LoadPlan(entity=com.ascend.tmn.scouter.model.KiosLog)
    - Returns
       - EntityReturnImpl(entity=com.ascend.tmn.scouter.model.KiosLog, querySpaceUid=&lt;gen:0&gt;, path=com.ascend.tmn.scouter.model.KiosLog)
    - QuerySpaces
       - EntityQuerySpaceImpl(uid=&lt;gen:0&gt;, entity=com.ascend.tmn.scouter.model.KiosLog)
          - SQL table alias mapping - kioslog0_
          - alias suffix - 0_
          - suffixed key columns - {id1_0_0_}

2015-07-03 10:35:09 DEBUG EntityLoader:146 - Static select for entity com.ascend.tmn.scouter.model.KiosLog [READ]: select kioslog0_.id as id1_0_0_, kioslog0_.message as message2_0_0_ from kios kioslog0_ where kioslog0_.id=?
2015-07-03 10:35:09 DEBUG QuerySpacesImpl:177 - Adding QuerySpace : uid = &lt;gen:0&gt; -&gt; org.hibernate.loader.plan.build.internal.spaces.EntityQuerySpaceImpl@2aaef238]
2015-07-03 10:35:09 DEBUG MetamodelGraphWalker:154 - Visiting attribute path : message
2015-07-03 10:35:09 DEBUG FetchStyleLoadPlanBuildingAssociationVisitationStrategy:94 - Building LoadPlan...
2015-07-03 10:35:09 DEBUG LoadQueryJoinAndFetchProcessor:111 - processing queryspace &lt;gen:0&gt;
2015-07-03 10:35:09 DEBUG LoadPlanTreePrinter:72 - LoadPlan(entity=com.ascend.tmn.scouter.model.KiosLog)
    - Returns
       - EntityReturnImpl(entity=com.ascend.tmn.scouter.model.KiosLog, querySpaceUid=&lt;gen:0&gt;, path=com.ascend.tmn.scouter.model.KiosLog)
    - QuerySpaces
       - EntityQuerySpaceImpl(uid=&lt;gen:0&gt;, entity=com.ascend.tmn.scouter.model.KiosLog)
          - SQL table alias mapping - kioslog0_
          - alias suffix - 0_
          - suffixed key columns - {id1_0_0_}

2015-07-03 10:35:09 DEBUG EntityLoader:146 - Static select for entity com.ascend.tmn.scouter.model.KiosLog [UPGRADE]: select kioslog0_.id as id1_0_0_, kioslog0_.message as message2_0_0_ from kios kioslog0_ where kioslog0_.id=? for update
2015-07-03 10:35:09 DEBUG QuerySpacesImpl:177 - Adding QuerySpace : uid = &lt;gen:0&gt; -&gt; org.hibernate.loader.plan.build.internal.spaces.EntityQuerySpaceImpl@52000523]
2015-07-03 10:35:09 DEBUG MetamodelGraphWalker:154 - Visiting attribute path : message
2015-07-03 10:35:09 DEBUG FetchStyleLoadPlanBuildingAssociationVisitationStrategy:94 - Building LoadPlan...
2015-07-03 10:35:09 DEBUG LoadQueryJoinAndFetchProcessor:111 - processing queryspace &lt;gen:0&gt;
2015-07-03 10:35:09 DEBUG LoadPlanTreePrinter:72 - LoadPlan(entity=com.ascend.tmn.scouter.model.KiosLog)
    - Returns
       - EntityReturnImpl(entity=com.ascend.tmn.scouter.model.KiosLog, querySpaceUid=&lt;gen:0&gt;, path=com.ascend.tmn.scouter.model.KiosLog)
    - QuerySpaces
       - EntityQuerySpaceImpl(uid=&lt;gen:0&gt;, entity=com.ascend.tmn.scouter.model.KiosLog)
          - SQL table alias mapping - kioslog0_
          - alias suffix - 0_
          - suffixed key columns - {id1_0_0_}

2015-07-03 10:35:09 DEBUG EntityLoader:146 - Static select for entity com.ascend.tmn.scouter.model.KiosLog [UPGRADE_NOWAIT]: select kioslog0_.id as id1_0_0_, kioslog0_.message as message2_0_0_ from kios kioslog0_ where kioslog0_.id=? for update
2015-07-03 10:35:09 DEBUG QuerySpacesImpl:177 - Adding QuerySpace : uid = &lt;gen:0&gt; -&gt; org.hibernate.loader.plan.build.internal.spaces.EntityQuerySpaceImpl@393a0262]
2015-07-03 10:35:09 DEBUG MetamodelGraphWalker:154 - Visiting attribute path : message
2015-07-03 10:35:09 DEBUG FetchStyleLoadPlanBuildingAssociationVisitationStrategy:94 - Building LoadPlan...
2015-07-03 10:35:09 DEBUG LoadQueryJoinAndFetchProcessor:111 - processing queryspace &lt;gen:0&gt;
2015-07-03 10:35:09 DEBUG LoadPlanTreePrinter:72 - LoadPlan(entity=com.ascend.tmn.scouter.model.KiosLog)
    - Returns
       - EntityReturnImpl(entity=com.ascend.tmn.scouter.model.KiosLog, querySpaceUid=&lt;gen:0&gt;, path=com.ascend.tmn.scouter.model.KiosLog)
    - QuerySpaces
       - EntityQuerySpaceImpl(uid=&lt;gen:0&gt;, entity=com.ascend.tmn.scouter.model.KiosLog)
          - SQL table alias mapping - kioslog0_
          - alias suffix - 0_
          - suffixed key columns - {id1_0_0_}

2015-07-03 10:35:09 DEBUG EntityLoader:146 - Static select for entity com.ascend.tmn.scouter.model.KiosLog [UPGRADE_SKIPLOCKED]: select kioslog0_.id as id1_0_0_, kioslog0_.message as message2_0_0_ from kios kioslog0_ where kioslog0_.id=? for update
2015-07-03 10:35:09 DEBUG QuerySpacesImpl:177 - Adding QuerySpace : uid = &lt;gen:0&gt; -&gt; org.hibernate.loader.plan.build.internal.spaces.EntityQuerySpaceImpl@299979e4]
2015-07-03 10:35:09 DEBUG MetamodelGraphWalker:154 - Visiting attribute path : message
2015-07-03 10:35:09 DEBUG FetchStyleLoadPlanBuildingAssociationVisitationStrategy:94 - Building LoadPlan...
2015-07-03 10:35:09 DEBUG LoadQueryJoinAndFetchProcessor:111 - processing queryspace &lt;gen:0&gt;
2015-07-03 10:35:09 DEBUG LoadPlanTreePrinter:72 - LoadPlan(entity=com.ascend.tmn.scouter.model.KiosLog)
    - Returns
       - EntityReturnImpl(entity=com.ascend.tmn.scouter.model.KiosLog, querySpaceUid=&lt;gen:0&gt;, path=com.ascend.tmn.scouter.model.KiosLog)
    - QuerySpaces
       - EntityQuerySpaceImpl(uid=&lt;gen:0&gt;, entity=com.ascend.tmn.scouter.model.KiosLog)
          - SQL table alias mapping - kioslog0_
          - alias suffix - 0_
          - suffixed key columns - {id1_0_0_}

2015-07-03 10:35:09 DEBUG EntityLoader:146 - Static select for entity com.ascend.tmn.scouter.model.KiosLog [FORCE]: select kioslog0_.id as id1_0_0_, kioslog0_.message as message2_0_0_ from kios kioslog0_ where kioslog0_.id=? for update
2015-07-03 10:35:09 DEBUG QuerySpacesImpl:177 - Adding QuerySpace : uid = &lt;gen:0&gt; -&gt; org.hibernate.loader.plan.build.internal.spaces.EntityQuerySpaceImpl@6e2d119d]
2015-07-03 10:35:09 DEBUG MetamodelGraphWalker:154 - Visiting attribute path : message
2015-07-03 10:35:09 DEBUG FetchStyleLoadPlanBuildingAssociationVisitationStrategy:94 - Building LoadPlan...
2015-07-03 10:35:09 DEBUG LoadQueryJoinAndFetchProcessor:111 - processing queryspace &lt;gen:0&gt;
2015-07-03 10:35:09 DEBUG LoadPlanTreePrinter:72 - LoadPlan(entity=com.ascend.tmn.scouter.model.KiosLog)
    - Returns
       - EntityReturnImpl(entity=com.ascend.tmn.scouter.model.KiosLog, querySpaceUid=&lt;gen:0&gt;, path=com.ascend.tmn.scouter.model.KiosLog)
    - QuerySpaces
       - EntityQuerySpaceImpl(uid=&lt;gen:0&gt;, entity=com.ascend.tmn.scouter.model.KiosLog)
          - SQL table alias mapping - kioslog0_
          - alias suffix - 0_
          - suffixed key columns - {id1_0_0_}

2015-07-03 10:35:09 DEBUG EntityLoader:146 - Static select for entity com.ascend.tmn.scouter.model.KiosLog [PESSIMISTIC_READ]: select kioslog0_.id as id1_0_0_, kioslog0_.message as message2_0_0_ from kios kioslog0_ where kioslog0_.id=? lock in share mode
2015-07-03 10:35:09 DEBUG QuerySpacesImpl:177 - Adding QuerySpace : uid = &lt;gen:0&gt; -&gt; org.hibernate.loader.plan.build.internal.spaces.EntityQuerySpaceImpl@6272f16]
2015-07-03 10:35:09 DEBUG MetamodelGraphWalker:154 - Visiting attribute path : message
2015-07-03 10:35:09 DEBUG FetchStyleLoadPlanBuildingAssociationVisitationStrategy:94 - Building LoadPlan...
2015-07-03 10:35:09 DEBUG LoadQueryJoinAndFetchProcessor:111 - processing queryspace &lt;gen:0&gt;
2015-07-03 10:35:09 DEBUG LoadPlanTreePrinter:72 - LoadPlan(entity=com.ascend.tmn.scouter.model.KiosLog)
    - Returns
       - EntityReturnImpl(entity=com.ascend.tmn.scouter.model.KiosLog, querySpaceUid=&lt;gen:0&gt;, path=com.ascend.tmn.scouter.model.KiosLog)
    - QuerySpaces
       - EntityQuerySpaceImpl(uid=&lt;gen:0&gt;, entity=com.ascend.tmn.scouter.model.KiosLog)
          - SQL table alias mapping - kioslog0_
          - alias suffix - 0_
          - suffixed key columns - {id1_0_0_}

2015-07-03 10:35:09 DEBUG EntityLoader:146 - Static select for entity com.ascend.tmn.scouter.model.KiosLog [PESSIMISTIC_WRITE]: select kioslog0_.id as id1_0_0_, kioslog0_.message as message2_0_0_ from kios kioslog0_ where kioslog0_.id=? for update
2015-07-03 10:35:09 DEBUG QuerySpacesImpl:177 - Adding QuerySpace : uid = &lt;gen:0&gt; -&gt; org.hibernate.loader.plan.build.internal.spaces.EntityQuerySpaceImpl@68c181f0]
2015-07-03 10:35:09 DEBUG MetamodelGraphWalker:154 - Visiting attribute path : message
2015-07-03 10:35:09 DEBUG FetchStyleLoadPlanBuildingAssociationVisitationStrategy:94 - Building LoadPlan...
2015-07-03 10:35:09 DEBUG LoadQueryJoinAndFetchProcessor:111 - processing queryspace &lt;gen:0&gt;
2015-07-03 10:35:09 DEBUG LoadPlanTreePrinter:72 - LoadPlan(entity=com.ascend.tmn.scouter.model.KiosLog)
    - Returns
       - EntityReturnImpl(entity=com.ascend.tmn.scouter.model.KiosLog, querySpaceUid=&lt;gen:0&gt;, path=com.ascend.tmn.scouter.model.KiosLog)
    - QuerySpaces
       - EntityQuerySpaceImpl(uid=&lt;gen:0&gt;, entity=com.ascend.tmn.scouter.model.KiosLog)
          - SQL table alias mapping - kioslog0_
          - alias suffix - 0_
          - suffixed key columns - {id1_0_0_}

2015-07-03 10:35:09 DEBUG EntityLoader:146 - Static select for entity com.ascend.tmn.scouter.model.KiosLog [PESSIMISTIC_FORCE_INCREMENT]: select kioslog0_.id as id1_0_0_, kioslog0_.message as message2_0_0_ from kios kioslog0_ where kioslog0_.id=? for update
2015-07-03 10:35:09 DEBUG QuerySpacesImpl:177 - Adding QuerySpace : uid = &lt;gen:0&gt; -&gt; org.hibernate.loader.plan.build.internal.spaces.EntityQuerySpaceImpl@220336f0]
2015-07-03 10:35:09 DEBUG MetamodelGraphWalker:154 - Visiting attribute path : message
2015-07-03 10:35:09 DEBUG FetchStyleLoadPlanBuildingAssociationVisitationStrategy:94 - Building LoadPlan...
2015-07-03 10:35:09 DEBUG LoadQueryJoinAndFetchProcessor:111 - processing queryspace &lt;gen:0&gt;
2015-07-03 10:35:09 DEBUG LoadPlanTreePrinter:72 - LoadPlan(entity=com.ascend.tmn.scouter.model.KiosLog)
    - Returns
       - EntityReturnImpl(entity=com.ascend.tmn.scouter.model.KiosLog, querySpaceUid=&lt;gen:0&gt;, path=com.ascend.tmn.scouter.model.KiosLog)
    - QuerySpaces
       - EntityQuerySpaceImpl(uid=&lt;gen:0&gt;, entity=com.ascend.tmn.scouter.model.KiosLog)
          - SQL table alias mapping - kioslog0_
          - alias suffix - 0_
          - suffixed key columns - {id1_0_0_}

2015-07-03 10:35:09 DEBUG EntityLoader:146 - Static select for entity com.ascend.tmn.scouter.model.KiosLog [OPTIMISTIC]: select kioslog0_.id as id1_0_0_, kioslog0_.message as message2_0_0_ from kios kioslog0_ where kioslog0_.id=?
2015-07-03 10:35:09 DEBUG QuerySpacesImpl:177 - Adding QuerySpace : uid = &lt;gen:0&gt; -&gt; org.hibernate.loader.plan.build.internal.spaces.EntityQuerySpaceImpl@30926bd7]
2015-07-03 10:35:09 DEBUG MetamodelGraphWalker:154 - Visiting attribute path : message
2015-07-03 10:35:09 DEBUG FetchStyleLoadPlanBuildingAssociationVisitationStrategy:94 - Building LoadPlan...
2015-07-03 10:35:09 DEBUG LoadQueryJoinAndFetchProcessor:111 - processing queryspace &lt;gen:0&gt;
2015-07-03 10:35:09 DEBUG LoadPlanTreePrinter:72 - LoadPlan(entity=com.ascend.tmn.scouter.model.KiosLog)
    - Returns
       - EntityReturnImpl(entity=com.ascend.tmn.scouter.model.KiosLog, querySpaceUid=&lt;gen:0&gt;, path=com.ascend.tmn.scouter.model.KiosLog)
    - QuerySpaces
       - EntityQuerySpaceImpl(uid=&lt;gen:0&gt;, entity=com.ascend.tmn.scouter.model.KiosLog)
          - SQL table alias mapping - kioslog0_
          - alias suffix - 0_
          - suffixed key columns - {id1_0_0_}

2015-07-03 10:35:09 DEBUG EntityLoader:146 - Static select for entity com.ascend.tmn.scouter.model.KiosLog [OPTIMISTIC_FORCE_INCREMENT]: select kioslog0_.id as id1_0_0_, kioslog0_.message as message2_0_0_ from kios kioslog0_ where kioslog0_.id=?
2015-07-03 10:35:09 DEBUG Loader:56 - Static select for action ACTION_MERGE on entity com.ascend.tmn.scouter.model.KiosLog: select kioslog0_.id as id1_0_0_, kioslog0_.message as message2_0_0_ from kios kioslog0_ where kioslog0_.id=?
2015-07-03 10:35:09 DEBUG Loader:56 - Static select for action ACTION_REFRESH on entity com.ascend.tmn.scouter.model.KiosLog: select kioslog0_.id as id1_0_0_, kioslog0_.message as message2_0_0_ from kios kioslog0_ where kioslog0_.id=?
2015-07-03 10:35:09 DEBUG AbstractEntityPersister:3676 - Static SQL for entity: com.ascend.tmn.scouter.model.PrepaidLog
2015-07-03 10:35:09 DEBUG AbstractEntityPersister:3681 -  Version select: select id from prepaid where id =?
2015-07-03 10:35:09 DEBUG AbstractEntityPersister:3684 -  Snapshot select: select prepaidlog_.id, prepaidlog_.message as message2_2_ from prepaid prepaidlog_ where prepaidlog_.id=?
2015-07-03 10:35:09 DEBUG AbstractEntityPersister:3687 -  Insert 0: insert into prepaid (message, id) values (?, ?)
2015-07-03 10:35:09 DEBUG AbstractEntityPersister:3688 -  Update 0: update prepaid set message=? where id=?
2015-07-03 10:35:09 DEBUG AbstractEntityPersister:3689 -  Delete 0: delete from prepaid where id=?
2015-07-03 10:35:09 DEBUG AbstractEntityPersister:3692 -  Identity insert: insert into prepaid (message) values (?)
2015-07-03 10:35:09 DEBUG QuerySpacesImpl:177 - Adding QuerySpace : uid = &lt;gen:0&gt; -&gt; org.hibernate.loader.plan.build.internal.spaces.EntityQuerySpaceImpl@2cfb6861]
2015-07-03 10:35:09 DEBUG MetamodelGraphWalker:154 - Visiting attribute path : message
2015-07-03 10:35:09 DEBUG FetchStyleLoadPlanBuildingAssociationVisitationStrategy:94 - Building LoadPlan...
2015-07-03 10:35:09 DEBUG LoadQueryJoinAndFetchProcessor:111 - processing queryspace &lt;gen:0&gt;
2015-07-03 10:35:09 DEBUG LoadPlanTreePrinter:72 - LoadPlan(entity=com.ascend.tmn.scouter.model.PrepaidLog)
    - Returns
       - EntityReturnImpl(entity=com.ascend.tmn.scouter.model.PrepaidLog, querySpaceUid=&lt;gen:0&gt;, path=com.ascend.tmn.scouter.model.PrepaidLog)
    - QuerySpaces
       - EntityQuerySpaceImpl(uid=&lt;gen:0&gt;, entity=com.ascend.tmn.scouter.model.PrepaidLog)
          - SQL table alias mapping - prepaidlog0_
          - alias suffix - 0_
          - suffixed key columns - {id1_2_0_}

2015-07-03 10:35:09 DEBUG EntityLoader:146 - Static select for entity com.ascend.tmn.scouter.model.PrepaidLog [NONE]: select prepaidlog0_.id as id1_2_0_, prepaidlog0_.message as message2_2_0_ from prepaid prepaidlog0_ where prepaidlog0_.id=?
2015-07-03 10:35:09 DEBUG QuerySpacesImpl:177 - Adding QuerySpace : uid = &lt;gen:0&gt; -&gt; org.hibernate.loader.plan.build.internal.spaces.EntityQuerySpaceImpl@2553f366]
2015-07-03 10:35:09 DEBUG MetamodelGraphWalker:154 - Visiting attribute path : message
2015-07-03 10:35:09 DEBUG FetchStyleLoadPlanBuildingAssociationVisitationStrategy:94 - Building LoadPlan...
2015-07-03 10:35:09 DEBUG LoadQueryJoinAndFetchProcessor:111 - processing queryspace &lt;gen:0&gt;
2015-07-03 10:35:09 DEBUG LoadPlanTreePrinter:72 - LoadPlan(entity=com.ascend.tmn.scouter.model.PrepaidLog)
    - Returns
       - EntityReturnImpl(entity=com.ascend.tmn.scouter.model.PrepaidLog, querySpaceUid=&lt;gen:0&gt;, path=com.ascend.tmn.scouter.model.PrepaidLog)
    - QuerySpaces
       - EntityQuerySpaceImpl(uid=&lt;gen:0&gt;, entity=com.ascend.tmn.scouter.model.PrepaidLog)
          - SQL table alias mapping - prepaidlog0_
          - alias suffix - 0_
          - suffixed key columns - {id1_2_0_}

2015-07-03 10:35:09 DEBUG EntityLoader:146 - Static select for entity com.ascend.tmn.scouter.model.PrepaidLog [READ]: select prepaidlog0_.id as id1_2_0_, prepaidlog0_.message as message2_2_0_ from prepaid prepaidlog0_ where prepaidlog0_.id=?
2015-07-03 10:35:09 DEBUG QuerySpacesImpl:177 - Adding QuerySpace : uid = &lt;gen:0&gt; -&gt; org.hibernate.loader.plan.build.internal.spaces.EntityQuerySpaceImpl@55a36fe]
2015-07-03 10:35:09 DEBUG MetamodelGraphWalker:154 - Visiting attribute path : message
2015-07-03 10:35:09 DEBUG FetchStyleLoadPlanBuildingAssociationVisitationStrategy:94 - Building LoadPlan...
2015-07-03 10:35:09 DEBUG LoadQueryJoinAndFetchProcessor:111 - processing queryspace &lt;gen:0&gt;
2015-07-03 10:35:09 DEBUG LoadPlanTreePrinter:72 - LoadPlan(entity=com.ascend.tmn.scouter.model.PrepaidLog)
    - Returns
       - EntityReturnImpl(entity=com.ascend.tmn.scouter.model.PrepaidLog, querySpaceUid=&lt;gen:0&gt;, path=com.ascend.tmn.scouter.model.PrepaidLog)
    - QuerySpaces
       - EntityQuerySpaceImpl(uid=&lt;gen:0&gt;, entity=com.ascend.tmn.scouter.model.PrepaidLog)
          - SQL table alias mapping - prepaidlog0_
          - alias suffix - 0_
          - suffixed key columns - {id1_2_0_}

2015-07-03 10:35:09 DEBUG EntityLoader:146 - Static select for entity com.ascend.tmn.scouter.model.PrepaidLog [UPGRADE]: select prepaidlog0_.id as id1_2_0_, prepaidlog0_.message as message2_2_0_ from prepaid prepaidlog0_ where prepaidlog0_.id=? for update
2015-07-03 10:35:09 DEBUG QuerySpacesImpl:177 - Adding QuerySpace : uid = &lt;gen:0&gt; -&gt; org.hibernate.loader.plan.build.internal.spaces.EntityQuerySpaceImpl@536b8d48]
2015-07-03 10:35:09 DEBUG MetamodelGraphWalker:154 - Visiting attribute path : message
2015-07-03 10:35:09 DEBUG FetchStyleLoadPlanBuildingAssociationVisitationStrategy:94 - Building LoadPlan...
2015-07-03 10:35:09 DEBUG LoadQueryJoinAndFetchProcessor:111 - processing queryspace &lt;gen:0&gt;
2015-07-03 10:35:09 DEBUG LoadPlanTreePrinter:72 - LoadPlan(entity=com.ascend.tmn.scouter.model.PrepaidLog)
    - Returns
       - EntityReturnImpl(entity=com.ascend.tmn.scouter.model.PrepaidLog, querySpaceUid=&lt;gen:0&gt;, path=com.ascend.tmn.scouter.model.PrepaidLog)
    - QuerySpaces
       - EntityQuerySpaceImpl(uid=&lt;gen:0&gt;, entity=com.ascend.tmn.scouter.model.PrepaidLog)
          - SQL table alias mapping - prepaidlog0_
          - alias suffix - 0_
          - suffixed key columns - {id1_2_0_}

2015-07-03 10:35:09 DEBUG EntityLoader:146 - Static select for entity com.ascend.tmn.scouter.model.PrepaidLog [UPGRADE_NOWAIT]: select prepaidlog0_.id as id1_2_0_, prepaidlog0_.message as message2_2_0_ from prepaid prepaidlog0_ where prepaidlog0_.id=? for update
2015-07-03 10:35:09 DEBUG QuerySpacesImpl:177 - Adding QuerySpace : uid = &lt;gen:0&gt; -&gt; org.hibernate.loader.plan.build.internal.spaces.EntityQuerySpaceImpl@b6b60ab]
2015-07-03 10:35:09 DEBUG MetamodelGraphWalker:154 - Visiting attribute path : message
2015-07-03 10:35:09 DEBUG FetchStyleLoadPlanBuildingAssociationVisitationStrategy:94 - Building LoadPlan...
2015-07-03 10:35:09 DEBUG LoadQueryJoinAndFetchProcessor:111 - processing queryspace &lt;gen:0&gt;
2015-07-03 10:35:09 DEBUG LoadPlanTreePrinter:72 - LoadPlan(entity=com.ascend.tmn.scouter.model.PrepaidLog)
    - Returns
       - EntityReturnImpl(entity=com.ascend.tmn.scouter.model.PrepaidLog, querySpaceUid=&lt;gen:0&gt;, path=com.ascend.tmn.scouter.model.PrepaidLog)
    - QuerySpaces
       - EntityQuerySpaceImpl(uid=&lt;gen:0&gt;, entity=com.ascend.tmn.scouter.model.PrepaidLog)
          - SQL table alias mapping - prepaidlog0_
          - alias suffix - 0_
          - suffixed key columns - {id1_2_0_}

2015-07-03 10:35:09 DEBUG EntityLoader:146 - Static select for entity com.ascend.tmn.scouter.model.PrepaidLog [UPGRADE_SKIPLOCKED]: select prepaidlog0_.id as id1_2_0_, prepaidlog0_.message as message2_2_0_ from prepaid prepaidlog0_ where prepaidlog0_.id=? for update
2015-07-03 10:35:09 DEBUG QuerySpacesImpl:177 - Adding QuerySpace : uid = &lt;gen:0&gt; -&gt; org.hibernate.loader.plan.build.internal.spaces.EntityQuerySpaceImpl@449aec8]
2015-07-03 10:35:09 DEBUG MetamodelGraphWalker:154 - Visiting attribute path : message
2015-07-03 10:35:09 DEBUG FetchStyleLoadPlanBuildingAssociationVisitationStrategy:94 - Building LoadPlan...
2015-07-03 10:35:09 DEBUG LoadQueryJoinAndFetchProcessor:111 - processing queryspace &lt;gen:0&gt;
2015-07-03 10:35:09 DEBUG LoadPlanTreePrinter:72 - LoadPlan(entity=com.ascend.tmn.scouter.model.PrepaidLog)
    - Returns
       - EntityReturnImpl(entity=com.ascend.tmn.scouter.model.PrepaidLog, querySpaceUid=&lt;gen:0&gt;, path=com.ascend.tmn.scouter.model.PrepaidLog)
    - QuerySpaces
       - EntityQuerySpaceImpl(uid=&lt;gen:0&gt;, entity=com.ascend.tmn.scouter.model.PrepaidLog)
          - SQL table alias mapping - prepaidlog0_
          - alias suffix - 0_
          - suffixed key columns - {id1_2_0_}

2015-07-03 10:35:09 DEBUG EntityLoader:146 - Static select for entity com.ascend.tmn.scouter.model.PrepaidLog [FORCE]: select prepaidlog0_.id as id1_2_0_, prepaidlog0_.message as message2_2_0_ from prepaid prepaidlog0_ where prepaidlog0_.id=? for update
2015-07-03 10:35:09 DEBUG QuerySpacesImpl:177 - Adding QuerySpace : uid = &lt;gen:0&gt; -&gt; org.hibernate.loader.plan.build.internal.spaces.EntityQuerySpaceImpl@56b73d4a]
2015-07-03 10:35:09 DEBUG MetamodelGraphWalker:154 - Visiting attribute path : message
2015-07-03 10:35:09 DEBUG FetchStyleLoadPlanBuildingAssociationVisitationStrategy:94 - Building LoadPlan...
2015-07-03 10:35:09 DEBUG LoadQueryJoinAndFetchProcessor:111 - processing queryspace &lt;gen:0&gt;
2015-07-03 10:35:09 DEBUG LoadPlanTreePrinter:72 - LoadPlan(entity=com.ascend.tmn.scouter.model.PrepaidLog)
    - Returns
       - EntityReturnImpl(entity=com.ascend.tmn.scouter.model.PrepaidLog, querySpaceUid=&lt;gen:0&gt;, path=com.ascend.tmn.scouter.model.PrepaidLog)
    - QuerySpaces
       - EntityQuerySpaceImpl(uid=&lt;gen:0&gt;, entity=com.ascend.tmn.scouter.model.PrepaidLog)
          - SQL table alias mapping - prepaidlog0_
          - alias suffix - 0_
          - suffixed key columns - {id1_2_0_}

2015-07-03 10:35:09 DEBUG EntityLoader:146 - Static select for entity com.ascend.tmn.scouter.model.PrepaidLog [PESSIMISTIC_READ]: select prepaidlog0_.id as id1_2_0_, prepaidlog0_.message as message2_2_0_ from prepaid prepaidlog0_ where prepaidlog0_.id=? lock in share mode
2015-07-03 10:35:09 DEBUG QuerySpacesImpl:177 - Adding QuerySpace : uid = &lt;gen:0&gt; -&gt; org.hibernate.loader.plan.build.internal.spaces.EntityQuerySpaceImpl@da7809c]
2015-07-03 10:35:09 DEBUG MetamodelGraphWalker:154 - Visiting attribute path : message
2015-07-03 10:35:09 DEBUG FetchStyleLoadPlanBuildingAssociationVisitationStrategy:94 - Building LoadPlan...
2015-07-03 10:35:09 DEBUG LoadQueryJoinAndFetchProcessor:111 - processing queryspace &lt;gen:0&gt;
2015-07-03 10:35:09 DEBUG LoadPlanTreePrinter:72 - LoadPlan(entity=com.ascend.tmn.scouter.model.PrepaidLog)
    - Returns
       - EntityReturnImpl(entity=com.ascend.tmn.scouter.model.PrepaidLog, querySpaceUid=&lt;gen:0&gt;, path=com.ascend.tmn.scouter.model.PrepaidLog)
    - QuerySpaces
       - EntityQuerySpaceImpl(uid=&lt;gen:0&gt;, entity=com.ascend.tmn.scouter.model.PrepaidLog)
          - SQL table alias mapping - prepaidlog0_
          - alias suffix - 0_
          - suffixed key columns - {id1_2_0_}

2015-07-03 10:35:09 DEBUG EntityLoader:146 - Static select for entity com.ascend.tmn.scouter.model.PrepaidLog [PESSIMISTIC_WRITE]: select prepaidlog0_.id as id1_2_0_, prepaidlog0_.message as message2_2_0_ from prepaid prepaidlog0_ where prepaidlog0_.id=? for update
2015-07-03 10:35:09 DEBUG QuerySpacesImpl:177 - Adding QuerySpace : uid = &lt;gen:0&gt; -&gt; org.hibernate.loader.plan.build.internal.spaces.EntityQuerySpaceImpl@12073544]
2015-07-03 10:35:09 DEBUG MetamodelGraphWalker:154 - Visiting attribute path : message
2015-07-03 10:35:09 DEBUG FetchStyleLoadPlanBuildingAssociationVisitationStrategy:94 - Building LoadPlan...
2015-07-03 10:35:09 DEBUG LoadQueryJoinAndFetchProcessor:111 - processing queryspace &lt;gen:0&gt;
2015-07-03 10:35:09 DEBUG LoadPlanTreePrinter:72 - LoadPlan(entity=com.ascend.tmn.scouter.model.PrepaidLog)
    - Returns
       - EntityReturnImpl(entity=com.ascend.tmn.scouter.model.PrepaidLog, querySpaceUid=&lt;gen:0&gt;, path=com.ascend.tmn.scouter.model.PrepaidLog)
    - QuerySpaces
       - EntityQuerySpaceImpl(uid=&lt;gen:0&gt;, entity=com.ascend.tmn.scouter.model.PrepaidLog)
          - SQL table alias mapping - prepaidlog0_
          - alias suffix - 0_
          - suffixed key columns - {id1_2_0_}

2015-07-03 10:35:09 DEBUG EntityLoader:146 - Static select for entity com.ascend.tmn.scouter.model.PrepaidLog [PESSIMISTIC_FORCE_INCREMENT]: select prepaidlog0_.id as id1_2_0_, prepaidlog0_.message as message2_2_0_ from prepaid prepaidlog0_ where prepaidlog0_.id=? for update
2015-07-03 10:35:09 DEBUG QuerySpacesImpl:177 - Adding QuerySpace : uid = &lt;gen:0&gt; -&gt; org.hibernate.loader.plan.build.internal.spaces.EntityQuerySpaceImpl@6411a006]
2015-07-03 10:35:09 DEBUG MetamodelGraphWalker:154 - Visiting attribute path : message
2015-07-03 10:35:09 DEBUG FetchStyleLoadPlanBuildingAssociationVisitationStrategy:94 - Building LoadPlan...
2015-07-03 10:35:09 DEBUG LoadQueryJoinAndFetchProcessor:111 - processing queryspace &lt;gen:0&gt;
2015-07-03 10:35:09 DEBUG LoadPlanTreePrinter:72 - LoadPlan(entity=com.ascend.tmn.scouter.model.PrepaidLog)
    - Returns
       - EntityReturnImpl(entity=com.ascend.tmn.scouter.model.PrepaidLog, querySpaceUid=&lt;gen:0&gt;, path=com.ascend.tmn.scouter.model.PrepaidLog)
    - QuerySpaces
       - EntityQuerySpaceImpl(uid=&lt;gen:0&gt;, entity=com.ascend.tmn.scouter.model.PrepaidLog)
          - SQL table alias mapping - prepaidlog0_
          - alias suffix - 0_
          - suffixed key columns - {id1_2_0_}

2015-07-03 10:35:09 DEBUG EntityLoader:146 - Static select for entity com.ascend.tmn.scouter.model.PrepaidLog [OPTIMISTIC]: select prepaidlog0_.id as id1_2_0_, prepaidlog0_.message as message2_2_0_ from prepaid prepaidlog0_ where prepaidlog0_.id=?
2015-07-03 10:35:09 DEBUG QuerySpacesImpl:177 - Adding QuerySpace : uid = &lt;gen:0&gt; -&gt; org.hibernate.loader.plan.build.internal.spaces.EntityQuerySpaceImpl@6506b132]
2015-07-03 10:35:09 DEBUG MetamodelGraphWalker:154 - Visiting attribute path : message
2015-07-03 10:35:09 DEBUG FetchStyleLoadPlanBuildingAssociationVisitationStrategy:94 - Building LoadPlan...
2015-07-03 10:35:09 DEBUG LoadQueryJoinAndFetchProcessor:111 - processing queryspace &lt;gen:0&gt;
2015-07-03 10:35:09 DEBUG LoadPlanTreePrinter:72 - LoadPlan(entity=com.ascend.tmn.scouter.model.PrepaidLog)
    - Returns
       - EntityReturnImpl(entity=com.ascend.tmn.scouter.model.PrepaidLog, querySpaceUid=&lt;gen:0&gt;, path=com.ascend.tmn.scouter.model.PrepaidLog)
    - QuerySpaces
       - EntityQuerySpaceImpl(uid=&lt;gen:0&gt;, entity=com.ascend.tmn.scouter.model.PrepaidLog)
          - SQL table alias mapping - prepaidlog0_
          - alias suffix - 0_
          - suffixed key columns - {id1_2_0_}

2015-07-03 10:35:09 DEBUG EntityLoader:146 - Static select for entity com.ascend.tmn.scouter.model.PrepaidLog [OPTIMISTIC_FORCE_INCREMENT]: select prepaidlog0_.id as id1_2_0_, prepaidlog0_.message as message2_2_0_ from prepaid prepaidlog0_ where prepaidlog0_.id=?
2015-07-03 10:35:09 DEBUG Loader:56 - Static select for action ACTION_MERGE on entity com.ascend.tmn.scouter.model.PrepaidLog: select prepaidlog0_.id as id1_2_0_, prepaidlog0_.message as message2_2_0_ from prepaid prepaidlog0_ where prepaidlog0_.id=?
2015-07-03 10:35:09 DEBUG Loader:56 - Static select for action ACTION_REFRESH on entity com.ascend.tmn.scouter.model.PrepaidLog: select prepaidlog0_.id as id1_2_0_, prepaidlog0_.message as message2_2_0_ from prepaid prepaidlog0_ where prepaidlog0_.id=?
2015-07-03 10:35:09 DEBUG AbstractEntityPersister:3676 - Static SQL for entity: com.ascend.tmn.scouter.model.KiosHibernateLog
2015-07-03 10:35:09 DEBUG AbstractEntityPersister:3681 -  Version select: select id from kioshib where id =?
2015-07-03 10:35:09 DEBUG AbstractEntityPersister:3684 -  Snapshot select: select kioshibern_.id, kioshibern_.message as message2_1_ from kioshib kioshibern_ where kioshibern_.id=?
2015-07-03 10:35:09 DEBUG AbstractEntityPersister:3687 -  Insert 0: insert into kioshib (message, id) values (?, ?)
2015-07-03 10:35:09 DEBUG AbstractEntityPersister:3688 -  Update 0: update kioshib set message=? where id=?
2015-07-03 10:35:09 DEBUG AbstractEntityPersister:3689 -  Delete 0: delete from kioshib where id=?
2015-07-03 10:35:09 DEBUG AbstractEntityPersister:3692 -  Identity insert: insert into kioshib (message) values (?)
2015-07-03 10:35:09 DEBUG QuerySpacesImpl:177 - Adding QuerySpace : uid = &lt;gen:0&gt; -&gt; org.hibernate.loader.plan.build.internal.spaces.EntityQuerySpaceImpl@6c880fed]
2015-07-03 10:35:09 DEBUG MetamodelGraphWalker:154 - Visiting attribute path : message
2015-07-03 10:35:09 DEBUG FetchStyleLoadPlanBuildingAssociationVisitationStrategy:94 - Building LoadPlan...
2015-07-03 10:35:09 DEBUG LoadQueryJoinAndFetchProcessor:111 - processing queryspace &lt;gen:0&gt;
2015-07-03 10:35:09 DEBUG LoadPlanTreePrinter:72 - LoadPlan(entity=com.ascend.tmn.scouter.model.KiosHibernateLog)
    - Returns
       - EntityReturnImpl(entity=com.ascend.tmn.scouter.model.KiosHibernateLog, querySpaceUid=&lt;gen:0&gt;, path=com.ascend.tmn.scouter.model.KiosHibernateLog)
    - QuerySpaces
       - EntityQuerySpaceImpl(uid=&lt;gen:0&gt;, entity=com.ascend.tmn.scouter.model.KiosHibernateLog)
          - SQL table alias mapping - kioshibern0_
          - alias suffix - 0_
          - suffixed key columns - {id1_1_0_}

2015-07-03 10:35:09 DEBUG EntityLoader:146 - Static select for entity com.ascend.tmn.scouter.model.KiosHibernateLog [NONE]: select kioshibern0_.id as id1_1_0_, kioshibern0_.message as message2_1_0_ from kioshib kioshibern0_ where kioshibern0_.id=?
2015-07-03 10:35:09 DEBUG QuerySpacesImpl:177 - Adding QuerySpace : uid = &lt;gen:0&gt; -&gt; org.hibernate.loader.plan.build.internal.spaces.EntityQuerySpaceImpl@2e17578f]
2015-07-03 10:35:09 DEBUG MetamodelGraphWalker:154 - Visiting attribute path : message
2015-07-03 10:35:09 DEBUG FetchStyleLoadPlanBuildingAssociationVisitationStrategy:94 - Building LoadPlan...
2015-07-03 10:35:09 DEBUG LoadQueryJoinAndFetchProcessor:111 - processing queryspace &lt;gen:0&gt;
2015-07-03 10:35:09 DEBUG LoadPlanTreePrinter:72 - LoadPlan(entity=com.ascend.tmn.scouter.model.KiosHibernateLog)
    - Returns
       - EntityReturnImpl(entity=com.ascend.tmn.scouter.model.KiosHibernateLog, querySpaceUid=&lt;gen:0&gt;, path=com.ascend.tmn.scouter.model.KiosHibernateLog)
    - QuerySpaces
       - EntityQuerySpaceImpl(uid=&lt;gen:0&gt;, entity=com.ascend.tmn.scouter.model.KiosHibernateLog)
          - SQL table alias mapping - kioshibern0_
          - alias suffix - 0_
          - suffixed key columns - {id1_1_0_}

2015-07-03 10:35:09 DEBUG EntityLoader:146 - Static select for entity com.ascend.tmn.scouter.model.KiosHibernateLog [READ]: select kioshibern0_.id as id1_1_0_, kioshibern0_.message as message2_1_0_ from kioshib kioshibern0_ where kioshibern0_.id=?
2015-07-03 10:35:09 DEBUG QuerySpacesImpl:177 - Adding QuerySpace : uid = &lt;gen:0&gt; -&gt; org.hibernate.loader.plan.build.internal.spaces.EntityQuerySpaceImpl@5569e2d0]
2015-07-03 10:35:09 DEBUG MetamodelGraphWalker:154 - Visiting attribute path : message
2015-07-03 10:35:09 DEBUG FetchStyleLoadPlanBuildingAssociationVisitationStrategy:94 - Building LoadPlan...
2015-07-03 10:35:09 DEBUG LoadQueryJoinAndFetchProcessor:111 - processing queryspace &lt;gen:0&gt;
2015-07-03 10:35:09 DEBUG LoadPlanTreePrinter:72 - LoadPlan(entity=com.ascend.tmn.scouter.model.KiosHibernateLog)
    - Returns
       - EntityReturnImpl(entity=com.ascend.tmn.scouter.model.KiosHibernateLog, querySpaceUid=&lt;gen:0&gt;, path=com.ascend.tmn.scouter.model.KiosHibernateLog)
    - QuerySpaces
       - EntityQuerySpaceImpl(uid=&lt;gen:0&gt;, entity=com.ascend.tmn.scouter.model.KiosHibernateLog)
          - SQL table alias mapping - kioshibern0_
          - alias suffix - 0_
          - suffixed key columns - {id1_1_0_}

2015-07-03 10:35:09 DEBUG EntityLoader:146 - Static select for entity com.ascend.tmn.scouter.model.KiosHibernateLog [UPGRADE]: select kioshibern0_.id as id1_1_0_, kioshibern0_.message as message2_1_0_ from kioshib kioshibern0_ where kioshibern0_.id=? for update
2015-07-03 10:35:09 DEBUG QuerySpacesImpl:177 - Adding QuerySpace : uid = &lt;gen:0&gt; -&gt; org.hibernate.loader.plan.build.internal.spaces.EntityQuerySpaceImpl@b2dd686]
2015-07-03 10:35:09 DEBUG MetamodelGraphWalker:154 - Visiting attribute path : message
2015-07-03 10:35:09 DEBUG FetchStyleLoadPlanBuildingAssociationVisitationStrategy:94 - Building LoadPlan...
2015-07-03 10:35:09 DEBUG LoadQueryJoinAndFetchProcessor:111 - processing queryspace &lt;gen:0&gt;
2015-07-03 10:35:09 DEBUG LoadPlanTreePrinter:72 - LoadPlan(entity=com.ascend.tmn.scouter.model.KiosHibernateLog)
    - Returns
       - EntityReturnImpl(entity=com.ascend.tmn.scouter.model.KiosHibernateLog, querySpaceUid=&lt;gen:0&gt;, path=com.ascend.tmn.scouter.model.KiosHibernateLog)
    - QuerySpaces
       - EntityQuerySpaceImpl(uid=&lt;gen:0&gt;, entity=com.ascend.tmn.scouter.model.KiosHibernateLog)
          - SQL table alias mapping - kioshibern0_
          - alias suffix - 0_
          - suffixed key columns - {id1_1_0_}

2015-07-03 10:35:09 DEBUG EntityLoader:146 - Static select for entity com.ascend.tmn.scouter.model.KiosHibernateLog [UPGRADE_NOWAIT]: select kioshibern0_.id as id1_1_0_, kioshibern0_.message as message2_1_0_ from kioshib kioshibern0_ where kioshibern0_.id=? for update
2015-07-03 10:35:09 DEBUG QuerySpacesImpl:177 - Adding QuerySpace : uid = &lt;gen:0&gt; -&gt; org.hibernate.loader.plan.build.internal.spaces.EntityQuerySpaceImpl@1e3dc0bf]
2015-07-03 10:35:09 DEBUG MetamodelGraphWalker:154 - Visiting attribute path : message
2015-07-03 10:35:09 DEBUG FetchStyleLoadPlanBuildingAssociationVisitationStrategy:94 - Building LoadPlan...
2015-07-03 10:35:09 DEBUG LoadQueryJoinAndFetchProcessor:111 - processing queryspace &lt;gen:0&gt;
2015-07-03 10:35:09 DEBUG LoadPlanTreePrinter:72 - LoadPlan(entity=com.ascend.tmn.scouter.model.KiosHibernateLog)
    - Returns
       - EntityReturnImpl(entity=com.ascend.tmn.scouter.model.KiosHibernateLog, querySpaceUid=&lt;gen:0&gt;, path=com.ascend.tmn.scouter.model.KiosHibernateLog)
    - QuerySpaces
       - EntityQuerySpaceImpl(uid=&lt;gen:0&gt;, entity=com.ascend.tmn.scouter.model.KiosHibernateLog)
          - SQL table alias mapping - kioshibern0_
          - alias suffix - 0_
          - suffixed key columns - {id1_1_0_}

2015-07-03 10:35:09 DEBUG EntityLoader:146 - Static select for entity com.ascend.tmn.scouter.model.KiosHibernateLog [UPGRADE_SKIPLOCKED]: select kioshibern0_.id as id1_1_0_, kioshibern0_.message as message2_1_0_ from kioshib kioshibern0_ where kioshibern0_.id=? for update
2015-07-03 10:35:09 DEBUG QuerySpacesImpl:177 - Adding QuerySpace : uid = &lt;gen:0&gt; -&gt; org.hibernate.loader.plan.build.internal.spaces.EntityQuerySpaceImpl@9720f12]
2015-07-03 10:35:09 DEBUG MetamodelGraphWalker:154 - Visiting attribute path : message
2015-07-03 10:35:09 DEBUG FetchStyleLoadPlanBuildingAssociationVisitationStrategy:94 - Building LoadPlan...
2015-07-03 10:35:09 DEBUG LoadQueryJoinAndFetchProcessor:111 - processing queryspace &lt;gen:0&gt;
2015-07-03 10:35:09 DEBUG LoadPlanTreePrinter:72 - LoadPlan(entity=com.ascend.tmn.scouter.model.KiosHibernateLog)
    - Returns
       - EntityReturnImpl(entity=com.ascend.tmn.scouter.model.KiosHibernateLog, querySpaceUid=&lt;gen:0&gt;, path=com.ascend.tmn.scouter.model.KiosHibernateLog)
    - QuerySpaces
       - EntityQuerySpaceImpl(uid=&lt;gen:0&gt;, entity=com.ascend.tmn.scouter.model.KiosHibernateLog)
          - SQL table alias mapping - kioshibern0_
          - alias suffix - 0_
          - suffixed key columns - {id1_1_0_}

2015-07-03 10:35:09 DEBUG EntityLoader:146 - Static select for entity com.ascend.tmn.scouter.model.KiosHibernateLog [FORCE]: select kioshibern0_.id as id1_1_0_, kioshibern0_.message as message2_1_0_ from kioshib kioshibern0_ where kioshibern0_.id=? for update
2015-07-03 10:35:09 DEBUG QuerySpacesImpl:177 - Adding QuerySpace : uid = &lt;gen:0&gt; -&gt; org.hibernate.loader.plan.build.internal.spaces.EntityQuerySpaceImpl@761454de]
2015-07-03 10:35:09 DEBUG MetamodelGraphWalker:154 - Visiting attribute path : message
2015-07-03 10:35:09 DEBUG FetchStyleLoadPlanBuildingAssociationVisitationStrategy:94 - Building LoadPlan...
2015-07-03 10:35:09 DEBUG LoadQueryJoinAndFetchProcessor:111 - processing queryspace &lt;gen:0&gt;
2015-07-03 10:35:09 DEBUG LoadPlanTreePrinter:72 - LoadPlan(entity=com.ascend.tmn.scouter.model.KiosHibernateLog)
    - Returns
       - EntityReturnImpl(entity=com.ascend.tmn.scouter.model.KiosHibernateLog, querySpaceUid=&lt;gen:0&gt;, path=com.ascend.tmn.scouter.model.KiosHibernateLog)
    - QuerySpaces
       - EntityQuerySpaceImpl(uid=&lt;gen:0&gt;, entity=com.ascend.tmn.scouter.model.KiosHibernateLog)
          - SQL table alias mapping - kioshibern0_
          - alias suffix - 0_
          - suffixed key columns - {id1_1_0_}

2015-07-03 10:35:09 DEBUG EntityLoader:146 - Static select for entity com.ascend.tmn.scouter.model.KiosHibernateLog [PESSIMISTIC_READ]: select kioshibern0_.id as id1_1_0_, kioshibern0_.message as message2_1_0_ from kioshib kioshibern0_ where kioshibern0_.id=? lock in share mode
2015-07-03 10:35:09 DEBUG QuerySpacesImpl:177 - Adding QuerySpace : uid = &lt;gen:0&gt; -&gt; org.hibernate.loader.plan.build.internal.spaces.EntityQuerySpaceImpl@257a5bf7]
2015-07-03 10:35:09 DEBUG MetamodelGraphWalker:154 - Visiting attribute path : message
2015-07-03 10:35:09 DEBUG FetchStyleLoadPlanBuildingAssociationVisitationStrategy:94 - Building LoadPlan...
2015-07-03 10:35:09 DEBUG LoadQueryJoinAndFetchProcessor:111 - processing queryspace &lt;gen:0&gt;
2015-07-03 10:35:09 DEBUG LoadPlanTreePrinter:72 - LoadPlan(entity=com.ascend.tmn.scouter.model.KiosHibernateLog)
    - Returns
       - EntityReturnImpl(entity=com.ascend.tmn.scouter.model.KiosHibernateLog, querySpaceUid=&lt;gen:0&gt;, path=com.ascend.tmn.scouter.model.KiosHibernateLog)
    - QuerySpaces
       - EntityQuerySpaceImpl(uid=&lt;gen:0&gt;, entity=com.ascend.tmn.scouter.model.KiosHibernateLog)
          - SQL table alias mapping - kioshibern0_
          - alias suffix - 0_
          - suffixed key columns - {id1_1_0_}

2015-07-03 10:35:09 DEBUG EntityLoader:146 - Static select for entity com.ascend.tmn.scouter.model.KiosHibernateLog [PESSIMISTIC_WRITE]: select kioshibern0_.id as id1_1_0_, kioshibern0_.message as message2_1_0_ from kioshib kioshibern0_ where kioshibern0_.id=? for update
2015-07-03 10:35:09 DEBUG QuerySpacesImpl:177 - Adding QuerySpace : uid = &lt;gen:0&gt; -&gt; org.hibernate.loader.plan.build.internal.spaces.EntityQuerySpaceImpl@566e8ed9]
2015-07-03 10:35:09 DEBUG MetamodelGraphWalker:154 - Visiting attribute path : message
2015-07-03 10:35:09 DEBUG FetchStyleLoadPlanBuildingAssociationVisitationStrategy:94 - Building LoadPlan...
2015-07-03 10:35:09 DEBUG LoadQueryJoinAndFetchProcessor:111 - processing queryspace &lt;gen:0&gt;
2015-07-03 10:35:09 DEBUG LoadPlanTreePrinter:72 - LoadPlan(entity=com.ascend.tmn.scouter.model.KiosHibernateLog)
    - Returns
       - EntityReturnImpl(entity=com.ascend.tmn.scouter.model.KiosHibernateLog, querySpaceUid=&lt;gen:0&gt;, path=com.ascend.tmn.scouter.model.KiosHibernateLog)
    - QuerySpaces
       - EntityQuerySpaceImpl(uid=&lt;gen:0&gt;, entity=com.ascend.tmn.scouter.model.KiosHibernateLog)
          - SQL table alias mapping - kioshibern0_
          - alias suffix - 0_
          - suffixed key columns - {id1_1_0_}

2015-07-03 10:35:09 DEBUG EntityLoader:146 - Static select for entity com.ascend.tmn.scouter.model.KiosHibernateLog [PESSIMISTIC_FORCE_INCREMENT]: select kioshibern0_.id as id1_1_0_, kioshibern0_.message as message2_1_0_ from kioshib kioshibern0_ where kioshibern0_.id=? for update
2015-07-03 10:35:09 DEBUG QuerySpacesImpl:177 - Adding QuerySpace : uid = &lt;gen:0&gt; -&gt; org.hibernate.loader.plan.build.internal.spaces.EntityQuerySpaceImpl@6f361ec7]
2015-07-03 10:35:09 DEBUG MetamodelGraphWalker:154 - Visiting attribute path : message
2015-07-03 10:35:09 DEBUG FetchStyleLoadPlanBuildingAssociationVisitationStrategy:94 - Building LoadPlan...
2015-07-03 10:35:09 DEBUG LoadQueryJoinAndFetchProcessor:111 - processing queryspace &lt;gen:0&gt;
2015-07-03 10:35:09 DEBUG LoadPlanTreePrinter:72 - LoadPlan(entity=com.ascend.tmn.scouter.model.KiosHibernateLog)
    - Returns
       - EntityReturnImpl(entity=com.ascend.tmn.scouter.model.KiosHibernateLog, querySpaceUid=&lt;gen:0&gt;, path=com.ascend.tmn.scouter.model.KiosHibernateLog)
    - QuerySpaces
       - EntityQuerySpaceImpl(uid=&lt;gen:0&gt;, entity=com.ascend.tmn.scouter.model.KiosHibernateLog)
          - SQL table alias mapping - kioshibern0_
          - alias suffix - 0_
          - suffixed key columns - {id1_1_0_}

2015-07-03 10:35:09 DEBUG EntityLoader:146 - Static select for entity com.ascend.tmn.scouter.model.KiosHibernateLog [OPTIMISTIC]: select kioshibern0_.id as id1_1_0_, kioshibern0_.message as message2_1_0_ from kioshib kioshibern0_ where kioshibern0_.id=?
2015-07-03 10:35:09 DEBUG QuerySpacesImpl:177 - Adding QuerySpace : uid = &lt;gen:0&gt; -&gt; org.hibernate.loader.plan.build.internal.spaces.EntityQuerySpaceImpl@2de6f4e1]
2015-07-03 10:35:09 DEBUG MetamodelGraphWalker:154 - Visiting attribute path : message
2015-07-03 10:35:09 DEBUG FetchStyleLoadPlanBuildingAssociationVisitationStrategy:94 - Building LoadPlan...
2015-07-03 10:35:09 DEBUG LoadQueryJoinAndFetchProcessor:111 - processing queryspace &lt;gen:0&gt;
2015-07-03 10:35:09 DEBUG LoadPlanTreePrinter:72 - LoadPlan(entity=com.ascend.tmn.scouter.model.KiosHibernateLog)
    - Returns
       - EntityReturnImpl(entity=com.ascend.tmn.scouter.model.KiosHibernateLog, querySpaceUid=&lt;gen:0&gt;, path=com.ascend.tmn.scouter.model.KiosHibernateLog)
    - QuerySpaces
       - EntityQuerySpaceImpl(uid=&lt;gen:0&gt;, entity=com.ascend.tmn.scouter.model.KiosHibernateLog)
          - SQL table alias mapping - kioshibern0_
          - alias suffix - 0_
          - suffixed key columns - {id1_1_0_}

2015-07-03 10:35:09 DEBUG EntityLoader:146 - Static select for entity com.ascend.tmn.scouter.model.KiosHibernateLog [OPTIMISTIC_FORCE_INCREMENT]: select kioshibern0_.id as id1_1_0_, kioshibern0_.message as message2_1_0_ from kioshib kioshibern0_ where kioshibern0_.id=?
2015-07-03 10:35:09 DEBUG Loader:56 - Static select for action ACTION_MERGE on entity com.ascend.tmn.scouter.model.KiosHibernateLog: select kioshibern0_.id as id1_1_0_, kioshibern0_.message as message2_1_0_ from kioshib kioshibern0_ where kioshibern0_.id=?
2015-07-03 10:35:09 DEBUG Loader:56 - Static select for action ACTION_REFRESH on entity com.ascend.tmn.scouter.model.KiosHibernateLog: select kioshibern0_.id as id1_1_0_, kioshibern0_.message as message2_1_0_ from kioshib kioshibern0_ where kioshibern0_.id=?
2015-07-03 10:35:09 DEBUG SessionFactoryRegistry:67 - Initializing SessionFactoryRegistry : org.hibernate.internal.SessionFactoryRegistry@7a78115
2015-07-03 10:35:09 DEBUG SessionFactoryRegistry:89 - Registering SessionFactory: 692d95c7-65f9-4d17-be18-803f60c1825a (&lt;unnamed&gt;)
2015-07-03 10:35:09 DEBUG SessionFactoryRegistry:96 - Not binding SessionFactory to JNDI, no JNDI name configured
2015-07-03 10:35:09 DEBUG SessionFactoryImpl:505 - Instantiated session factory
2015-07-03 10:35:09 DEBUG NamedQueryRepository:155 - Checking 0 named HQL queries
2015-07-03 10:35:09 DEBUG NamedQueryRepository:171 - Checking 0 named SQL queries
2015-07-03 10:35:09 DEBUG StatisticsInitiator:110 - Statistics initialized [enabled=false]
2015-07-03 10:35:09 DEBUG DefaultListableBeanFactory:247 - Returning cached instance of singleton bean &apos;org.springframework.transaction.config.internalTransactionAdvisor&apos;
2015-07-03 10:35:09 DEBUG DefaultListableBeanFactory:478 - Finished creating instance of bean &apos;hibernate4AnnotatedSessionFactory&apos;
2015-07-03 10:35:09 DEBUG DefaultListableBeanFactory:247 - Returning cached instance of singleton bean &apos;org.springframework.transaction.config.internalTransactionAdvisor&apos;
2015-07-03 10:35:09 DEBUG AutowiredAnnotationBeanPostProcessor:474 - Autowiring by type from bean name &apos;logDAOHibernateImpl&apos; to bean named &apos;hibernate4AnnotatedSessionFactory&apos;
2015-07-03 10:35:09 DEBUG DefaultListableBeanFactory:247 - Returning cached instance of singleton bean &apos;org.springframework.transaction.config.internalTransactionAdvisor&apos;
2015-07-03 10:35:09 DEBUG AnnotationTransactionAttributeSource:108 - Adding transactional method &apos;LogDAOHibernateImpl.getKiosLog&apos; with attribute: PROPAGATION_REQUIRED,ISOLATION_DEFAULT; &apos;&apos;
2015-07-03 10:35:09 DEBUG InfrastructureAdvisorAutoProxyCreator:503 - Creating implicit proxy for bean &apos;logDAOHibernateImpl&apos; with 0 common interceptors and 1 specific interceptors
2015-07-03 10:35:09 DEBUG JdkDynamicAopProxy:117 - Creating JDK dynamic proxy: target source is SingletonTargetSource for target object [com.ascend.tmn.scouter.repository.LogDAOHibernateImpl@17e63683]
2015-07-03 10:35:09 DEBUG DefaultListableBeanFactory:478 - Finished creating instance of bean &apos;logDAOHibernateImpl&apos;
2015-07-03 10:35:09 DEBUG AutowiredAnnotationBeanPostProcessor:474 - Autowiring by type from bean name &apos;logServiceImpl&apos; to bean named &apos;logDAOHibernateImpl&apos;
2015-07-03 10:35:09 DEBUG InjectionMetadata:85 - Processing injected method of bean &apos;logServiceImpl&apos;: AutowiredFieldElement for private com.ascend.tmn.scouter.config.Configuration com.ascend.tmn.scouter.service.LogServiceImpl.config
2015-07-03 10:35:09 DEBUG DefaultListableBeanFactory:247 - Returning cached instance of singleton bean &apos;configuration&apos;
2015-07-03 10:35:09 DEBUG AutowiredAnnotationBeanPostProcessor:474 - Autowiring by type from bean name &apos;logServiceImpl&apos; to bean named &apos;configuration&apos;
2015-07-03 10:35:09 DEBUG DefaultListableBeanFactory:247 - Returning cached instance of singleton bean &apos;org.springframework.transaction.config.internalTransactionAdvisor&apos;
2015-07-03 10:35:09 DEBUG DefaultListableBeanFactory:478 - Finished creating instance of bean &apos;logServiceImpl&apos;
2015-07-03 10:35:09 DEBUG AutowiredAnnotationBeanPostProcessor:474 - Autowiring by type from bean name &apos;logSimulatorController&apos; to bean named &apos;logServiceImpl&apos;
2015-07-03 10:35:09 DEBUG InjectionMetadata:85 - Processing injected method of bean &apos;logSimulatorController&apos;: AutowiredFieldElement for private com.ascend.tmn.scouter.service.RobotCustomer com.ascend.tmn.scouter.controller.LogSimulatorController.robotCustomer1
2015-07-03 10:35:09 DEBUG DefaultListableBeanFactory:220 - Creating shared instance of singleton bean &apos;robotCustomer1&apos;
2015-07-03 10:35:09 DEBUG DefaultListableBeanFactory:450 - Creating instance of bean &apos;robotCustomer1&apos;
2015-07-03 10:35:09 DEBUG InjectionMetadata:71 - Registered injected element on class [com.ascend.tmn.scouter.service.RobotCustomer]: AutowiredFieldElement for com.ascend.tmn.scouter.service.LogSimulatorService com.ascend.tmn.scouter.service.RobotCustomer.logSimulatorService
2015-07-03 10:35:09 DEBUG DefaultListableBeanFactory:524 - Eagerly caching bean &apos;robotCustomer1&apos; to allow for resolving potential circular references
2015-07-03 10:35:09 DEBUG InjectionMetadata:85 - Processing injected method of bean &apos;robotCustomer1&apos;: AutowiredFieldElement for com.ascend.tmn.scouter.service.LogSimulatorService com.ascend.tmn.scouter.service.RobotCustomer.logSimulatorService
2015-07-03 10:35:09 DEBUG DefaultListableBeanFactory:220 - Creating shared instance of singleton bean &apos;logSimulatorServiceImpl&apos;
2015-07-03 10:35:09 DEBUG DefaultListableBeanFactory:450 - Creating instance of bean &apos;logSimulatorServiceImpl&apos;
2015-07-03 10:35:09 DEBUG InjectionMetadata:71 - Registered injected element on class [com.ascend.tmn.scouter.service.LogSimulatorServiceImpl]: AutowiredFieldElement for private com.ascend.tmn.scouter.config.Configuration com.ascend.tmn.scouter.service.LogSimulatorServiceImpl.config
2015-07-03 10:35:09 DEBUG InjectionMetadata:71 - Registered injected element on class [com.ascend.tmn.scouter.service.LogSimulatorServiceImpl]: AutowiredFieldElement for com.ascend.tmn.scouter.service.LogServiceImpl com.ascend.tmn.scouter.service.LogSimulatorServiceImpl.logService
2015-07-03 10:35:09 DEBUG DefaultListableBeanFactory:524 - Eagerly caching bean &apos;logSimulatorServiceImpl&apos; to allow for resolving potential circular references
2015-07-03 10:35:09 DEBUG InjectionMetadata:85 - Processing injected method of bean &apos;logSimulatorServiceImpl&apos;: AutowiredFieldElement for private com.ascend.tmn.scouter.config.Configuration com.ascend.tmn.scouter.service.LogSimulatorServiceImpl.config
2015-07-03 10:35:09 DEBUG DefaultListableBeanFactory:247 - Returning cached instance of singleton bean &apos;configuration&apos;
2015-07-03 10:35:09 DEBUG AutowiredAnnotationBeanPostProcessor:474 - Autowiring by type from bean name &apos;logSimulatorServiceImpl&apos; to bean named &apos;configuration&apos;
2015-07-03 10:35:09 DEBUG InjectionMetadata:85 - Processing injected method of bean &apos;logSimulatorServiceImpl&apos;: AutowiredFieldElement for com.ascend.tmn.scouter.service.LogServiceImpl com.ascend.tmn.scouter.service.LogSimulatorServiceImpl.logService
2015-07-03 10:35:09 DEBUG DefaultListableBeanFactory:247 - Returning cached instance of singleton bean &apos;logServiceImpl&apos;
2015-07-03 10:35:09 DEBUG AutowiredAnnotationBeanPostProcessor:474 - Autowiring by type from bean name &apos;logSimulatorServiceImpl&apos; to bean named &apos;logServiceImpl&apos;
2015-07-03 10:35:09 DEBUG DefaultListableBeanFactory:247 - Returning cached instance of singleton bean &apos;org.springframework.transaction.config.internalTransactionAdvisor&apos;
2015-07-03 10:35:09 DEBUG DefaultListableBeanFactory:478 - Finished creating instance of bean &apos;logSimulatorServiceImpl&apos;
2015-07-03 10:35:09 DEBUG AutowiredAnnotationBeanPostProcessor:474 - Autowiring by type from bean name &apos;robotCustomer1&apos; to bean named &apos;logSimulatorServiceImpl&apos;
2015-07-03 10:35:09 DEBUG DefaultListableBeanFactory:247 - Returning cached instance of singleton bean &apos;org.springframework.transaction.config.internalTransactionAdvisor&apos;
2015-07-03 10:35:09 DEBUG DefaultListableBeanFactory:478 - Finished creating instance of bean &apos;robotCustomer1&apos;
2015-07-03 10:35:09 DEBUG AutowiredAnnotationBeanPostProcessor:474 - Autowiring by type from bean name &apos;logSimulatorController&apos; to bean named &apos;robotCustomer1&apos;
2015-07-03 10:35:09 DEBUG InjectionMetadata:85 - Processing injected method of bean &apos;logSimulatorController&apos;: AutowiredFieldElement for private com.ascend.tmn.scouter.service.RobotCustomer com.ascend.tmn.scouter.controller.LogSimulatorController.robotCustomer2
2015-07-03 10:35:09 DEBUG DefaultListableBeanFactory:220 - Creating shared instance of singleton bean &apos;robotCustomer2&apos;
2015-07-03 10:35:09 DEBUG DefaultListableBeanFactory:450 - Creating instance of bean &apos;robotCustomer2&apos;
2015-07-03 10:35:09 DEBUG InjectionMetadata:71 - Registered injected element on class [com.ascend.tmn.scouter.service.RobotCustomer]: AutowiredFieldElement for com.ascend.tmn.scouter.service.LogSimulatorService com.ascend.tmn.scouter.service.RobotCustomer.logSimulatorService
2015-07-03 10:35:09 DEBUG DefaultListableBeanFactory:524 - Eagerly caching bean &apos;robotCustomer2&apos; to allow for resolving potential circular references
2015-07-03 10:35:09 DEBUG InjectionMetadata:85 - Processing injected method of bean &apos;robotCustomer2&apos;: AutowiredFieldElement for com.ascend.tmn.scouter.service.LogSimulatorService com.ascend.tmn.scouter.service.RobotCustomer.logSimulatorService
2015-07-03 10:35:09 DEBUG DefaultListableBeanFactory:247 - Returning cached instance of singleton bean &apos;logSimulatorServiceImpl&apos;
2015-07-03 10:35:09 DEBUG AutowiredAnnotationBeanPostProcessor:474 - Autowiring by type from bean name &apos;robotCustomer2&apos; to bean named &apos;logSimulatorServiceImpl&apos;
2015-07-03 10:35:09 DEBUG DefaultListableBeanFactory:247 - Returning cached instance of singleton bean &apos;org.springframework.transaction.config.internalTransactionAdvisor&apos;
2015-07-03 10:35:09 DEBUG DefaultListableBeanFactory:478 - Finished creating instance of bean &apos;robotCustomer2&apos;
2015-07-03 10:35:09 DEBUG AutowiredAnnotationBeanPostProcessor:474 - Autowiring by type from bean name &apos;logSimulatorController&apos; to bean named &apos;robotCustomer2&apos;
2015-07-03 10:35:09 DEBUG DefaultListableBeanFactory:247 - Returning cached instance of singleton bean &apos;org.springframework.transaction.config.internalTransactionAdvisor&apos;
2015-07-03 10:35:09 DEBUG DefaultListableBeanFactory:478 - Finished creating instance of bean &apos;logSimulatorController&apos;
2015-07-03 10:35:09 DEBUG DefaultListableBeanFactory:247 - Returning cached instance of singleton bean &apos;logDAOHibernateImpl&apos;
2015-07-03 10:35:09 DEBUG DefaultListableBeanFactory:247 - Returning cached instance of singleton bean &apos;logServiceImpl&apos;
2015-07-03 10:35:09 DEBUG DefaultListableBeanFactory:247 - Returning cached instance of singleton bean &apos;logSimulatorServiceImpl&apos;
2015-07-03 10:35:09 DEBUG DefaultListableBeanFactory:247 - Returning cached instance of singleton bean &apos;org.springframework.context.annotation.internalConfigurationAnnotationProcessor&apos;
2015-07-03 10:35:09 DEBUG DefaultListableBeanFactory:247 - Returning cached instance of singleton bean &apos;org.springframework.context.annotation.internalAutowiredAnnotationProcessor&apos;
2015-07-03 10:35:09 DEBUG DefaultListableBeanFactory:247 - Returning cached instance of singleton bean &apos;org.springframework.context.annotation.internalRequiredAnnotationProcessor&apos;
2015-07-03 10:35:09 DEBUG DefaultListableBeanFactory:247 - Returning cached instance of singleton bean &apos;org.springframework.context.annotation.internalCommonAnnotationProcessor&apos;
2015-07-03 10:35:09 DEBUG DefaultListableBeanFactory:247 - Returning cached instance of singleton bean &apos;org.springframework.context.annotation.internalPersistenceAnnotationProcessor&apos;
2015-07-03 10:35:09 DEBUG DefaultListableBeanFactory:247 - Returning cached instance of singleton bean &apos;org.springframework.context.support.PropertySourcesPlaceholderConfigurer#0&apos;
2015-07-03 10:35:09 DEBUG DefaultListableBeanFactory:247 - Returning cached instance of singleton bean &apos;robotCustomer1&apos;
2015-07-03 10:35:09 DEBUG DefaultListableBeanFactory:247 - Returning cached instance of singleton bean &apos;robotCustomer2&apos;
2015-07-03 10:35:09 DEBUG DefaultListableBeanFactory:220 - Creating shared instance of singleton bean &apos;org.springframework.web.servlet.view.InternalResourceViewResolver#0&apos;
2015-07-03 10:35:09 DEBUG DefaultListableBeanFactory:450 - Creating instance of bean &apos;org.springframework.web.servlet.view.InternalResourceViewResolver#0&apos;
2015-07-03 10:35:09 DEBUG DefaultListableBeanFactory:524 - Eagerly caching bean &apos;org.springframework.web.servlet.view.InternalResourceViewResolver#0&apos; to allow for resolving potential circular references
2015-07-03 10:35:09 DEBUG DefaultListableBeanFactory:247 - Returning cached instance of singleton bean &apos;org.springframework.transaction.config.internalTransactionAdvisor&apos;
2015-07-03 10:35:09 DEBUG DefaultListableBeanFactory:478 - Finished creating instance of bean &apos;org.springframework.web.servlet.view.InternalResourceViewResolver#0&apos;
2015-07-03 10:35:09 DEBUG DefaultListableBeanFactory:247 - Returning cached instance of singleton bean &apos;dataSource&apos;
2015-07-03 10:35:09 DEBUG DefaultListableBeanFactory:247 - Returning cached instance of singleton bean &apos;hibernate4AnnotatedSessionFactory&apos;
2015-07-03 10:35:09 DEBUG DefaultListableBeanFactory:220 - Creating shared instance of singleton bean &apos;transactionManager&apos;
2015-07-03 10:35:09 DEBUG DefaultListableBeanFactory:450 - Creating instance of bean &apos;transactionManager&apos;
2015-07-03 10:35:09 DEBUG DefaultListableBeanFactory:524 - Eagerly caching bean &apos;transactionManager&apos; to allow for resolving potential circular references
2015-07-03 10:35:09 DEBUG DefaultListableBeanFactory:247 - Returning cached instance of singleton bean &apos;hibernate4AnnotatedSessionFactory&apos;
2015-07-03 10:35:09 DEBUG DefaultListableBeanFactory:1610 - Invoking afterPropertiesSet() on bean with name &apos;transactionManager&apos;
2015-07-03 10:35:09 INFO  HibernateTransactionManager:342 - Using DataSource [org.springframework.jdbc.datasource.DriverManagerDataSource@156f50d7] of Hibernate SessionFactory for HibernateTransactionManager
2015-07-03 10:35:09 DEBUG DefaultListableBeanFactory:247 - Returning cached instance of singleton bean &apos;org.springframework.transaction.config.internalTransactionAdvisor&apos;
2015-07-03 10:35:09 DEBUG DefaultListableBeanFactory:478 - Finished creating instance of bean &apos;transactionManager&apos;
2015-07-03 10:35:09 DEBUG DefaultListableBeanFactory:247 - Returning cached instance of singleton bean &apos;org.springframework.context.annotation.ConfigurationClassPostProcessor.importAwareProcessor&apos;
2015-07-03 10:35:09 DEBUG DefaultListableBeanFactory:247 - Returning cached instance of singleton bean &apos;org.springframework.context.annotation.ConfigurationClassPostProcessor.enhancedConfigurationProcessor&apos;
2015-07-03 10:35:09 DEBUG DefaultListableBeanFactory:247 - Returning cached instance of singleton bean &apos;org.springframework.transaction.annotation.ProxyTransactionManagementConfiguration&apos;
2015-07-03 10:35:09 DEBUG DefaultListableBeanFactory:247 - Returning cached instance of singleton bean &apos;org.springframework.transaction.config.internalTransactionAdvisor&apos;
2015-07-03 10:35:09 DEBUG DefaultListableBeanFactory:247 - Returning cached instance of singleton bean &apos;transactionAttributeSource&apos;
2015-07-03 10:35:09 DEBUG DefaultListableBeanFactory:247 - Returning cached instance of singleton bean &apos;transactionInterceptor&apos;
2015-07-03 10:35:09 DEBUG DefaultListableBeanFactory:247 - Returning cached instance of singleton bean &apos;org.springframework.aop.config.internalAutoProxyCreator&apos;
2015-07-03 10:35:09 DEBUG GenericWebApplicationContext:697 - Unable to locate LifecycleProcessor with name &apos;lifecycleProcessor&apos;: using default [org.springframework.context.support.DefaultLifecycleProcessor@619e65ae]
2015-07-03 10:35:09 DEBUG DefaultListableBeanFactory:247 - Returning cached instance of singleton bean &apos;lifecycleProcessor&apos;
2015-07-03 10:35:09 DEBUG PropertySourcesPropertyResolver:81 - Searching for key &apos;spring.liveBeansView.mbeanDomain&apos; in [servletConfigInitParams]
2015-07-03 10:35:09 DEBUG PropertySourcesPropertyResolver:81 - Searching for key &apos;spring.liveBeansView.mbeanDomain&apos; in [servletContextInitParams]
2015-07-03 10:35:09 DEBUG PropertySourcesPropertyResolver:81 - Searching for key &apos;spring.liveBeansView.mbeanDomain&apos; in [systemProperties]
2015-07-03 10:35:09 DEBUG PropertySourcesPropertyResolver:81 - Searching for key &apos;spring.liveBeansView.mbeanDomain&apos; in [systemEnvironment]
2015-07-03 10:35:09 DEBUG PropertySourcesPropertyResolver:81 - Searching for key &apos;spring.liveBeansView.mbeanDomain&apos; in [class path resource [database.properties]]
2015-07-03 10:35:09 DEBUG PropertySourcesPropertyResolver:103 - Could not find key &apos;spring.liveBeansView.mbeanDomain&apos; in any property source. Returning [null]
2015-07-03 10:35:09 DEBUG DefaultCacheAwareContextLoaderDelegate:85 - Storing ApplicationContext in cache under key [[WebMergedContextConfiguration@56911387 testClass = AppTests, locations = &apos;{file:src/main/webapp/WEB-INF/mvc-dispatcher-servlet.xml}&apos;, classes = &apos;{}&apos;, contextInitializerClasses = &apos;[]&apos;, activeProfiles = &apos;{}&apos;, propertySourceLocations = &apos;{}&apos;, propertySourceProperties = &apos;{}&apos;, resourceBasePath = &apos;src/main/webapp&apos;, contextLoader = &apos;org.springframework.test.context.web.WebDelegatingSmartContextLoader&apos;, parent = [null]]].
2015-07-03 10:35:09 DEBUG ServletTestExecutionListener:179 - Setting up MockHttpServletRequest, MockHttpServletResponse, ServletWebRequest, and RequestContextHolder for test context [DefaultTestContext@6dd79bd9 testClass = AppTests, testInstance = com.ascend.tmn.scouter.AppTests@6638fbe5, testMethod = [null], testException = [null], mergedContextConfiguration = [WebMergedContextConfiguration@56911387 testClass = AppTests, locations = &apos;{file:src/main/webapp/WEB-INF/mvc-dispatcher-servlet.xml}&apos;, classes = &apos;{}&apos;, contextInitializerClasses = &apos;[]&apos;, activeProfiles = &apos;{}&apos;, propertySourceLocations = &apos;{}&apos;, propertySourceProperties = &apos;{}&apos;, resourceBasePath = &apos;src/main/webapp&apos;, contextLoader = &apos;org.springframework.test.context.web.WebDelegatingSmartContextLoader&apos;, parent = [null]]].
2015-07-03 10:35:09 DEBUG DependencyInjectionTestExecutionListener:80 - Performing dependency injection for test context [[DefaultTestContext@6dd79bd9 testClass = AppTests, testInstance = com.ascend.tmn.scouter.AppTests@6638fbe5, testMethod = [null], testException = [null], mergedContextConfiguration = [WebMergedContextConfiguration@56911387 testClass = AppTests, locations = &apos;{file:src/main/webapp/WEB-INF/mvc-dispatcher-servlet.xml}&apos;, classes = &apos;{}&apos;, contextInitializerClasses = &apos;[]&apos;, activeProfiles = &apos;{}&apos;, propertySourceLocations = &apos;{}&apos;, propertySourceProperties = &apos;{}&apos;, resourceBasePath = &apos;src/main/webapp&apos;, contextLoader = &apos;org.springframework.test.context.web.WebDelegatingSmartContextLoader&apos;, parent = [null]]]].
2015-07-03 10:35:09 DEBUG DefaultCacheAwareContextLoaderDelegate:96 - Retrieved ApplicationContext from cache with key [[WebMergedContextConfiguration@56911387 testClass = AppTests, locations = &apos;{file:src/main/webapp/WEB-INF/mvc-dispatcher-servlet.xml}&apos;, classes = &apos;{}&apos;, contextInitializerClasses = &apos;[]&apos;, activeProfiles = &apos;{}&apos;, propertySourceLocations = &apos;{}&apos;, propertySourceProperties = &apos;{}&apos;, resourceBasePath = &apos;src/main/webapp&apos;, contextLoader = &apos;org.springframework.test.context.web.WebDelegatingSmartContextLoader&apos;, parent = [null]]].
2015-07-03 10:35:09 DEBUG InjectionMetadata:85 - Processing injected method of bean &apos;com.ascend.tmn.scouter.AppTests&apos;: AutowiredFieldElement for protected org.springframework.web.context.WebApplicationContext com.ascend.tmn.scouter.AppTests.wac
2015-07-03 10:35:09 DEBUG AutowiredAnnotationBeanPostProcessor:474 - Autowiring by type from bean name &apos;com.ascend.tmn.scouter.AppTests&apos; to bean named &apos;org.springframework.web.context.support.GenericWebApplicationContext@76bfd849&apos;
2015-07-03 10:35:09 DEBUG DefaultListableBeanFactory:247 - Returning cached instance of singleton bean &apos;org.springframework.transaction.config.internalTransactionAdvisor&apos;
2015-07-03 10:35:09 DEBUG TestDispatcherServlet:118 - Initializing servlet &apos;&apos;
2015-07-03 10:35:09 DEBUG StandardServletEnvironment:111 - Adding [servletConfigInitParams] PropertySource with lowest search precedence
2015-07-03 10:35:09 DEBUG StandardServletEnvironment:111 - Adding [servletContextInitParams] PropertySource with lowest search precedence
2015-07-03 10:35:09 DEBUG StandardServletEnvironment:111 - Adding [systemProperties] PropertySource with lowest search precedence
2015-07-03 10:35:09 DEBUG StandardServletEnvironment:111 - Adding [systemEnvironment] PropertySource with lowest search precedence
2015-07-03 10:35:09 DEBUG StandardServletEnvironment:126 - Initialized StandardServletEnvironment with PropertySources [servletConfigInitParams,servletContextInitParams,systemProperties,systemEnvironment]
2015-07-03 10:35:09 INFO  MockServletContext:444 - Initializing Spring FrameworkServlet &apos;&apos;
2015-07-03 10:35:09 INFO  TestDispatcherServlet:484 - FrameworkServlet &apos;&apos;: initialization started
2015-07-03 10:35:09 DEBUG TestDispatcherServlet:490 - Unable to locate MultipartResolver with name &apos;multipartResolver&apos;: no multipart request handling provided
2015-07-03 10:35:09 DEBUG DefaultListableBeanFactory:450 - Creating instance of bean &apos;org.springframework.web.servlet.i18n.AcceptHeaderLocaleResolver&apos;
2015-07-03 10:35:09 DEBUG DefaultListableBeanFactory:247 - Returning cached instance of singleton bean &apos;org.springframework.transaction.config.internalTransactionAdvisor&apos;
2015-07-03 10:35:09 DEBUG DefaultListableBeanFactory:478 - Finished creating instance of bean &apos;org.springframework.web.servlet.i18n.AcceptHeaderLocaleResolver&apos;
2015-07-03 10:35:09 DEBUG TestDispatcherServlet:512 - Unable to locate LocaleResolver with name &apos;localeResolver&apos;: using default [org.springframework.web.servlet.i18n.AcceptHeaderLocaleResolver@74e6cbcd]
2015-07-03 10:35:09 DEBUG DefaultListableBeanFactory:450 - Creating instance of bean &apos;org.springframework.web.servlet.theme.FixedThemeResolver&apos;
2015-07-03 10:35:09 DEBUG DefaultListableBeanFactory:247 - Returning cached instance of singleton bean &apos;org.springframework.transaction.config.internalTransactionAdvisor&apos;
2015-07-03 10:35:09 DEBUG DefaultListableBeanFactory:478 - Finished creating instance of bean &apos;org.springframework.web.servlet.theme.FixedThemeResolver&apos;
2015-07-03 10:35:09 DEBUG TestDispatcherServlet:534 - Unable to locate ThemeResolver with name &apos;themeResolver&apos;: using default [org.springframework.web.servlet.theme.FixedThemeResolver@2c6d170e]
2015-07-03 10:35:09 DEBUG DefaultListableBeanFactory:450 - Creating instance of bean &apos;org.springframework.web.servlet.handler.BeanNameUrlHandlerMapping&apos;
2015-07-03 10:35:09 DEBUG BeanNameUrlHandlerMapping:71 - Looking for URL mappings in application context: org.springframework.web.context.support.GenericWebApplicationContext@76bfd849: startup date [Fri Jul 03 10:33:52 ICT 2015]; root of context hierarchy
2015-07-03 10:35:09 DEBUG BeanNameUrlHandlerMapping:86 - Rejected bean name &apos;configuration&apos;: no URL paths identified
2015-07-03 10:35:09 DEBUG BeanNameUrlHandlerMapping:86 - Rejected bean name &apos;logSimulatorController&apos;: no URL paths identified
2015-07-03 10:35:09 DEBUG BeanNameUrlHandlerMapping:86 - Rejected bean name &apos;logDAOHibernateImpl&apos;: no URL paths identified
2015-07-03 10:35:09 DEBUG BeanNameUrlHandlerMapping:86 - Rejected bean name &apos;logServiceImpl&apos;: no URL paths identified
2015-07-03 10:35:09 DEBUG BeanNameUrlHandlerMapping:86 - Rejected bean name &apos;logSimulatorServiceImpl&apos;: no URL paths identified
2015-07-03 10:35:09 DEBUG BeanNameUrlHandlerMapping:86 - Rejected bean name &apos;org.springframework.context.annotation.internalConfigurationAnnotationProcessor&apos;: no URL paths identified
2015-07-03 10:35:09 DEBUG BeanNameUrlHandlerMapping:86 - Rejected bean name &apos;org.springframework.context.annotation.internalAutowiredAnnotationProcessor&apos;: no URL paths identified
2015-07-03 10:35:09 DEBUG BeanNameUrlHandlerMapping:86 - Rejected bean name &apos;org.springframework.context.annotation.internalRequiredAnnotationProcessor&apos;: no URL paths identified
2015-07-03 10:35:09 DEBUG BeanNameUrlHandlerMapping:86 - Rejected bean name &apos;org.springframework.context.annotation.internalCommonAnnotationProcessor&apos;: no URL paths identified
2015-07-03 10:35:09 DEBUG BeanNameUrlHandlerMapping:86 - Rejected bean name &apos;org.springframework.context.annotation.internalPersistenceAnnotationProcessor&apos;: no URL paths identified
2015-07-03 10:35:09 DEBUG BeanNameUrlHandlerMapping:86 - Rejected bean name &apos;org.springframework.context.support.PropertySourcesPlaceholderConfigurer#0&apos;: no URL paths identified
2015-07-03 10:35:09 DEBUG BeanNameUrlHandlerMapping:86 - Rejected bean name &apos;robotCustomer1&apos;: no URL paths identified
2015-07-03 10:35:09 DEBUG BeanNameUrlHandlerMapping:86 - Rejected bean name &apos;robotCustomer2&apos;: no URL paths identified
2015-07-03 10:35:09 DEBUG BeanNameUrlHandlerMapping:86 - Rejected bean name &apos;org.springframework.web.servlet.view.InternalResourceViewResolver#0&apos;: no URL paths identified
2015-07-03 10:35:09 DEBUG BeanNameUrlHandlerMapping:86 - Rejected bean name &apos;dataSource&apos;: no URL paths identified
2015-07-03 10:35:09 DEBUG BeanNameUrlHandlerMapping:86 - Rejected bean name &apos;hibernate4AnnotatedSessionFactory&apos;: no URL paths identified
2015-07-03 10:35:09 DEBUG BeanNameUrlHandlerMapping:86 - Rejected bean name &apos;transactionManager&apos;: no URL paths identified
2015-07-03 10:35:09 DEBUG BeanNameUrlHandlerMapping:86 - Rejected bean name &apos;org.springframework.context.annotation.ConfigurationClassPostProcessor.importAwareProcessor&apos;: no URL paths identified
2015-07-03 10:35:09 DEBUG BeanNameUrlHandlerMapping:86 - Rejected bean name &apos;org.springframework.context.annotation.ConfigurationClassPostProcessor.enhancedConfigurationProcessor&apos;: no URL paths identified
2015-07-03 10:35:09 DEBUG BeanNameUrlHandlerMapping:86 - Rejected bean name &apos;org.springframework.transaction.annotation.ProxyTransactionManagementConfiguration&apos;: no URL paths identified
2015-07-03 10:35:09 DEBUG BeanNameUrlHandlerMapping:86 - Rejected bean name &apos;org.springframework.transaction.config.internalTransactionAdvisor&apos;: no URL paths identified
2015-07-03 10:35:09 DEBUG BeanNameUrlHandlerMapping:86 - Rejected bean name &apos;transactionAttributeSource&apos;: no URL paths identified
2015-07-03 10:35:09 DEBUG BeanNameUrlHandlerMapping:86 - Rejected bean name &apos;transactionInterceptor&apos;: no URL paths identified
2015-07-03 10:35:09 DEBUG BeanNameUrlHandlerMapping:86 - Rejected bean name &apos;org.springframework.aop.config.internalAutoProxyCreator&apos;: no URL paths identified
2015-07-03 10:35:09 DEBUG BeanNameUrlHandlerMapping:86 - Rejected bean name &apos;environment&apos;: no URL paths identified
2015-07-03 10:35:09 DEBUG BeanNameUrlHandlerMapping:86 - Rejected bean name &apos;systemProperties&apos;: no URL paths identified
2015-07-03 10:35:09 DEBUG BeanNameUrlHandlerMapping:86 - Rejected bean name &apos;systemEnvironment&apos;: no URL paths identified
2015-07-03 10:35:09 DEBUG BeanNameUrlHandlerMapping:86 - Rejected bean name &apos;servletContext&apos;: no URL paths identified
2015-07-03 10:35:09 DEBUG BeanNameUrlHandlerMapping:86 - Rejected bean name &apos;contextParameters&apos;: no URL paths identified
2015-07-03 10:35:09 DEBUG BeanNameUrlHandlerMapping:86 - Rejected bean name &apos;contextAttributes&apos;: no URL paths identified
2015-07-03 10:35:09 DEBUG BeanNameUrlHandlerMapping:86 - Rejected bean name &apos;org.springframework.context.annotation.ConfigurationClassPostProcessor.importRegistry&apos;: no URL paths identified
2015-07-03 10:35:09 DEBUG BeanNameUrlHandlerMapping:86 - Rejected bean name &apos;messageSource&apos;: no URL paths identified
2015-07-03 10:35:09 DEBUG BeanNameUrlHandlerMapping:86 - Rejected bean name &apos;applicationEventMulticaster&apos;: no URL paths identified
2015-07-03 10:35:09 DEBUG BeanNameUrlHandlerMapping:86 - Rejected bean name &apos;lifecycleProcessor&apos;: no URL paths identified
2015-07-03 10:35:09 DEBUG DefaultListableBeanFactory:247 - Returning cached instance of singleton bean &apos;org.springframework.transaction.config.internalTransactionAdvisor&apos;
2015-07-03 10:35:09 DEBUG DefaultListableBeanFactory:478 - Finished creating instance of bean &apos;org.springframework.web.servlet.handler.BeanNameUrlHandlerMapping&apos;
2015-07-03 10:35:09 DEBUG DefaultListableBeanFactory:450 - Creating instance of bean &apos;org.springframework.web.servlet.mvc.annotation.DefaultAnnotationHandlerMapping&apos;
2015-07-03 10:35:09 DEBUG DefaultAnnotationHandlerMapping:71 - Looking for URL mappings in application context: org.springframework.web.context.support.GenericWebApplicationContext@76bfd849: startup date [Fri Jul 03 10:33:52 ICT 2015]; root of context hierarchy
2015-07-03 10:35:09 DEBUG DefaultAnnotationHandlerMapping:86 - Rejected bean name &apos;configuration&apos;: no URL paths identified
2015-07-03 10:35:09 DEBUG DefaultListableBeanFactory:247 - Returning cached instance of singleton bean &apos;logSimulatorController&apos;
2015-07-03 10:35:09 INFO  DefaultAnnotationHandlerMapping:315 - Mapped URL path [//generateLog] onto handler &apos;logSimulatorController&apos;
2015-07-03 10:35:09 DEBUG DefaultListableBeanFactory:247 - Returning cached instance of singleton bean &apos;logSimulatorController&apos;
2015-07-03 10:35:09 INFO  DefaultAnnotationHandlerMapping:315 - Mapped URL path [//generateLog.*] onto handler &apos;logSimulatorController&apos;
2015-07-03 10:35:09 DEBUG DefaultListableBeanFactory:247 - Returning cached instance of singleton bean &apos;logSimulatorController&apos;
2015-07-03 10:35:09 INFO  DefaultAnnotationHandlerMapping:315 - Mapped URL path [//generateLog/] onto handler &apos;logSimulatorController&apos;
2015-07-03 10:35:09 DEBUG DefaultListableBeanFactory:247 - Returning cached instance of singleton bean &apos;logSimulatorController&apos;
2015-07-03 10:35:09 INFO  DefaultAnnotationHandlerMapping:302 - Root mapping to handler &apos;logSimulatorController&apos;
2015-07-03 10:35:09 DEBUG DefaultAnnotationHandlerMapping:86 - Rejected bean name &apos;logDAOHibernateImpl&apos;: no URL paths identified
2015-07-03 10:35:09 DEBUG DefaultAnnotationHandlerMapping:86 - Rejected bean name &apos;logServiceImpl&apos;: no URL paths identified
2015-07-03 10:35:09 DEBUG DefaultAnnotationHandlerMapping:86 - Rejected bean name &apos;logSimulatorServiceImpl&apos;: no URL paths identified
2015-07-03 10:35:09 DEBUG DefaultAnnotationHandlerMapping:86 - Rejected bean name &apos;org.springframework.context.annotation.internalConfigurationAnnotationProcessor&apos;: no URL paths identified
2015-07-03 10:35:09 DEBUG DefaultAnnotationHandlerMapping:86 - Rejected bean name &apos;org.springframework.context.annotation.internalAutowiredAnnotationProcessor&apos;: no URL paths identified
2015-07-03 10:35:09 DEBUG DefaultAnnotationHandlerMapping:86 - Rejected bean name &apos;org.springframework.context.annotation.internalRequiredAnnotationProcessor&apos;: no URL paths identified
2015-07-03 10:35:09 DEBUG DefaultAnnotationHandlerMapping:86 - Rejected bean name &apos;org.springframework.context.annotation.internalCommonAnnotationProcessor&apos;: no URL paths identified
2015-07-03 10:35:09 DEBUG DefaultAnnotationHandlerMapping:86 - Rejected bean name &apos;org.springframework.context.annotation.internalPersistenceAnnotationProcessor&apos;: no URL paths identified
2015-07-03 10:35:09 DEBUG DefaultAnnotationHandlerMapping:86 - Rejected bean name &apos;org.springframework.context.support.PropertySourcesPlaceholderConfigurer#0&apos;: no URL paths identified
2015-07-03 10:35:09 DEBUG DefaultAnnotationHandlerMapping:86 - Rejected bean name &apos;robotCustomer1&apos;: no URL paths identified
2015-07-03 10:35:09 DEBUG DefaultAnnotationHandlerMapping:86 - Rejected bean name &apos;robotCustomer2&apos;: no URL paths identified
2015-07-03 10:35:09 DEBUG DefaultAnnotationHandlerMapping:86 - Rejected bean name &apos;org.springframework.web.servlet.view.InternalResourceViewResolver#0&apos;: no URL paths identified
2015-07-03 10:35:09 DEBUG DefaultAnnotationHandlerMapping:86 - Rejected bean name &apos;dataSource&apos;: no URL paths identified
2015-07-03 10:35:09 DEBUG DefaultAnnotationHandlerMapping:86 - Rejected bean name &apos;hibernate4AnnotatedSessionFactory&apos;: no URL paths identified
2015-07-03 10:35:09 DEBUG DefaultAnnotationHandlerMapping:86 - Rejected bean name &apos;transactionManager&apos;: no URL paths identified
2015-07-03 10:35:09 DEBUG DefaultAnnotationHandlerMapping:86 - Rejected bean name &apos;org.springframework.context.annotation.ConfigurationClassPostProcessor.importAwareProcessor&apos;: no URL paths identified
2015-07-03 10:35:09 DEBUG DefaultAnnotationHandlerMapping:86 - Rejected bean name &apos;org.springframework.context.annotation.ConfigurationClassPostProcessor.enhancedConfigurationProcessor&apos;: no URL paths identified
2015-07-03 10:35:09 DEBUG DefaultAnnotationHandlerMapping:86 - Rejected bean name &apos;org.springframework.transaction.annotation.ProxyTransactionManagementConfiguration&apos;: no URL paths identified
2015-07-03 10:35:09 DEBUG DefaultAnnotationHandlerMapping:86 - Rejected bean name &apos;org.springframework.transaction.config.internalTransactionAdvisor&apos;: no URL paths identified
2015-07-03 10:35:09 DEBUG DefaultAnnotationHandlerMapping:86 - Rejected bean name &apos;transactionAttributeSource&apos;: no URL paths identified
2015-07-03 10:35:09 DEBUG DefaultAnnotationHandlerMapping:86 - Rejected bean name &apos;transactionInterceptor&apos;: no URL paths identified
2015-07-03 10:35:09 DEBUG DefaultAnnotationHandlerMapping:86 - Rejected bean name &apos;org.springframework.aop.config.internalAutoProxyCreator&apos;: no URL paths identified
2015-07-03 10:35:09 DEBUG DefaultAnnotationHandlerMapping:86 - Rejected bean name &apos;environment&apos;: no URL paths identified
2015-07-03 10:35:09 DEBUG DefaultAnnotationHandlerMapping:86 - Rejected bean name &apos;systemProperties&apos;: no URL paths identified
2015-07-03 10:35:09 DEBUG DefaultAnnotationHandlerMapping:86 - Rejected bean name &apos;systemEnvironment&apos;: no URL paths identified
2015-07-03 10:35:09 DEBUG DefaultAnnotationHandlerMapping:86 - Rejected bean name &apos;servletContext&apos;: no URL paths identified
2015-07-03 10:35:09 DEBUG DefaultAnnotationHandlerMapping:86 - Rejected bean name &apos;contextParameters&apos;: no URL paths identified
2015-07-03 10:35:09 DEBUG DefaultAnnotationHandlerMapping:86 - Rejected bean name &apos;contextAttributes&apos;: no URL paths identified
2015-07-03 10:35:09 DEBUG DefaultAnnotationHandlerMapping:86 - Rejected bean name &apos;org.springframework.context.annotation.ConfigurationClassPostProcessor.importRegistry&apos;: no URL paths identified
2015-07-03 10:35:09 DEBUG DefaultAnnotationHandlerMapping:86 - Rejected bean name &apos;messageSource&apos;: no URL paths identified
2015-07-03 10:35:09 DEBUG DefaultAnnotationHandlerMapping:86 - Rejected bean name &apos;applicationEventMulticaster&apos;: no URL paths identified
2015-07-03 10:35:09 DEBUG DefaultAnnotationHandlerMapping:86 - Rejected bean name &apos;lifecycleProcessor&apos;: no URL paths identified
2015-07-03 10:35:09 DEBUG DefaultListableBeanFactory:247 - Returning cached instance of singleton bean &apos;org.springframework.transaction.config.internalTransactionAdvisor&apos;
2015-07-03 10:35:09 DEBUG DefaultListableBeanFactory:478 - Finished creating instance of bean &apos;org.springframework.web.servlet.mvc.annotation.DefaultAnnotationHandlerMapping&apos;
2015-07-03 10:35:09 DEBUG TestDispatcherServlet:574 - No HandlerMappings found in servlet &apos;&apos;: using default
2015-07-03 10:35:09 DEBUG DefaultListableBeanFactory:450 - Creating instance of bean &apos;org.springframework.web.servlet.mvc.HttpRequestHandlerAdapter&apos;
2015-07-03 10:35:09 DEBUG DefaultListableBeanFactory:247 - Returning cached instance of singleton bean &apos;org.springframework.transaction.config.internalTransactionAdvisor&apos;
2015-07-03 10:35:09 DEBUG DefaultListableBeanFactory:478 - Finished creating instance of bean &apos;org.springframework.web.servlet.mvc.HttpRequestHandlerAdapter&apos;
2015-07-03 10:35:09 DEBUG DefaultListableBeanFactory:450 - Creating instance of bean &apos;org.springframework.web.servlet.mvc.SimpleControllerHandlerAdapter&apos;
2015-07-03 10:35:09 DEBUG DefaultListableBeanFactory:247 - Returning cached instance of singleton bean &apos;org.springframework.transaction.config.internalTransactionAdvisor&apos;
2015-07-03 10:35:09 DEBUG DefaultListableBeanFactory:478 - Finished creating instance of bean &apos;org.springframework.web.servlet.mvc.SimpleControllerHandlerAdapter&apos;
2015-07-03 10:35:09 DEBUG DefaultListableBeanFactory:450 - Creating instance of bean &apos;org.springframework.web.servlet.mvc.annotation.AnnotationMethodHandlerAdapter&apos;
2015-07-03 10:35:09 DEBUG DefaultListableBeanFactory:247 - Returning cached instance of singleton bean &apos;org.springframework.transaction.config.internalTransactionAdvisor&apos;
2015-07-03 10:35:09 DEBUG DefaultListableBeanFactory:478 - Finished creating instance of bean &apos;org.springframework.web.servlet.mvc.annotation.AnnotationMethodHandlerAdapter&apos;
2015-07-03 10:35:09 DEBUG TestDispatcherServlet:612 - No HandlerAdapters found in servlet &apos;&apos;: using default
2015-07-03 10:35:09 DEBUG DefaultListableBeanFactory:450 - Creating instance of bean &apos;org.springframework.web.servlet.mvc.annotation.AnnotationMethodHandlerExceptionResolver&apos;
2015-07-03 10:35:09 DEBUG DefaultListableBeanFactory:247 - Returning cached instance of singleton bean &apos;org.springframework.transaction.config.internalTransactionAdvisor&apos;
2015-07-03 10:35:09 DEBUG DefaultListableBeanFactory:478 - Finished creating instance of bean &apos;org.springframework.web.servlet.mvc.annotation.AnnotationMethodHandlerExceptionResolver&apos;
2015-07-03 10:35:09 DEBUG DefaultListableBeanFactory:450 - Creating instance of bean &apos;org.springframework.web.servlet.mvc.annotation.ResponseStatusExceptionResolver&apos;
2015-07-03 10:35:09 DEBUG DefaultListableBeanFactory:247 - Returning cached instance of singleton bean &apos;org.springframework.transaction.config.internalTransactionAdvisor&apos;
2015-07-03 10:35:09 DEBUG DefaultListableBeanFactory:478 - Finished creating instance of bean &apos;org.springframework.web.servlet.mvc.annotation.ResponseStatusExceptionResolver&apos;
2015-07-03 10:35:09 DEBUG DefaultListableBeanFactory:450 - Creating instance of bean &apos;org.springframework.web.servlet.mvc.support.DefaultHandlerExceptionResolver&apos;
2015-07-03 10:35:09 DEBUG DefaultListableBeanFactory:247 - Returning cached instance of singleton bean &apos;org.springframework.transaction.config.internalTransactionAdvisor&apos;
2015-07-03 10:35:09 DEBUG DefaultListableBeanFactory:478 - Finished creating instance of bean &apos;org.springframework.web.servlet.mvc.support.DefaultHandlerExceptionResolver&apos;
2015-07-03 10:35:09 DEBUG TestDispatcherServlet:651 - No HandlerExceptionResolvers found in servlet &apos;&apos;: using default
2015-07-03 10:35:09 DEBUG DefaultListableBeanFactory:450 - Creating instance of bean &apos;org.springframework.web.servlet.view.DefaultRequestToViewNameTranslator&apos;
2015-07-03 10:35:09 DEBUG DefaultListableBeanFactory:247 - Returning cached instance of singleton bean &apos;org.springframework.transaction.config.internalTransactionAdvisor&apos;
2015-07-03 10:35:09 DEBUG DefaultListableBeanFactory:478 - Finished creating instance of bean &apos;org.springframework.web.servlet.view.DefaultRequestToViewNameTranslator&apos;
2015-07-03 10:35:09 DEBUG TestDispatcherServlet:672 - Unable to locate RequestToViewNameTranslator with name &apos;viewNameTranslator&apos;: using default [org.springframework.web.servlet.view.DefaultRequestToViewNameTranslator@ea05be]
2015-07-03 10:35:09 DEBUG DefaultListableBeanFactory:247 - Returning cached instance of singleton bean &apos;org.springframework.web.servlet.view.InternalResourceViewResolver#0&apos;
2015-07-03 10:35:09 DEBUG DefaultListableBeanFactory:450 - Creating instance of bean &apos;org.springframework.web.servlet.support.SessionFlashMapManager&apos;
2015-07-03 10:35:09 DEBUG DefaultListableBeanFactory:247 - Returning cached instance of singleton bean &apos;org.springframework.transaction.config.internalTransactionAdvisor&apos;
2015-07-03 10:35:09 DEBUG DefaultListableBeanFactory:478 - Finished creating instance of bean &apos;org.springframework.web.servlet.support.SessionFlashMapManager&apos;
2015-07-03 10:35:09 DEBUG TestDispatcherServlet:734 - Unable to locate FlashMapManager with name &apos;flashMapManager&apos;: using default [org.springframework.web.servlet.support.SessionFlashMapManager@20506187]
2015-07-03 10:35:09 DEBUG TestDispatcherServlet:563 - Published WebApplicationContext of servlet &apos;&apos; as ServletContext attribute with name [org.springframework.web.servlet.FrameworkServlet.CONTEXT.]
2015-07-03 10:35:09 INFO  TestDispatcherServlet:503 - FrameworkServlet &apos;&apos;: initialization completed in 194 ms
2015-07-03 10:35:09 DEBUG TestDispatcherServlet:139 - Servlet &apos;&apos; configured successfully
2015-07-03 10:35:09 DEBUG TestDispatcherServlet:845 - DispatcherServlet with name &apos;&apos; processing GET request for [/]
2015-07-03 10:35:09 DEBUG DefaultAnnotationHandlerMapping:124 - Mapping [/] to HandlerExecutionChain with handler [com.ascend.tmn.scouter.controller.LogSimulatorController@6ce52a2e] and 1 interceptor
2015-07-03 10:35:09 DEBUG TestDispatcherServlet:931 - Last-Modified value for [/] is: -1
2015-07-03 10:35:09 DEBUG HandlerMethodInvoker:172 - Invoking request handler method: public java.lang.String com.ascend.tmn.scouter.controller.LogSimulatorController.printWelcome(org.springframework.ui.ModelMap)
2015-07-03 10:35:09 DEBUG DefaultListableBeanFactory:1610 - Invoking afterPropertiesSet() on bean with name &apos;index&apos;
2015-07-03 10:35:09 DEBUG DefaultListableBeanFactory:247 - Returning cached instance of singleton bean &apos;org.springframework.transaction.config.internalTransactionAdvisor&apos;
2015-07-03 10:35:09 DEBUG TestDispatcherServlet:1225 - Rendering view [org.springframework.web.servlet.view.JstlView: name &apos;index&apos;; URL [/WEB-INF/pages/index.jsp]] in DispatcherServlet with name &apos;&apos;
2015-07-03 10:35:09 DEBUG JstlView:170 - Forwarding to resource [/WEB-INF/pages/index.jsp] in InternalResourceView &apos;index&apos;
2015-07-03 10:35:09 DEBUG MockRequestDispatcher:67 - MockRequestDispatcher: forwarding to [/WEB-INF/pages/index.jsp]
2015-07-03 10:35:09 DEBUG TestDispatcherServlet:996 - Successfully completed request
2015-07-03 10:35:09 DEBUG DirtiesContextTestExecutionListener:85 - After test method: context [DefaultTestContext@6dd79bd9 testClass = AppTests, testInstance = com.ascend.tmn.scouter.AppTests@6638fbe5, testMethod = simple@AppTests, testException = java.lang.AssertionError: View name expected:&lt;hello&gt; but was:&lt;index&gt;, mergedContextConfiguration = [WebMergedContextConfiguration@56911387 testClass = AppTests, locations = &apos;{file:src/main/webapp/WEB-INF/mvc-dispatcher-servlet.xml}&apos;, classes = &apos;{}&apos;, contextInitializerClasses = &apos;[]&apos;, activeProfiles = &apos;{}&apos;, propertySourceLocations = &apos;{}&apos;, propertySourceProperties = &apos;{}&apos;, resourceBasePath = &apos;src/main/webapp&apos;, contextLoader = &apos;org.springframework.test.context.web.WebDelegatingSmartContextLoader&apos;, parent = [null]]], class dirties context [false], class mode [null], method dirties context [false].
2015-07-03 10:35:09 DEBUG ServletTestExecutionListener:146 - Resetting RequestContextHolder for test context [DefaultTestContext@6dd79bd9 testClass = AppTests, testInstance = com.ascend.tmn.scouter.AppTests@6638fbe5, testMethod = simple@AppTests, testException = java.lang.AssertionError: View name expected:&lt;hello&gt; but was:&lt;index&gt;, mergedContextConfiguration = [WebMergedContextConfiguration@56911387 testClass = AppTests, locations = &apos;{file:src/main/webapp/WEB-INF/mvc-dispatcher-servlet.xml}&apos;, classes = &apos;{}&apos;, contextInitializerClasses = &apos;[]&apos;, activeProfiles = &apos;{}&apos;, propertySourceLocations = &apos;{}&apos;, propertySourceProperties = &apos;{}&apos;, resourceBasePath = &apos;src/main/webapp&apos;, contextLoader = &apos;org.springframework.test.context.web.WebDelegatingSmartContextLoader&apos;, parent = [null]]].
</system-out>
  </testcase>
</testsuite>